{"numTotalTestSuites":57,"numPassedTestSuites":47,"numFailedTestSuites":10,"numPendingTestSuites":0,"numTotalTests":151,"numPassedTests":138,"numFailedTests":13,"numPendingTests":0,"numTodoTests":0,"snapshot":{"added":0,"failure":false,"filesAdded":0,"filesRemoved":0,"filesRemovedList":[],"filesUnmatched":0,"filesUpdated":0,"matched":0,"total":0,"unchecked":0,"uncheckedKeysByFile":[],"unmatched":0,"updated":0,"didUpdate":false},"startTime":1773267648534,"success":false,"testResults":[{"assertionResults":[{"ancestorTitles":["RetroQualityBanner"],"fullName":"RetroQualityBanner reloads persisted analysis when documentId changes","status":"passed","title":"reloads persisted analysis when documentId changes","duration":44.45466599999986,"failureMessages":[],"meta":{}}],"startTime":1773267652202,"endTime":1773267652246.4546,"status":"passed","message":"","name":"/Users/stefanocaruso/Desktop/Gauntlet/ShipShape/web/src/components/PlanQualityBanner.test.tsx"},{"assertionResults":[{"ancestorTitles":["useSelection","basic selection"],"fullName":"useSelection basic selection should start with no selection by default","status":"passed","title":"should start with no selection by default","duration":12.497124999999983,"failureMessages":[],"meta":{}},{"ancestorTitles":["useSelection","basic selection"],"fullName":"useSelection basic selection should toggle selection of a single item","status":"passed","title":"should toggle selection of a single item","duration":2.3134999999999764,"failureMessages":[],"meta":{}},{"ancestorTitles":["useSelection","basic selection"],"fullName":"useSelection basic selection should select all items","status":"passed","title":"should select all items","duration":5.407375000000002,"failureMessages":[],"meta":{}},{"ancestorTitles":["useSelection","basic selection"],"fullName":"useSelection basic selection should clear selection","status":"passed","title":"should clear selection","duration":1.8536249999999654,"failureMessages":[],"meta":{}},{"ancestorTitles":["useSelection","initialSelectedIds"],"fullName":"useSelection initialSelectedIds should restore selection from initialSelectedIds","status":"passed","title":"should restore selection from initialSelectedIds","duration":1.8831250000000637,"failureMessages":[],"meta":{}},{"ancestorTitles":["useSelection","initialSelectedIds"],"fullName":"useSelection initialSelectedIds should allow modifying restored selection","status":"passed","title":"should allow modifying restored selection","duration":0.6861249999999472,"failureMessages":[],"meta":{}},{"ancestorTitles":["useSelection","range selection"],"fullName":"useSelection range selection should select a range of items","status":"passed","title":"should select a range of items","duration":3.8656250000001364,"failureMessages":[],"meta":{}},{"ancestorTitles":["useSelection","focus management"],"fullName":"useSelection focus management should track focused item","status":"passed","title":"should track focused item","duration":4.082499999999982,"failureMessages":[],"meta":{}},{"ancestorTitles":["useSelection","focus management"],"fullName":"useSelection focus management should move focus with moveFocus","status":"passed","title":"should move focus with moveFocus","duration":5.863499999999931,"failureMessages":[],"meta":{}},{"ancestorTitles":["useSelection","focus management"],"fullName":"useSelection focus management should navigate to home and end","status":"passed","title":"should navigate to home and end","duration":0.7291250000000673,"failureMessages":[],"meta":{}},{"ancestorTitles":["useSelection","extend selection"],"fullName":"useSelection extend selection should extend selection with shift+arrow","status":"passed","title":"should extend selection with shift+arrow","duration":0.6739159999999629,"failureMessages":[],"meta":{}}],"startTime":1773267652246,"endTime":1773267652286.729,"status":"passed","message":"","name":"/Users/stefanocaruso/Desktop/Gauntlet/ShipShape/web/src/hooks/useSelection.test.ts"},{"assertionResults":[{"ancestorTitles":["useSessionTimeout","Initial State"],"fullName":"useSessionTimeout Initial State starts with showWarning = false","status":"passed","title":"starts with showWarning = false","duration":14.138166000000183,"failureMessages":[],"meta":{}},{"ancestorTitles":["useSessionTimeout","Initial State"],"fullName":"useSessionTimeout Initial State starts with timeRemaining = null when not warning","status":"passed","title":"starts with timeRemaining = null when not warning","duration":2.0995410000000447,"failureMessages":[],"meta":{}},{"ancestorTitles":["useSessionTimeout","Initial State"],"fullName":"useSessionTimeout Initial State starts tracking from current time on mount","status":"passed","title":"starts tracking from current time on mount","duration":1.6603749999999309,"failureMessages":[],"meta":{}},{"ancestorTitles":["useSessionTimeout","Inactivity Timer"],"fullName":"useSessionTimeout Inactivity Timer shows warning after 14 minutes of inactivity","status":"passed","title":"shows warning after 14 minutes of inactivity","duration":2.467250000000149,"failureMessages":[],"meta":{}},{"ancestorTitles":["useSessionTimeout","Inactivity Timer"],"fullName":"useSessionTimeout Inactivity Timer does NOT show warning before 14 minutes","status":"passed","title":"does NOT show warning before 14 minutes","duration":8.957167000000027,"failureMessages":[],"meta":{}},{"ancestorTitles":["useSessionTimeout","Inactivity Timer"],"fullName":"useSessionTimeout Inactivity Timer sets timeRemaining to 60 when warning appears","status":"passed","title":"sets timeRemaining to 60 when warning appears","duration":3.4198750000000473,"failureMessages":[],"meta":{}},{"ancestorTitles":["useSessionTimeout","Inactivity Timer"],"fullName":"useSessionTimeout Inactivity Timer decrements timeRemaining every second during warning","status":"passed","title":"decrements timeRemaining every second during warning","duration":3.4550829999998314,"failureMessages":[],"meta":{}},{"ancestorTitles":["useSessionTimeout","Inactivity Timer"],"fullName":"useSessionTimeout Inactivity Timer calls onTimeout when timeRemaining reaches 0","status":"passed","title":"calls onTimeout when timeRemaining reaches 0","duration":2.936166999999841,"failureMessages":[],"meta":{}},{"ancestorTitles":["useSessionTimeout","Inactivity Timer"],"fullName":"useSessionTimeout Inactivity Timer does NOT call onTimeout if dismissed before 0","status":"failed","title":"does NOT call onTimeout if dismissed before 0","duration":9.090124999999716,"failureMessages":["AssertionError: expected \"vi.fn()\" to not be called at all, but actually been called 1 times\n\nReceived: \n\n  1st vi.fn() call:\n\n    Array []\n\n\nNumber of calls: 1\n\n    at Proxy.<anonymous> (file:///Users/stefanocaruso/Desktop/Gauntlet/ShipShape/node_modules/.pnpm/@vitest+expect@4.0.17/node_modules/@vitest/expect/dist/index.js:1400:10)\n    at Proxy.<anonymous> (file:///Users/stefanocaruso/Desktop/Gauntlet/ShipShape/node_modules/.pnpm/@vitest+expect@4.0.17/node_modules/@vitest/expect/dist/index.js:1090:14)\n    at Proxy.methodWrapper (file:///Users/stefanocaruso/Desktop/Gauntlet/ShipShape/node_modules/.pnpm/chai@6.2.2/node_modules/chai/index.js:1700:25)\n    at /Users/stefanocaruso/Desktop/Gauntlet/ShipShape/web/src/hooks/useSessionTimeout.test.ts:170:29\n    at file:///Users/stefanocaruso/Desktop/Gauntlet/ShipShape/node_modules/.pnpm/@vitest+runner@4.0.17/node_modules/@vitest/runner/dist/index.js:915:20"],"meta":{}},{"ancestorTitles":["useSessionTimeout","Activity Reset"],"fullName":"useSessionTimeout Activity Reset resetTimer() hides warning modal","status":"passed","title":"resetTimer() hides warning modal","duration":2.537083000000166,"failureMessages":[],"meta":{}},{"ancestorTitles":["useSessionTimeout","Activity Reset"],"fullName":"useSessionTimeout Activity Reset resetTimer() resets lastActivity to now","status":"passed","title":"resetTimer() resets lastActivity to now","duration":11.325749999999971,"failureMessages":[],"meta":{}},{"ancestorTitles":["useSessionTimeout","Activity Reset"],"fullName":"useSessionTimeout Activity Reset after resetTimer(), warning appears 14 min later (not sooner)","status":"passed","title":"after resetTimer(), warning appears 14 min later (not sooner)","duration":1.5501250000002074,"failureMessages":[],"meta":{}},{"ancestorTitles":["useSessionTimeout","Activity Reset"],"fullName":"useSessionTimeout Activity Reset resetTimer() clears countdown interval","status":"passed","title":"resetTimer() clears countdown interval","duration":1.4229589999999916,"failureMessages":[],"meta":{}},{"ancestorTitles":["useSessionTimeout","Absolute Timeout"],"fullName":"useSessionTimeout Absolute Timeout shows absolute warning at 11:55 from session start","status":"passed","title":"shows absolute warning at 11:55 from session start","duration":135.67116699999997,"failureMessages":[],"meta":{}},{"ancestorTitles":["useSessionTimeout","Absolute Timeout"],"fullName":"useSessionTimeout Absolute Timeout absolute warning has 5-minute countdown","status":"passed","title":"absolute warning has 5-minute countdown","duration":72.220417,"failureMessages":[],"meta":{}},{"ancestorTitles":["useSessionTimeout","Absolute Timeout"],"fullName":"useSessionTimeout Absolute Timeout activity does NOT reset absolute timeout","status":"passed","title":"activity does NOT reset absolute timeout","duration":140.3110840000004,"failureMessages":[],"meta":{}},{"ancestorTitles":["useSessionTimeout","Absolute Timeout"],"fullName":"useSessionTimeout Absolute Timeout absolute timeout fires at 12 hours regardless of activity","status":"passed","title":"absolute timeout fires at 12 hours regardless of activity","duration":2.4139169999998558,"failureMessages":[],"meta":{}},{"ancestorTitles":["useSessionTimeout","Warning Type"],"fullName":"useSessionTimeout Warning Type inactivity warning has type = \"inactivity\"","status":"passed","title":"inactivity warning has type = \"inactivity\"","duration":0.9304999999999382,"failureMessages":[],"meta":{}},{"ancestorTitles":["useSessionTimeout","Warning Type"],"fullName":"useSessionTimeout Warning Type absolute warning has type = \"absolute\"","status":"passed","title":"absolute warning has type = \"absolute\"","duration":1.8577080000000024,"failureMessages":[],"meta":{}},{"ancestorTitles":["useSessionTimeout","Warning Type"],"fullName":"useSessionTimeout Warning Type inactivity warning takes precedence if both imminent","status":"passed","title":"inactivity warning takes precedence if both imminent","duration":3.78125,"failureMessages":[],"meta":{}},{"ancestorTitles":["useSessionTimeout","Event Listeners"],"fullName":"useSessionTimeout Event Listeners registers activity listeners on mount","status":"passed","title":"registers activity listeners on mount","duration":5.8152500000001055,"failureMessages":[],"meta":{}},{"ancestorTitles":["useSessionTimeout","Event Listeners"],"fullName":"useSessionTimeout Event Listeners removes activity listeners on unmount","status":"passed","title":"removes activity listeners on unmount","duration":1.2836669999996957,"failureMessages":[],"meta":{}},{"ancestorTitles":["useSessionTimeout","Event Listeners"],"fullName":"useSessionTimeout Event Listeners activity listener resets timer (throttled)","status":"passed","title":"activity listener resets timer (throttled)","duration":3.4058749999999236,"failureMessages":[],"meta":{}},{"ancestorTitles":["useSessionTimeout","Event Listeners"],"fullName":"useSessionTimeout Event Listeners activity events are throttled to max once per 30 seconds","status":"passed","title":"activity events are throttled to max once per 30 seconds","duration":38.41620799999964,"failureMessages":[],"meta":{}},{"ancestorTitles":["useSessionTimeout","Cleanup"],"fullName":"useSessionTimeout Cleanup clears all timers on unmount","status":"passed","title":"clears all timers on unmount","duration":2.165625000000091,"failureMessages":[],"meta":{}},{"ancestorTitles":["useSessionTimeout","Cleanup"],"fullName":"useSessionTimeout Cleanup clears interval when warning dismissed","status":"passed","title":"clears interval when warning dismissed","duration":10.761375000000044,"failureMessages":[],"meta":{}},{"ancestorTitles":["useSessionTimeout","Session Info Integration"],"fullName":"useSessionTimeout Session Info Integration fetches session info on mount","status":"passed","title":"fetches session info on mount","duration":3.3142499999999018,"failureMessages":[],"meta":{}},{"ancestorTitles":["useSessionTimeout","Session Info Integration"],"fullName":"useSessionTimeout Session Info Integration uses server createdAt for absolute timeout calculation","status":"passed","title":"uses server createdAt for absolute timeout calculation","duration":1.2589160000002266,"failureMessages":[],"meta":{}},{"ancestorTitles":["useSessionTimeout","Session Info Integration"],"fullName":"useSessionTimeout Session Info Integration handles session info fetch failure gracefully","status":"passed","title":"handles session info fetch failure gracefully","duration":3.0693750000000364,"failureMessages":[],"meta":{}},{"ancestorTitles":["useSessionTimeout - Edge Cases"],"fullName":"useSessionTimeout - Edge Cases handles time jump (computer wake from sleep)","status":"passed","title":"handles time jump (computer wake from sleep)","duration":2.9567500000002838,"failureMessages":[],"meta":{}},{"ancestorTitles":["useSessionTimeout - Edge Cases"],"fullName":"useSessionTimeout - Edge Cases handles rapid mount/unmount without errors","status":"passed","title":"handles rapid mount/unmount without errors","duration":14.95679199999995,"failureMessages":[],"meta":{}},{"ancestorTitles":["useSessionTimeout - Edge Cases"],"fullName":"useSessionTimeout - Edge Cases handles resetTimer called when not showing warning","status":"passed","title":"handles resetTimer called when not showing warning","duration":1.016084000000319,"failureMessages":[],"meta":{}},{"ancestorTitles":["useSessionTimeout - Edge Cases"],"fullName":"useSessionTimeout - Edge Cases handles multiple resetTimer calls in quick succession","status":"passed","title":"handles multiple resetTimer calls in quick succession","duration":1.195542000000387,"failureMessages":[],"meta":{}},{"ancestorTitles":["useSessionTimeout - Edge Cases"],"fullName":"useSessionTimeout - Edge Cases survives component re-render without resetting timer","status":"passed","title":"survives component re-render without resetting timer","duration":1.9779159999998228,"failureMessages":[],"meta":{}}],"startTime":1773267650989,"endTime":1773267651504.978,"status":"failed","message":"","name":"/Users/stefanocaruso/Desktop/Gauntlet/ShipShape/web/src/hooks/useSessionTimeout.test.ts"},{"assertionResults":[{"ancestorTitles":["accountability helpers"],"fullName":"accountability helpers maps weekly accountability types to weekly document kinds","status":"passed","title":"maps weekly accountability types to weekly document kinds","duration":0.7833329999999705,"failureMessages":[],"meta":{}},{"ancestorTitles":["accountability helpers"],"fullName":"accountability helpers contains shared labels for all accountability item variants","status":"passed","title":"contains shared labels for all accountability item variants","duration":0.17133300000000418,"failureMessages":[],"meta":{}},{"ancestorTitles":["accountability helpers"],"fullName":"accountability helpers detects whether an accountability type creates a weekly document","status":"passed","title":"detects whether an accountability type creates a weekly document","duration":0.14954199999999673,"failureMessages":[],"meta":{}},{"ancestorTitles":["accountability helpers"],"fullName":"accountability helpers creates plan documents using the weekly plans endpoint","status":"passed","title":"creates plan documents using the weekly plans endpoint","duration":1.0426250000000437,"failureMessages":[],"meta":{}},{"ancestorTitles":["accountability helpers"],"fullName":"accountability helpers creates retro documents using the weekly retros endpoint","status":"passed","title":"creates retro documents using the weekly retros endpoint","duration":0.20199999999999818,"failureMessages":[],"meta":{}},{"ancestorTitles":["accountability helpers"],"fullName":"accountability helpers returns null when weekly document creation fails","status":"passed","title":"returns null when weekly document creation fails","duration":0.05375000000003638,"failureMessages":[],"meta":{}},{"ancestorTitles":["accountability helpers"],"fullName":"accountability helpers formats due date labels for overdue, due today, and upcoming items","status":"passed","title":"formats due date labels for overdue, due today, and upcoming items","duration":72.753875,"failureMessages":[],"meta":{}}],"startTime":1773267652188,"endTime":1773267652263.754,"status":"passed","message":"","name":"/Users/stefanocaruso/Desktop/Gauntlet/ShipShape/web/src/lib/accountability.test.ts"},{"assertionResults":[{"ancestorTitles":["getTabsForDocumentType"],"fullName":"getTabsForDocumentType returns tabs for project documents","status":"failed","title":"returns tabs for project documents","duration":4.833833999999797,"failureMessages":["AssertionError: expected [ 'issues', 'details', 'weeks', …(1) ] to include 'sprints'\n    at Proxy.<anonymous> (file:///Users/stefanocaruso/Desktop/Gauntlet/ShipShape/node_modules/.pnpm/@vitest+expect@4.0.17/node_modules/@vitest/expect/dist/index.js:1252:15)\n    at Proxy.<anonymous> (file:///Users/stefanocaruso/Desktop/Gauntlet/ShipShape/node_modules/.pnpm/@vitest+expect@4.0.17/node_modules/@vitest/expect/dist/index.js:1090:14)\n    at Proxy.methodWrapper (file:///Users/stefanocaruso/Desktop/Gauntlet/ShipShape/node_modules/.pnpm/chai@6.2.2/node_modules/chai/index.js:1700:25)\n    at /Users/stefanocaruso/Desktop/Gauntlet/ShipShape/web/src/lib/document-tabs.test.ts:25:33\n    at file:///Users/stefanocaruso/Desktop/Gauntlet/ShipShape/node_modules/.pnpm/@vitest+runner@4.0.17/node_modules/@vitest/runner/dist/index.js:145:11\n    at file:///Users/stefanocaruso/Desktop/Gauntlet/ShipShape/node_modules/.pnpm/@vitest+runner@4.0.17/node_modules/@vitest/runner/dist/index.js:915:26\n    at file:///Users/stefanocaruso/Desktop/Gauntlet/ShipShape/node_modules/.pnpm/@vitest+runner@4.0.17/node_modules/@vitest/runner/dist/index.js:1243:20\n    at new Promise (<anonymous>)\n    at runWithTimeout (file:///Users/stefanocaruso/Desktop/Gauntlet/ShipShape/node_modules/.pnpm/@vitest+runner@4.0.17/node_modules/@vitest/runner/dist/index.js:1209:10)\n    at file:///Users/stefanocaruso/Desktop/Gauntlet/ShipShape/node_modules/.pnpm/@vitest+runner@4.0.17/node_modules/@vitest/runner/dist/index.js:1653:37"],"meta":{}},{"ancestorTitles":["getTabsForDocumentType"],"fullName":"getTabsForDocumentType returns tabs for program documents","status":"failed","title":"returns tabs for program documents","duration":0.7732500000001892,"failureMessages":["AssertionError: expected [ 'overview', 'issues', …(2) ] to include 'sprints'\n    at Proxy.<anonymous> (file:///Users/stefanocaruso/Desktop/Gauntlet/ShipShape/node_modules/.pnpm/@vitest+expect@4.0.17/node_modules/@vitest/expect/dist/index.js:1252:15)\n    at Proxy.<anonymous> (file:///Users/stefanocaruso/Desktop/Gauntlet/ShipShape/node_modules/.pnpm/@vitest+expect@4.0.17/node_modules/@vitest/expect/dist/index.js:1090:14)\n    at Proxy.methodWrapper (file:///Users/stefanocaruso/Desktop/Gauntlet/ShipShape/node_modules/.pnpm/chai@6.2.2/node_modules/chai/index.js:1700:25)\n    at /Users/stefanocaruso/Desktop/Gauntlet/ShipShape/web/src/lib/document-tabs.test.ts:34:33\n    at file:///Users/stefanocaruso/Desktop/Gauntlet/ShipShape/node_modules/.pnpm/@vitest+runner@4.0.17/node_modules/@vitest/runner/dist/index.js:145:11\n    at file:///Users/stefanocaruso/Desktop/Gauntlet/ShipShape/node_modules/.pnpm/@vitest+runner@4.0.17/node_modules/@vitest/runner/dist/index.js:915:26\n    at file:///Users/stefanocaruso/Desktop/Gauntlet/ShipShape/node_modules/.pnpm/@vitest+runner@4.0.17/node_modules/@vitest/runner/dist/index.js:1243:20\n    at new Promise (<anonymous>)\n    at runWithTimeout (file:///Users/stefanocaruso/Desktop/Gauntlet/ShipShape/node_modules/.pnpm/@vitest+runner@4.0.17/node_modules/@vitest/runner/dist/index.js:1209:10)\n    at file:///Users/stefanocaruso/Desktop/Gauntlet/ShipShape/node_modules/.pnpm/@vitest+runner@4.0.17/node_modules/@vitest/runner/dist/index.js:1653:37"],"meta":{}},{"ancestorTitles":["getTabsForDocumentType"],"fullName":"getTabsForDocumentType returns empty array for wiki documents (no tabs)","status":"passed","title":"returns empty array for wiki documents (no tabs)","duration":0.49283300000001873,"failureMessages":[],"meta":{}},{"ancestorTitles":["getTabsForDocumentType"],"fullName":"getTabsForDocumentType returns empty array for issue documents (no tabs)","status":"passed","title":"returns empty array for issue documents (no tabs)","duration":0.07024999999998727,"failureMessages":[],"meta":{}},{"ancestorTitles":["getTabsForDocumentType"],"fullName":"getTabsForDocumentType returns empty array for sprint documents (no tabs)","status":"failed","title":"returns empty array for sprint documents (no tabs)","duration":90.23949999999968,"failureMessages":["AssertionError: expected [ { id: 'overview', …(2) }, …(3) ] to deeply equal []\n    at /Users/stefanocaruso/Desktop/Gauntlet/ShipShape/web/src/lib/document-tabs.test.ts:49:18\n    at file:///Users/stefanocaruso/Desktop/Gauntlet/ShipShape/node_modules/.pnpm/@vitest+runner@4.0.17/node_modules/@vitest/runner/dist/index.js:145:11\n    at file:///Users/stefanocaruso/Desktop/Gauntlet/ShipShape/node_modules/.pnpm/@vitest+runner@4.0.17/node_modules/@vitest/runner/dist/index.js:915:26\n    at file:///Users/stefanocaruso/Desktop/Gauntlet/ShipShape/node_modules/.pnpm/@vitest+runner@4.0.17/node_modules/@vitest/runner/dist/index.js:1243:20\n    at new Promise (<anonymous>)\n    at runWithTimeout (file:///Users/stefanocaruso/Desktop/Gauntlet/ShipShape/node_modules/.pnpm/@vitest+runner@4.0.17/node_modules/@vitest/runner/dist/index.js:1209:10)\n    at file:///Users/stefanocaruso/Desktop/Gauntlet/ShipShape/node_modules/.pnpm/@vitest+runner@4.0.17/node_modules/@vitest/runner/dist/index.js:1653:37\n    at Traces.$ (file:///Users/stefanocaruso/Desktop/Gauntlet/ShipShape/node_modules/.pnpm/vitest@4.0.17_@types+node@22.19.5_@vitest+ui@4.0.17_jiti@1.21.7_jsdom@27.4.0_terser@5.44.1_tsx@4.21.0_yaml@2.8.2/node_modules/vitest/dist/chunks/traces.CCmnQaNT.js:142:27)\n    at trace (file:///Users/stefanocaruso/Desktop/Gauntlet/ShipShape/node_modules/.pnpm/vitest@4.0.17_@types+node@22.19.5_@vitest+ui@4.0.17_jiti@1.21.7_jsdom@27.4.0_terser@5.44.1_tsx@4.21.0_yaml@2.8.2/node_modules/vitest/dist/chunks/test.B8ej_ZHS.js:239:21)\n    at runTest (file:///Users/stefanocaruso/Desktop/Gauntlet/ShipShape/node_modules/.pnpm/@vitest+runner@4.0.17/node_modules/@vitest/runner/dist/index.js:1653:12)"],"meta":{}},{"ancestorTitles":["getTabsForDocumentType"],"fullName":"getTabsForDocumentType returns empty array for unknown document types","status":"passed","title":"returns empty array for unknown document types","duration":0.4210419999999431,"failureMessages":[],"meta":{}},{"ancestorTitles":["documentTypeHasTabs"],"fullName":"documentTypeHasTabs returns true for project documents","status":"passed","title":"returns true for project documents","duration":0.4091670000002523,"failureMessages":[],"meta":{}},{"ancestorTitles":["documentTypeHasTabs"],"fullName":"documentTypeHasTabs returns true for program documents","status":"passed","title":"returns true for program documents","duration":0.20675000000028376,"failureMessages":[],"meta":{}},{"ancestorTitles":["documentTypeHasTabs"],"fullName":"documentTypeHasTabs returns false for wiki documents","status":"passed","title":"returns false for wiki documents","duration":0.3717079999996713,"failureMessages":[],"meta":{}},{"ancestorTitles":["documentTypeHasTabs"],"fullName":"documentTypeHasTabs returns false for issue documents","status":"passed","title":"returns false for issue documents","duration":0.12437499999987267,"failureMessages":[],"meta":{}},{"ancestorTitles":["documentTypeHasTabs"],"fullName":"documentTypeHasTabs returns false for sprint documents","status":"failed","title":"returns false for sprint documents","duration":1.4962920000002669,"failureMessages":["AssertionError: expected true to be false // Object.is equality\n    at /Users/stefanocaruso/Desktop/Gauntlet/ShipShape/web/src/lib/document-tabs.test.ts:76:43\n    at file:///Users/stefanocaruso/Desktop/Gauntlet/ShipShape/node_modules/.pnpm/@vitest+runner@4.0.17/node_modules/@vitest/runner/dist/index.js:145:11\n    at file:///Users/stefanocaruso/Desktop/Gauntlet/ShipShape/node_modules/.pnpm/@vitest+runner@4.0.17/node_modules/@vitest/runner/dist/index.js:915:26\n    at file:///Users/stefanocaruso/Desktop/Gauntlet/ShipShape/node_modules/.pnpm/@vitest+runner@4.0.17/node_modules/@vitest/runner/dist/index.js:1243:20\n    at new Promise (<anonymous>)\n    at runWithTimeout (file:///Users/stefanocaruso/Desktop/Gauntlet/ShipShape/node_modules/.pnpm/@vitest+runner@4.0.17/node_modules/@vitest/runner/dist/index.js:1209:10)\n    at file:///Users/stefanocaruso/Desktop/Gauntlet/ShipShape/node_modules/.pnpm/@vitest+runner@4.0.17/node_modules/@vitest/runner/dist/index.js:1653:37\n    at Traces.$ (file:///Users/stefanocaruso/Desktop/Gauntlet/ShipShape/node_modules/.pnpm/vitest@4.0.17_@types+node@22.19.5_@vitest+ui@4.0.17_jiti@1.21.7_jsdom@27.4.0_terser@5.44.1_tsx@4.21.0_yaml@2.8.2/node_modules/vitest/dist/chunks/traces.CCmnQaNT.js:142:27)\n    at trace (file:///Users/stefanocaruso/Desktop/Gauntlet/ShipShape/node_modules/.pnpm/vitest@4.0.17_@types+node@22.19.5_@vitest+ui@4.0.17_jiti@1.21.7_jsdom@27.4.0_terser@5.44.1_tsx@4.21.0_yaml@2.8.2/node_modules/vitest/dist/chunks/test.B8ej_ZHS.js:239:21)\n    at runTest (file:///Users/stefanocaruso/Desktop/Gauntlet/ShipShape/node_modules/.pnpm/@vitest+runner@4.0.17/node_modules/@vitest/runner/dist/index.js:1653:12)"],"meta":{}},{"ancestorTitles":["documentTypeHasTabs"],"fullName":"documentTypeHasTabs returns false for unknown document types","status":"passed","title":"returns false for unknown document types","duration":0.09233399999993708,"failureMessages":[],"meta":{}},{"ancestorTitles":["tab ID validation for URL deep linking"],"fullName":"tab ID validation for URL deep linking validates project tab IDs correctly","status":"failed","title":"validates project tab IDs correctly","duration":0.47120799999993324,"failureMessages":["AssertionError: expected false to be true // Object.is equality\n    at /Users/stefanocaruso/Desktop/Gauntlet/ShipShape/web/src/lib/document-tabs.test.ts:97:45\n    at file:///Users/stefanocaruso/Desktop/Gauntlet/ShipShape/node_modules/.pnpm/@vitest+runner@4.0.17/node_modules/@vitest/runner/dist/index.js:145:11\n    at file:///Users/stefanocaruso/Desktop/Gauntlet/ShipShape/node_modules/.pnpm/@vitest+runner@4.0.17/node_modules/@vitest/runner/dist/index.js:915:26\n    at file:///Users/stefanocaruso/Desktop/Gauntlet/ShipShape/node_modules/.pnpm/@vitest+runner@4.0.17/node_modules/@vitest/runner/dist/index.js:1243:20\n    at new Promise (<anonymous>)\n    at runWithTimeout (file:///Users/stefanocaruso/Desktop/Gauntlet/ShipShape/node_modules/.pnpm/@vitest+runner@4.0.17/node_modules/@vitest/runner/dist/index.js:1209:10)\n    at file:///Users/stefanocaruso/Desktop/Gauntlet/ShipShape/node_modules/.pnpm/@vitest+runner@4.0.17/node_modules/@vitest/runner/dist/index.js:1653:37\n    at Traces.$ (file:///Users/stefanocaruso/Desktop/Gauntlet/ShipShape/node_modules/.pnpm/vitest@4.0.17_@types+node@22.19.5_@vitest+ui@4.0.17_jiti@1.21.7_jsdom@27.4.0_terser@5.44.1_tsx@4.21.0_yaml@2.8.2/node_modules/vitest/dist/chunks/traces.CCmnQaNT.js:142:27)\n    at trace (file:///Users/stefanocaruso/Desktop/Gauntlet/ShipShape/node_modules/.pnpm/vitest@4.0.17_@types+node@22.19.5_@vitest+ui@4.0.17_jiti@1.21.7_jsdom@27.4.0_terser@5.44.1_tsx@4.21.0_yaml@2.8.2/node_modules/vitest/dist/chunks/test.B8ej_ZHS.js:239:21)\n    at runTest (file:///Users/stefanocaruso/Desktop/Gauntlet/ShipShape/node_modules/.pnpm/@vitest+runner@4.0.17/node_modules/@vitest/runner/dist/index.js:1653:12)"],"meta":{}},{"ancestorTitles":["tab ID validation for URL deep linking"],"fullName":"tab ID validation for URL deep linking validates program tab IDs correctly","status":"failed","title":"validates program tab IDs correctly","duration":0.36141700000007404,"failureMessages":["AssertionError: expected false to be true // Object.is equality\n    at /Users/stefanocaruso/Desktop/Gauntlet/ShipShape/web/src/lib/document-tabs.test.ts:114:45\n    at file:///Users/stefanocaruso/Desktop/Gauntlet/ShipShape/node_modules/.pnpm/@vitest+runner@4.0.17/node_modules/@vitest/runner/dist/index.js:145:11\n    at file:///Users/stefanocaruso/Desktop/Gauntlet/ShipShape/node_modules/.pnpm/@vitest+runner@4.0.17/node_modules/@vitest/runner/dist/index.js:915:26\n    at file:///Users/stefanocaruso/Desktop/Gauntlet/ShipShape/node_modules/.pnpm/@vitest+runner@4.0.17/node_modules/@vitest/runner/dist/index.js:1243:20\n    at new Promise (<anonymous>)\n    at runWithTimeout (file:///Users/stefanocaruso/Desktop/Gauntlet/ShipShape/node_modules/.pnpm/@vitest+runner@4.0.17/node_modules/@vitest/runner/dist/index.js:1209:10)\n    at file:///Users/stefanocaruso/Desktop/Gauntlet/ShipShape/node_modules/.pnpm/@vitest+runner@4.0.17/node_modules/@vitest/runner/dist/index.js:1653:37\n    at Traces.$ (file:///Users/stefanocaruso/Desktop/Gauntlet/ShipShape/node_modules/.pnpm/vitest@4.0.17_@types+node@22.19.5_@vitest+ui@4.0.17_jiti@1.21.7_jsdom@27.4.0_terser@5.44.1_tsx@4.21.0_yaml@2.8.2/node_modules/vitest/dist/chunks/traces.CCmnQaNT.js:142:27)\n    at trace (file:///Users/stefanocaruso/Desktop/Gauntlet/ShipShape/node_modules/.pnpm/vitest@4.0.17_@types+node@22.19.5_@vitest+ui@4.0.17_jiti@1.21.7_jsdom@27.4.0_terser@5.44.1_tsx@4.21.0_yaml@2.8.2/node_modules/vitest/dist/chunks/test.B8ej_ZHS.js:239:21)\n    at runTest (file:///Users/stefanocaruso/Desktop/Gauntlet/ShipShape/node_modules/.pnpm/@vitest+runner@4.0.17/node_modules/@vitest/runner/dist/index.js:1653:12)"],"meta":{}},{"ancestorTitles":["tab ID validation for URL deep linking"],"fullName":"tab ID validation for URL deep linking returns first tab as default for URL without tab","status":"failed","title":"returns first tab as default for URL without tab","duration":0.8058750000000146,"failureMessages":["AssertionError: expected 'issues' to be 'details' // Object.is equality\n    at /Users/stefanocaruso/Desktop/Gauntlet/ShipShape/web/src/lib/document-tabs.test.ts:124:32\n    at file:///Users/stefanocaruso/Desktop/Gauntlet/ShipShape/node_modules/.pnpm/@vitest+runner@4.0.17/node_modules/@vitest/runner/dist/index.js:145:11\n    at file:///Users/stefanocaruso/Desktop/Gauntlet/ShipShape/node_modules/.pnpm/@vitest+runner@4.0.17/node_modules/@vitest/runner/dist/index.js:915:26\n    at file:///Users/stefanocaruso/Desktop/Gauntlet/ShipShape/node_modules/.pnpm/@vitest+runner@4.0.17/node_modules/@vitest/runner/dist/index.js:1243:20\n    at new Promise (<anonymous>)\n    at runWithTimeout (file:///Users/stefanocaruso/Desktop/Gauntlet/ShipShape/node_modules/.pnpm/@vitest+runner@4.0.17/node_modules/@vitest/runner/dist/index.js:1209:10)\n    at file:///Users/stefanocaruso/Desktop/Gauntlet/ShipShape/node_modules/.pnpm/@vitest+runner@4.0.17/node_modules/@vitest/runner/dist/index.js:1653:37\n    at Traces.$ (file:///Users/stefanocaruso/Desktop/Gauntlet/ShipShape/node_modules/.pnpm/vitest@4.0.17_@types+node@22.19.5_@vitest+ui@4.0.17_jiti@1.21.7_jsdom@27.4.0_terser@5.44.1_tsx@4.21.0_yaml@2.8.2/node_modules/vitest/dist/chunks/traces.CCmnQaNT.js:142:27)\n    at trace (file:///Users/stefanocaruso/Desktop/Gauntlet/ShipShape/node_modules/.pnpm/vitest@4.0.17_@types+node@22.19.5_@vitest+ui@4.0.17_jiti@1.21.7_jsdom@27.4.0_terser@5.44.1_tsx@4.21.0_yaml@2.8.2/node_modules/vitest/dist/chunks/test.B8ej_ZHS.js:239:21)\n    at runTest (file:///Users/stefanocaruso/Desktop/Gauntlet/ShipShape/node_modules/.pnpm/@vitest+runner@4.0.17/node_modules/@vitest/runner/dist/index.js:1653:12)"],"meta":{}},{"ancestorTitles":["resolveTabLabels"],"fullName":"resolveTabLabels resolves static labels correctly","status":"passed","title":"resolves static labels correctly","duration":0.1639580000000933,"failureMessages":[],"meta":{}},{"ancestorTitles":["resolveTabLabels"],"fullName":"resolveTabLabels resolves dynamic labels with counts","status":"failed","title":"resolves dynamic labels with counts","duration":0.23570799999970404,"failureMessages":["AssertionError: expected undefined to be 'Weeks (3)' // Object.is equality\n    at /Users/stefanocaruso/Desktop/Gauntlet/ShipShape/web/src/lib/document-tabs.test.ts:161:31\n    at file:///Users/stefanocaruso/Desktop/Gauntlet/ShipShape/node_modules/.pnpm/@vitest+runner@4.0.17/node_modules/@vitest/runner/dist/index.js:145:11\n    at file:///Users/stefanocaruso/Desktop/Gauntlet/ShipShape/node_modules/.pnpm/@vitest+runner@4.0.17/node_modules/@vitest/runner/dist/index.js:915:26\n    at file:///Users/stefanocaruso/Desktop/Gauntlet/ShipShape/node_modules/.pnpm/@vitest+runner@4.0.17/node_modules/@vitest/runner/dist/index.js:1243:20\n    at new Promise (<anonymous>)\n    at runWithTimeout (file:///Users/stefanocaruso/Desktop/Gauntlet/ShipShape/node_modules/.pnpm/@vitest+runner@4.0.17/node_modules/@vitest/runner/dist/index.js:1209:10)\n    at file:///Users/stefanocaruso/Desktop/Gauntlet/ShipShape/node_modules/.pnpm/@vitest+runner@4.0.17/node_modules/@vitest/runner/dist/index.js:1653:37\n    at Traces.$ (file:///Users/stefanocaruso/Desktop/Gauntlet/ShipShape/node_modules/.pnpm/vitest@4.0.17_@types+node@22.19.5_@vitest+ui@4.0.17_jiti@1.21.7_jsdom@27.4.0_terser@5.44.1_tsx@4.21.0_yaml@2.8.2/node_modules/vitest/dist/chunks/traces.CCmnQaNT.js:142:27)\n    at trace (file:///Users/stefanocaruso/Desktop/Gauntlet/ShipShape/node_modules/.pnpm/vitest@4.0.17_@types+node@22.19.5_@vitest+ui@4.0.17_jiti@1.21.7_jsdom@27.4.0_terser@5.44.1_tsx@4.21.0_yaml@2.8.2/node_modules/vitest/dist/chunks/test.B8ej_ZHS.js:239:21)\n    at runTest (file:///Users/stefanocaruso/Desktop/Gauntlet/ShipShape/node_modules/.pnpm/@vitest+runner@4.0.17/node_modules/@vitest/runner/dist/index.js:1653:12)"],"meta":{}},{"ancestorTitles":["resolveTabLabels"],"fullName":"resolveTabLabels resolves dynamic labels without counts","status":"failed","title":"resolves dynamic labels without counts","duration":0.26941700000043056,"failureMessages":["AssertionError: expected undefined to be 'Weeks' // Object.is equality\n    at /Users/stefanocaruso/Desktop/Gauntlet/ShipShape/web/src/lib/document-tabs.test.ts:172:31\n    at file:///Users/stefanocaruso/Desktop/Gauntlet/ShipShape/node_modules/.pnpm/@vitest+runner@4.0.17/node_modules/@vitest/runner/dist/index.js:145:11\n    at file:///Users/stefanocaruso/Desktop/Gauntlet/ShipShape/node_modules/.pnpm/@vitest+runner@4.0.17/node_modules/@vitest/runner/dist/index.js:915:26\n    at file:///Users/stefanocaruso/Desktop/Gauntlet/ShipShape/node_modules/.pnpm/@vitest+runner@4.0.17/node_modules/@vitest/runner/dist/index.js:1243:20\n    at new Promise (<anonymous>)\n    at runWithTimeout (file:///Users/stefanocaruso/Desktop/Gauntlet/ShipShape/node_modules/.pnpm/@vitest+runner@4.0.17/node_modules/@vitest/runner/dist/index.js:1209:10)\n    at file:///Users/stefanocaruso/Desktop/Gauntlet/ShipShape/node_modules/.pnpm/@vitest+runner@4.0.17/node_modules/@vitest/runner/dist/index.js:1653:37\n    at Traces.$ (file:///Users/stefanocaruso/Desktop/Gauntlet/ShipShape/node_modules/.pnpm/vitest@4.0.17_@types+node@22.19.5_@vitest+ui@4.0.17_jiti@1.21.7_jsdom@27.4.0_terser@5.44.1_tsx@4.21.0_yaml@2.8.2/node_modules/vitest/dist/chunks/traces.CCmnQaNT.js:142:27)\n    at trace (file:///Users/stefanocaruso/Desktop/Gauntlet/ShipShape/node_modules/.pnpm/vitest@4.0.17_@types+node@22.19.5_@vitest+ui@4.0.17_jiti@1.21.7_jsdom@27.4.0_terser@5.44.1_tsx@4.21.0_yaml@2.8.2/node_modules/vitest/dist/chunks/test.B8ej_ZHS.js:239:21)\n    at runTest (file:///Users/stefanocaruso/Desktop/Gauntlet/ShipShape/node_modules/.pnpm/@vitest+runner@4.0.17/node_modules/@vitest/runner/dist/index.js:1653:12)"],"meta":{}},{"ancestorTitles":["resolveTabLabels"],"fullName":"resolveTabLabels resolves dynamic labels with zero counts","status":"passed","title":"resolves dynamic labels with zero counts","duration":0.04866600000013932,"failureMessages":[],"meta":{}},{"ancestorTitles":["documentTabConfigs structure"],"fullName":"documentTabConfigs structure has configs for expected document types","status":"passed","title":"has configs for expected document types","duration":0.13812499999994543,"failureMessages":[],"meta":{}},{"ancestorTitles":["documentTabConfigs structure"],"fullName":"documentTabConfigs structure each tab has required properties","status":"passed","title":"each tab has required properties","duration":0.9558329999999842,"failureMessages":[],"meta":{}},{"ancestorTitles":["documentTabConfigs structure"],"fullName":"documentTabConfigs structure tab IDs are unique within each document type","status":"passed","title":"tab IDs are unique within each document type","duration":0.10854199999994307,"failureMessages":[],"meta":{}}],"startTime":1773267650766,"endTime":1773267650871.1086,"status":"failed","message":"","name":"/Users/stefanocaruso/Desktop/Gauntlet/ShipShape/web/src/lib/document-tabs.test.ts"},{"assertionResults":[{"ancestorTitles":["extractTextFromContent helper"],"fullName":"extractTextFromContent helper handles null/undefined content gracefully","status":"passed","title":"handles null/undefined content gracefully","duration":32.2800000000002,"failureMessages":[],"meta":{}},{"ancestorTitles":["DashboardPage"],"fullName":"DashboardPage renders dashboard header","status":"passed","title":"renders dashboard header","duration":6.130166999999801,"failureMessages":[],"meta":{}},{"ancestorTitles":["DashboardPage"],"fullName":"DashboardPage renders stat cards","status":"passed","title":"renders stat cards","duration":11.492624999999862,"failureMessages":[],"meta":{}},{"ancestorTitles":["DashboardPage"],"fullName":"DashboardPage renders section headers","status":"passed","title":"renders section headers","duration":188.2921669999996,"failureMessages":[],"meta":{}},{"ancestorTitles":["DashboardPage"],"fullName":"DashboardPage shows empty states when no data","status":"passed","title":"shows empty states when no data","duration":13.780459000000064,"failureMessages":[],"meta":{}},{"ancestorTitles":["Standup interface conformance"],"fullName":"Standup interface conformance Standup interface has flat author fields","status":"passed","title":"Standup interface has flat author fields","duration":0.5600839999997334,"failureMessages":[],"meta":{}},{"ancestorTitles":["Standup interface conformance"],"fullName":"Standup interface conformance handles null author_name gracefully","status":"passed","title":"handles null author_name gracefully","duration":0.5059999999998581,"failureMessages":[],"meta":{}}],"startTime":1773267651191,"endTime":1773267651444.506,"status":"passed","message":"","name":"/Users/stefanocaruso/Desktop/Gauntlet/ShipShape/web/src/pages/Dashboard.test.tsx"},{"assertionResults":[{"ancestorTitles":["SelectionPersistenceContext","useSelectionPersistence"],"fullName":"SelectionPersistenceContext useSelectionPersistence should throw when used outside provider","status":"passed","title":"should throw when used outside provider","duration":15.619042000000036,"failureMessages":[],"meta":{}},{"ancestorTitles":["SelectionPersistenceContext","useSelectionPersistence"],"fullName":"SelectionPersistenceContext useSelectionPersistence should return default state for unknown key","status":"passed","title":"should return default state for unknown key","duration":4.606334000000061,"failureMessages":[],"meta":{}},{"ancestorTitles":["SelectionPersistenceContext","useSelectionPersistence"],"fullName":"SelectionPersistenceContext useSelectionPersistence should store and retrieve selection state","status":"passed","title":"should store and retrieve selection state","duration":5.081791000000067,"failureMessages":[],"meta":{}},{"ancestorTitles":["SelectionPersistenceContext","useSelectionPersistence"],"fullName":"SelectionPersistenceContext useSelectionPersistence should maintain separate selections for different keys","status":"passed","title":"should maintain separate selections for different keys","duration":2.932457999999997,"failureMessages":[],"meta":{}},{"ancestorTitles":["SelectionPersistenceContext","useSelectionPersistence"],"fullName":"SelectionPersistenceContext useSelectionPersistence should clear selection for a specific key","status":"passed","title":"should clear selection for a specific key","duration":3.665540999999962,"failureMessages":[],"meta":{}},{"ancestorTitles":["SelectionPersistenceContext","useSelectionPersistence"],"fullName":"SelectionPersistenceContext useSelectionPersistence should clear all selections","status":"passed","title":"should clear all selections","duration":0.7265830000000051,"failureMessages":[],"meta":{}},{"ancestorTitles":["SelectionPersistenceContext","useSelectionPersistenceOptional"],"fullName":"SelectionPersistenceContext useSelectionPersistenceOptional should return null when used outside provider","status":"passed","title":"should return null when used outside provider","duration":0.5331250000000409,"failureMessages":[],"meta":{}},{"ancestorTitles":["SelectionPersistenceContext","useSelectionPersistenceOptional"],"fullName":"SelectionPersistenceContext useSelectionPersistenceOptional should return context when used inside provider","status":"passed","title":"should return context when used inside provider","duration":0.755292000000054,"failureMessages":[],"meta":{}},{"ancestorTitles":["SelectionPersistenceContext","persistence across re-renders"],"fullName":"SelectionPersistenceContext persistence across re-renders should persist state when hook re-renders","status":"passed","title":"should persist state when hook re-renders","duration":3.2251249999999345,"failureMessages":[],"meta":{}}],"startTime":1773267652246,"endTime":1773267652286.225,"status":"passed","message":"","name":"/Users/stefanocaruso/Desktop/Gauntlet/ShipShape/web/src/contexts/SelectionPersistenceContext.test.tsx"},{"assertionResults":[{"ancestorTitles":["Drag Handle CSS"],"fullName":"Drag Handle CSS should define .editor-drag-handle class","status":"passed","title":"should define .editor-drag-handle class","duration":0.4962080000000242,"failureMessages":[],"meta":{}},{"ancestorTitles":["Drag Handle CSS"],"fullName":"Drag Handle CSS should define .tiptap-wrapper positioning","status":"passed","title":"should define .tiptap-wrapper positioning","duration":0.21375000000000455,"failureMessages":[],"meta":{}},{"ancestorTitles":["Drag Handle CSS"],"fullName":"Drag Handle CSS should define ProseMirror selected node styling","status":"passed","title":"should define ProseMirror selected node styling","duration":0.0544999999999618,"failureMessages":[],"meta":{}},{"ancestorTitles":["Drag Handle CSS"],"fullName":"Drag Handle CSS should define dragging state styling","status":"passed","title":"should define dragging state styling","duration":0.21262500000000273,"failureMessages":[],"meta":{}},{"ancestorTitles":["Drag Handle CSS"],"fullName":"Drag Handle CSS should have left padding on ProseMirror for drag handle space","status":"passed","title":"should have left padding on ProseMirror for drag handle space","duration":0.06920900000000074,"failureMessages":[],"meta":{}}],"startTime":1773267652240,"endTime":1773267652241.2139,"status":"passed","message":"","name":"/Users/stefanocaruso/Desktop/Gauntlet/ShipShape/web/src/styles/drag-handle.test.ts"},{"assertionResults":[{"ancestorTitles":["DetailsExtension"],"fullName":"DetailsExtension should create a valid TipTap extension","status":"passed","title":"should create a valid TipTap extension","duration":0.5828339999998207,"failureMessages":[],"meta":{}},{"ancestorTitles":["DetailsExtension"],"fullName":"DetailsExtension should be configured as a block node with content","status":"failed","title":"should be configured as a block node with content","duration":4.138500000000022,"failureMessages":["AssertionError: expected 'detailsSummary detailsContent' to be 'block+' // Object.is equality\n    at /Users/stefanocaruso/Desktop/Gauntlet/ShipShape/web/src/components/editor/DetailsExtension.test.ts:16:38\n    at file:///Users/stefanocaruso/Desktop/Gauntlet/ShipShape/node_modules/.pnpm/@vitest+runner@4.0.17/node_modules/@vitest/runner/dist/index.js:145:11\n    at file:///Users/stefanocaruso/Desktop/Gauntlet/ShipShape/node_modules/.pnpm/@vitest+runner@4.0.17/node_modules/@vitest/runner/dist/index.js:915:26\n    at file:///Users/stefanocaruso/Desktop/Gauntlet/ShipShape/node_modules/.pnpm/@vitest+runner@4.0.17/node_modules/@vitest/runner/dist/index.js:1243:20\n    at new Promise (<anonymous>)\n    at runWithTimeout (file:///Users/stefanocaruso/Desktop/Gauntlet/ShipShape/node_modules/.pnpm/@vitest+runner@4.0.17/node_modules/@vitest/runner/dist/index.js:1209:10)\n    at file:///Users/stefanocaruso/Desktop/Gauntlet/ShipShape/node_modules/.pnpm/@vitest+runner@4.0.17/node_modules/@vitest/runner/dist/index.js:1653:37\n    at Traces.$ (file:///Users/stefanocaruso/Desktop/Gauntlet/ShipShape/node_modules/.pnpm/vitest@4.0.17_@types+node@22.19.5_@vitest+ui@4.0.17_jiti@1.21.7_jsdom@27.4.0_terser@5.44.1_tsx@4.21.0_yaml@2.8.2/node_modules/vitest/dist/chunks/traces.CCmnQaNT.js:142:27)\n    at trace (file:///Users/stefanocaruso/Desktop/Gauntlet/ShipShape/node_modules/.pnpm/vitest@4.0.17_@types+node@22.19.5_@vitest+ui@4.0.17_jiti@1.21.7_jsdom@27.4.0_terser@5.44.1_tsx@4.21.0_yaml@2.8.2/node_modules/vitest/dist/chunks/test.B8ej_ZHS.js:239:21)\n    at runTest (file:///Users/stefanocaruso/Desktop/Gauntlet/ShipShape/node_modules/.pnpm/@vitest+runner@4.0.17/node_modules/@vitest/runner/dist/index.js:1653:12)"],"meta":{}},{"ancestorTitles":["DetailsExtension"],"fullName":"DetailsExtension should have addAttributes function defined","status":"passed","title":"should have addAttributes function defined","duration":0.14958299999989322,"failureMessages":[],"meta":{}},{"ancestorTitles":["DetailsExtension"],"fullName":"DetailsExtension should have parseHTML function defined","status":"passed","title":"should have parseHTML function defined","duration":0.08154199999989942,"failureMessages":[],"meta":{}},{"ancestorTitles":["DetailsExtension"],"fullName":"DetailsExtension should have renderHTML function defined","status":"passed","title":"should have renderHTML function defined","duration":0.06545900000037363,"failureMessages":[],"meta":{}},{"ancestorTitles":["DetailsExtension"],"fullName":"DetailsExtension should have addCommands function defined","status":"passed","title":"should have addCommands function defined","duration":0.09383299999990413,"failureMessages":[],"meta":{}},{"ancestorTitles":["DetailsExtension"],"fullName":"DetailsExtension should have addKeyboardShortcuts function defined","status":"passed","title":"should have addKeyboardShortcuts function defined","duration":0.09162500000002183,"failureMessages":[],"meta":{}},{"ancestorTitles":["DetailsExtension"],"fullName":"DetailsExtension should have addOptions function defined","status":"passed","title":"should have addOptions function defined","duration":0.05866699999978664,"failureMessages":[],"meta":{}},{"ancestorTitles":["DetailsExtension"],"fullName":"DetailsExtension should work in editor context","status":"failed","title":"should work in editor context","duration":3.568832999999813,"failureMessages":["SyntaxError: No node type or group 'detailsSummary' found (in content expression 'detailsSummary detailsContent')\n    at TokenStream.err (file:///Users/stefanocaruso/Desktop/Gauntlet/ShipShape/node_modules/.pnpm/prosemirror-model@1.25.4/node_modules/prosemirror-model/dist/index.js:1797:22)\n    at resolveName (file:///Users/stefanocaruso/Desktop/Gauntlet/ShipShape/node_modules/.pnpm/prosemirror-model@1.25.4/node_modules/prosemirror-model/dist/index.js:1859:16)\n    at parseExprAtom (file:///Users/stefanocaruso/Desktop/Gauntlet/ShipShape/node_modules/.pnpm/prosemirror-model@1.25.4/node_modules/prosemirror-model/dist/index.js:1870:21)\n    at parseExprSubscript (file:///Users/stefanocaruso/Desktop/Gauntlet/ShipShape/node_modules/.pnpm/prosemirror-model@1.25.4/node_modules/prosemirror-model/dist/index.js:1814:16)\n    at parseExprSeq (file:///Users/stefanocaruso/Desktop/Gauntlet/ShipShape/node_modules/.pnpm/prosemirror-model@1.25.4/node_modules/prosemirror-model/dist/index.js:1809:20)\n    at parseExpr (file:///Users/stefanocaruso/Desktop/Gauntlet/ShipShape/node_modules/.pnpm/prosemirror-model@1.25.4/node_modules/prosemirror-model/dist/index.js:1802:20)\n    at Function.parse (file:///Users/stefanocaruso/Desktop/Gauntlet/ShipShape/node_modules/.pnpm/prosemirror-model@1.25.4/node_modules/prosemirror-model/dist/index.js:1624:20)\n    at new Schema (file:///Users/stefanocaruso/Desktop/Gauntlet/ShipShape/node_modules/.pnpm/prosemirror-model@1.25.4/node_modules/prosemirror-model/dist/index.js:2441:63)\n    at getSchemaByResolvedExtensions (file:///Users/stefanocaruso/Desktop/Gauntlet/ShipShape/node_modules/.pnpm/@tiptap+core@2.27.2_@tiptap+pm@2.27.2/node_modules/@tiptap/core/dist/index.js:553:12)\n    at new ExtensionManager (file:///Users/stefanocaruso/Desktop/Gauntlet/ShipShape/node_modules/.pnpm/@tiptap+core@2.27.2_@tiptap+pm@2.27.2/node_modules/@tiptap/core/dist/index.js:1170:23)"],"meta":{}},{"ancestorTitles":["DetailsExtension"],"fullName":"DetailsExtension should allow inserting details via command","status":"failed","title":"should allow inserting details via command","duration":3.978708000000097,"failureMessages":["SyntaxError: No node type or group 'detailsSummary' found (in content expression 'detailsSummary detailsContent')\n    at TokenStream.err (file:///Users/stefanocaruso/Desktop/Gauntlet/ShipShape/node_modules/.pnpm/prosemirror-model@1.25.4/node_modules/prosemirror-model/dist/index.js:1797:22)\n    at resolveName (file:///Users/stefanocaruso/Desktop/Gauntlet/ShipShape/node_modules/.pnpm/prosemirror-model@1.25.4/node_modules/prosemirror-model/dist/index.js:1859:16)\n    at parseExprAtom (file:///Users/stefanocaruso/Desktop/Gauntlet/ShipShape/node_modules/.pnpm/prosemirror-model@1.25.4/node_modules/prosemirror-model/dist/index.js:1870:21)\n    at parseExprSubscript (file:///Users/stefanocaruso/Desktop/Gauntlet/ShipShape/node_modules/.pnpm/prosemirror-model@1.25.4/node_modules/prosemirror-model/dist/index.js:1814:16)\n    at parseExprSeq (file:///Users/stefanocaruso/Desktop/Gauntlet/ShipShape/node_modules/.pnpm/prosemirror-model@1.25.4/node_modules/prosemirror-model/dist/index.js:1809:20)\n    at parseExpr (file:///Users/stefanocaruso/Desktop/Gauntlet/ShipShape/node_modules/.pnpm/prosemirror-model@1.25.4/node_modules/prosemirror-model/dist/index.js:1802:20)\n    at Function.parse (file:///Users/stefanocaruso/Desktop/Gauntlet/ShipShape/node_modules/.pnpm/prosemirror-model@1.25.4/node_modules/prosemirror-model/dist/index.js:1624:20)\n    at new Schema (file:///Users/stefanocaruso/Desktop/Gauntlet/ShipShape/node_modules/.pnpm/prosemirror-model@1.25.4/node_modules/prosemirror-model/dist/index.js:2441:63)\n    at getSchemaByResolvedExtensions (file:///Users/stefanocaruso/Desktop/Gauntlet/ShipShape/node_modules/.pnpm/@tiptap+core@2.27.2_@tiptap+pm@2.27.2/node_modules/@tiptap/core/dist/index.js:553:12)\n    at new ExtensionManager (file:///Users/stefanocaruso/Desktop/Gauntlet/ShipShape/node_modules/.pnpm/@tiptap+core@2.27.2_@tiptap+pm@2.27.2/node_modules/@tiptap/core/dist/index.js:1170:23)"],"meta":{}}],"startTime":1773267651129,"endTime":1773267651142.9788,"status":"failed","message":"","name":"/Users/stefanocaruso/Desktop/Gauntlet/ShipShape/web/src/components/editor/DetailsExtension.test.ts"},{"assertionResults":[{"ancestorTitles":["DragHandleExtension"],"fullName":"DragHandleExtension should have the correct name","status":"passed","title":"should have the correct name","duration":1.8913339999999152,"failureMessages":[],"meta":{}},{"ancestorTitles":["DragHandleExtension"],"fullName":"DragHandleExtension should be a valid TipTap extension","status":"passed","title":"should be a valid TipTap extension","duration":0.3207079999999678,"failureMessages":[],"meta":{}},{"ancestorTitles":["DragHandleExtension"],"fullName":"DragHandleExtension should create ProseMirror plugins when configured","status":"passed","title":"should create ProseMirror plugins when configured","duration":0.17337500000007822,"failureMessages":[],"meta":{}}],"startTime":1773267652266,"endTime":1773267652268.3208,"status":"passed","message":"","name":"/Users/stefanocaruso/Desktop/Gauntlet/ShipShape/web/src/components/editor/DragHandle.test.ts"},{"assertionResults":[{"ancestorTitles":["FileAttachmentExtension"],"fullName":"FileAttachmentExtension should create a valid TipTap extension","status":"passed","title":"should create a valid TipTap extension","duration":1.516458000000057,"failureMessages":[],"meta":{}},{"ancestorTitles":["FileAttachmentExtension"],"fullName":"FileAttachmentExtension should be configured as a block-level atom node","status":"passed","title":"should be configured as a block-level atom node","duration":0.39820800000006784,"failureMessages":[],"meta":{}},{"ancestorTitles":["FileAttachmentExtension"],"fullName":"FileAttachmentExtension should have addAttributes function defined","status":"passed","title":"should have addAttributes function defined","duration":0.15362499999991996,"failureMessages":[],"meta":{}},{"ancestorTitles":["FileAttachmentExtension"],"fullName":"FileAttachmentExtension should have parseHTML function defined","status":"passed","title":"should have parseHTML function defined","duration":0.4050829999996495,"failureMessages":[],"meta":{}},{"ancestorTitles":["FileAttachmentExtension"],"fullName":"FileAttachmentExtension should have renderHTML function defined","status":"passed","title":"should have renderHTML function defined","duration":0.2869580000001406,"failureMessages":[],"meta":{}},{"ancestorTitles":["FileAttachmentExtension"],"fullName":"FileAttachmentExtension should have addCommands function defined","status":"passed","title":"should have addCommands function defined","duration":0.25349999999980355,"failureMessages":[],"meta":{}},{"ancestorTitles":["FileAttachmentExtension"],"fullName":"FileAttachmentExtension should have a ReactNodeViewRenderer for custom rendering","status":"passed","title":"should have a ReactNodeViewRenderer for custom rendering","duration":0.21145800000022064,"failureMessages":[],"meta":{}},{"ancestorTitles":["FileAttachmentExtension"],"fullName":"FileAttachmentExtension should work in editor context","status":"passed","title":"should work in editor context","duration":111.73299999999972,"failureMessages":[],"meta":{}},{"ancestorTitles":["FileAttachmentExtension"],"fullName":"FileAttachmentExtension should allow inserting file attachment via command","status":"passed","title":"should allow inserting file attachment via command","duration":6.460291999999754,"failureMessages":[],"meta":{}}],"startTime":1773267651126,"endTime":1773267651247.4602,"status":"passed","message":"","name":"/Users/stefanocaruso/Desktop/Gauntlet/ShipShape/web/src/components/editor/FileAttachment.test.ts"},{"assertionResults":[{"ancestorTitles":["ImageUploadExtension"],"fullName":"ImageUploadExtension should create a valid TipTap extension","status":"passed","title":"should create a valid TipTap extension","duration":0.5844999999999914,"failureMessages":[],"meta":{}},{"ancestorTitles":["ImageUploadExtension"],"fullName":"ImageUploadExtension should accept callback options","status":"passed","title":"should accept callback options","duration":0.45183299999996507,"failureMessages":[],"meta":{}},{"ancestorTitles":["ImageUploadExtension"],"fullName":"ImageUploadExtension should have default undefined options","status":"passed","title":"should have default undefined options","duration":0.08933400000000802,"failureMessages":[],"meta":{}},{"ancestorTitles":["ImageUploadExtension"],"fullName":"ImageUploadExtension should register ProseMirror plugins","status":"passed","title":"should register ProseMirror plugins","duration":0.20825000000002092,"failureMessages":[],"meta":{}}],"startTime":1773267652704,"endTime":1773267652705.452,"status":"passed","message":"","name":"/Users/stefanocaruso/Desktop/Gauntlet/ShipShape/web/src/components/editor/ImageUpload.test.ts"},{"assertionResults":[{"ancestorTitles":["MentionExtension"],"fullName":"MentionExtension should create a valid TipTap extension","status":"passed","title":"should create a valid TipTap extension","duration":0.7384160000000293,"failureMessages":[],"meta":{}},{"ancestorTitles":["MentionExtension"],"fullName":"MentionExtension should configure with @ as trigger character","status":"passed","title":"should configure with @ as trigger character","duration":0.1811249999999518,"failureMessages":[],"meta":{}},{"ancestorTitles":["MentionExtension"],"fullName":"MentionExtension should accept onNavigate callback option","status":"passed","title":"should accept onNavigate callback option","duration":0.26949999999999363,"failureMessages":[],"meta":{}},{"ancestorTitles":["MentionExtension"],"fullName":"MentionExtension should have custom attributes for mentionType and documentType","status":"passed","title":"should have custom attributes for mentionType and documentType","duration":0.23954200000002857,"failureMessages":[],"meta":{}}],"startTime":1773267652723,"endTime":1773267652724.2695,"status":"passed","message":"","name":"/Users/stefanocaruso/Desktop/Gauntlet/ShipShape/web/src/components/editor/MentionExtension.test.ts"},{"assertionResults":[{"ancestorTitles":["TableOfContentsExtension"],"fullName":"TableOfContentsExtension should create a valid TipTap extension","status":"passed","title":"should create a valid TipTap extension","duration":0.7816250000000764,"failureMessages":[],"meta":{}},{"ancestorTitles":["TableOfContentsExtension"],"fullName":"TableOfContentsExtension should be configured as a block node","status":"passed","title":"should be configured as a block node","duration":0.22462499999983265,"failureMessages":[],"meta":{}},{"ancestorTitles":["TableOfContentsExtension"],"fullName":"TableOfContentsExtension should have parseHTML function defined","status":"passed","title":"should have parseHTML function defined","duration":0.07541700000001583,"failureMessages":[],"meta":{}},{"ancestorTitles":["TableOfContentsExtension"],"fullName":"TableOfContentsExtension should have renderHTML function defined","status":"passed","title":"should have renderHTML function defined","duration":0.2280839999998534,"failureMessages":[],"meta":{}},{"ancestorTitles":["TableOfContentsExtension"],"fullName":"TableOfContentsExtension should have addNodeView function defined","status":"passed","title":"should have addNodeView function defined","duration":0.06629199999997581,"failureMessages":[],"meta":{}},{"ancestorTitles":["TableOfContentsExtension"],"fullName":"TableOfContentsExtension should extract headings from document","status":"passed","title":"should extract headings from document","duration":150.8605419999999,"failureMessages":[],"meta":{}},{"ancestorTitles":["TableOfContentsExtension"],"fullName":"TableOfContentsExtension should update when headings change","status":"passed","title":"should update when headings change","duration":27.480083000000377,"failureMessages":[],"meta":{}},{"ancestorTitles":["TableOfContentsExtension"],"fullName":"TableOfContentsExtension should handle empty document with no headings","status":"passed","title":"should handle empty document with no headings","duration":7.652250000000095,"failureMessages":[],"meta":{}},{"ancestorTitles":["TableOfContentsExtension"],"fullName":"TableOfContentsExtension should preserve heading levels correctly","status":"passed","title":"should preserve heading levels correctly","duration":21.36829200000011,"failureMessages":[],"meta":{}},{"ancestorTitles":["TableOfContentsExtension"],"fullName":"TableOfContentsExtension should work in editor context","status":"passed","title":"should work in editor context","duration":27.220957999999882,"failureMessages":[],"meta":{}}],"startTime":1773267650977,"endTime":1773267651213.221,"status":"passed","message":"","name":"/Users/stefanocaruso/Desktop/Gauntlet/ShipShape/web/src/components/editor/TableOfContents.test.ts"},{"assertionResults":[{"ancestorTitles":["ScrollFade"],"fullName":"ScrollFade renders children correctly","status":"passed","title":"renders children correctly","duration":49.65308300000015,"failureMessages":[],"meta":{}},{"ancestorTitles":["ScrollFade"],"fullName":"ScrollFade applies custom className to wrapper","status":"passed","title":"applies custom className to wrapper","duration":3.39837499999976,"failureMessages":[],"meta":{}},{"ancestorTitles":["ScrollFade"],"fullName":"ScrollFade renders gradient overlay element","status":"passed","title":"renders gradient overlay element","duration":5.525458999999955,"failureMessages":[],"meta":{}},{"ancestorTitles":["ScrollFade"],"fullName":"ScrollFade respects custom fadeHeight","status":"passed","title":"respects custom fadeHeight","duration":180.69554199999993,"failureMessages":[],"meta":{}},{"ancestorTitles":["ScrollFade"],"fullName":"ScrollFade gradient does not block pointer events","status":"passed","title":"gradient does not block pointer events","duration":23.88037499999973,"failureMessages":[],"meta":{}}],"startTime":1773267651087,"endTime":1773267651349.8804,"status":"passed","message":"","name":"/Users/stefanocaruso/Desktop/Gauntlet/ShipShape/web/src/components/ui/ScrollFade.test.tsx"},{"assertionResults":[{"ancestorTitles":["Icon types module"],"fullName":"Icon types module exports IconName type with at least 100 icons","status":"passed","title":"exports IconName type with at least 100 icons","duration":0.5283340000000862,"failureMessages":[],"meta":{}},{"ancestorTitles":["Icon types module"],"fullName":"Icon types module includes common USWDS icons","status":"passed","title":"includes common USWDS icons","duration":0.6659170000000358,"failureMessages":[],"meta":{}},{"ancestorTitles":["Icon types module"],"fullName":"Icon types module isValidIconName returns true for valid icons","status":"passed","title":"isValidIconName returns true for valid icons","duration":0.23495899999988978,"failureMessages":[],"meta":{}},{"ancestorTitles":["Icon types module"],"fullName":"Icon types module isValidIconName returns false for invalid icons","status":"passed","title":"isValidIconName returns false for invalid icons","duration":0.2699579999998605,"failureMessages":[],"meta":{}},{"ancestorTitles":["Icon types module"],"fullName":"Icon types module all ICON_NAMES pass validation","status":"passed","title":"all ICON_NAMES pass validation","duration":1.6427499999999782,"failureMessages":[],"meta":{}},{"ancestorTitles":["Icon component behavior"],"fullName":"Icon component behavior exports Icon component from index","status":"passed","title":"exports Icon component from index","duration":102.89383399999997,"failureMessages":[],"meta":{}},{"ancestorTitles":["Icon component behavior"],"fullName":"Icon component behavior Icon component renders without crashing for invalid icon","status":"passed","title":"Icon component renders without crashing for invalid icon","duration":12.717249999999922,"failureMessages":[],"meta":{}},{"ancestorTitles":["IconProps interface"],"fullName":"IconProps interface requires name prop","status":"passed","title":"requires name prop","duration":0.10245800000006966,"failureMessages":[],"meta":{}},{"ancestorTitles":["IconProps interface"],"fullName":"IconProps interface className is optional","status":"passed","title":"className is optional","duration":0.2800409999999829,"failureMessages":[],"meta":{}},{"ancestorTitles":["IconProps interface"],"fullName":"IconProps interface title is optional","status":"passed","title":"title is optional","duration":0.0638339999998152,"failureMessages":[],"meta":{}}],"startTime":1773267652023,"endTime":1773267652143.28,"status":"passed","message":"","name":"/Users/stefanocaruso/Desktop/Gauntlet/ShipShape/web/src/components/icons/uswds/Icon.test.tsx"}]}