{"numTotalTestSuites":204,"numPassedTestSuites":204,"numFailedTestSuites":0,"numPendingTestSuites":0,"numTotalTests":451,"numPassedTests":451,"numFailedTests":0,"numPendingTests":0,"numTodoTests":0,"snapshot":{"added":0,"failure":false,"filesAdded":0,"filesRemoved":0,"filesRemovedList":[],"filesUnmatched":0,"filesUpdated":0,"matched":0,"total":0,"unchecked":0,"uncheckedKeysByFile":[],"unmatched":0,"updated":0,"didUpdate":false},"startTime":1773351495522,"success":true,"testResults":[{"assertionResults":[{"ancestorTitles":["Activity API","GET /activity/:entityType/:entityId","successful activity retrieval"],"fullName":"Activity API GET /activity/:entityType/:entityId successful activity retrieval returns 30 days of activity for a program","status":"passed","title":"returns 30 days of activity for a program","duration":8.102582999999981,"failureMessages":[],"meta":{}},{"ancestorTitles":["Activity API","GET /activity/:entityType/:entityId","successful activity retrieval"],"fullName":"Activity API GET /activity/:entityType/:entityId successful activity retrieval returns 30 days of activity for a project","status":"passed","title":"returns 30 days of activity for a project","duration":1.4712499999999977,"failureMessages":[],"meta":{}},{"ancestorTitles":["Activity API","GET /activity/:entityType/:entityId","successful activity retrieval"],"fullName":"Activity API GET /activity/:entityType/:entityId successful activity retrieval returns 30 days of activity for a sprint","status":"passed","title":"returns 30 days of activity for a sprint","duration":1.236249999999984,"failureMessages":[],"meta":{}},{"ancestorTitles":["Activity API","GET /activity/:entityType/:entityId","successful activity retrieval"],"fullName":"Activity API GET /activity/:entityType/:entityId successful activity retrieval returns empty array for entity with no activity","status":"passed","title":"returns empty array for entity with no activity","duration":1.2593750000000057,"failureMessages":[],"meta":{}},{"ancestorTitles":["Activity API","GET /activity/:entityType/:entityId","error handling"],"fullName":"Activity API GET /activity/:entityType/:entityId error handling returns 400 for invalid entity type","status":"passed","title":"returns 400 for invalid entity type","duration":1.6107920000000036,"failureMessages":[],"meta":{}},{"ancestorTitles":["Activity API","GET /activity/:entityType/:entityId","error handling"],"fullName":"Activity API GET /activity/:entityType/:entityId error handling returns 404 when entity does not exist","status":"passed","title":"returns 404 when entity does not exist","duration":0.7672080000000108,"failureMessages":[],"meta":{}},{"ancestorTitles":["Activity API","GET /activity/:entityType/:entityId","error handling"],"fullName":"Activity API GET /activity/:entityType/:entityId error handling returns 404 when entity belongs to different workspace","status":"passed","title":"returns 404 when entity belongs to different workspace","duration":0.677375000000012,"failureMessages":[],"meta":{}},{"ancestorTitles":["Activity API","GET /activity/:entityType/:entityId","error handling"],"fullName":"Activity API GET /activity/:entityType/:entityId error handling returns 500 on database error","status":"passed","title":"returns 500 on database error","duration":1.2166249999999934,"failureMessages":[],"meta":{}},{"ancestorTitles":["Activity API","GET /activity/:entityType/:entityId","workspace isolation"],"fullName":"Activity API GET /activity/:entityType/:entityId workspace isolation only queries entities in the authenticated workspace","status":"passed","title":"only queries entities in the authenticated workspace","duration":2.2162500000000023,"failureMessages":[],"meta":{}},{"ancestorTitles":["Activity API","GET /activity/:entityType/:entityId","date range validation"],"fullName":"Activity API GET /activity/:entityType/:entityId date range validation queries exactly 30 days of activity","status":"passed","title":"queries exactly 30 days of activity","duration":0.9793329999999969,"failureMessages":[],"meta":{}},{"ancestorTitles":["Activity API","GET /activity/:entityType/:entityId","entity type specific queries"],"fullName":"Activity API GET /activity/:entityType/:entityId entity type specific queries program query includes direct documents, projects, and sprints","status":"passed","title":"program query includes direct documents, projects, and sprints","duration":0.6025000000000205,"failureMessages":[],"meta":{}},{"ancestorTitles":["Activity API","GET /activity/:entityType/:entityId","entity type specific queries"],"fullName":"Activity API GET /activity/:entityType/:entityId entity type specific queries project query includes direct documents and sprints","status":"passed","title":"project query includes direct documents and sprints","duration":0.6457499999999925,"failureMessages":[],"meta":{}},{"ancestorTitles":["Activity API","GET /activity/:entityType/:entityId","entity type specific queries"],"fullName":"Activity API GET /activity/:entityType/:entityId entity type specific queries sprint query includes direct documents only","status":"passed","title":"sprint query includes direct documents only","duration":0.5575839999999914,"failureMessages":[],"meta":{}}],"startTime":1773351501834,"endTime":1773351501855.5576,"status":"passed","message":"","name":"/Users/stefanocaruso/Desktop/Gauntlet AI/Shipshape/api/src/__tests__/activity.test.ts"},{"assertionResults":[{"ancestorTitles":["authMiddleware","session validation"],"fullName":"authMiddleware session validation returns 401 when no session cookie is present","status":"passed","title":"returns 401 when no session cookie is present","duration":1.4589590000000072,"failureMessages":[],"meta":{}},{"ancestorTitles":["authMiddleware","session validation"],"fullName":"authMiddleware session validation returns 401 when session does not exist in database","status":"passed","title":"returns 401 when session does not exist in database","duration":0.35470800000000224,"failureMessages":[],"meta":{}},{"ancestorTitles":["authMiddleware","session validation"],"fullName":"authMiddleware session validation attaches session info to request for valid session","status":"passed","title":"attaches session info to request for valid session","duration":0.16912499999999397,"failureMessages":[],"meta":{}},{"ancestorTitles":["authMiddleware","session timeout handling"],"fullName":"authMiddleware session timeout handling returns 401 when session exceeds 15-minute inactivity timeout","status":"passed","title":"returns 401 when session exceeds 15-minute inactivity timeout","duration":0.4117080000000044,"failureMessages":[],"meta":{}},{"ancestorTitles":["authMiddleware","session timeout handling"],"fullName":"authMiddleware session timeout handling returns 401 when session exceeds 12-hour absolute timeout","status":"passed","title":"returns 401 when session exceeds 12-hour absolute timeout","duration":0.16012499999999363,"failureMessages":[],"meta":{}},{"ancestorTitles":["authMiddleware","session timeout handling"],"fullName":"authMiddleware session timeout handling deletes expired session from database","status":"passed","title":"deletes expired session from database","duration":0.1686250000000058,"failureMessages":[],"meta":{}},{"ancestorTitles":["authMiddleware","workspace access verification"],"fullName":"authMiddleware workspace access verification returns 403 when user no longer has workspace access","status":"passed","title":"returns 403 when user no longer has workspace access","duration":0.1784590000000037,"failureMessages":[],"meta":{}},{"ancestorTitles":["authMiddleware","workspace access verification"],"fullName":"authMiddleware workspace access verification skips workspace check for super-admin users","status":"passed","title":"skips workspace check for super-admin users","duration":0.07108299999998735,"failureMessages":[],"meta":{}},{"ancestorTitles":["authMiddleware","error handling"],"fullName":"authMiddleware error handling returns 500 on database error","status":"passed","title":"returns 500 on database error","duration":1.8637080000000026,"failureMessages":[],"meta":{}},{"ancestorTitles":["authMiddleware","sliding cookie expiration"],"fullName":"authMiddleware sliding cookie expiration refreshes cookie when activity is beyond 60s threshold","status":"passed","title":"refreshes cookie when activity is beyond 60s threshold","duration":0.3683330000000069,"failureMessages":[],"meta":{}},{"ancestorTitles":["authMiddleware","sliding cookie expiration"],"fullName":"authMiddleware sliding cookie expiration does NOT refresh cookie when activity is within 60s threshold","status":"passed","title":"does NOT refresh cookie when activity is within 60s threshold","duration":0.14845800000000509,"failureMessages":[],"meta":{}},{"ancestorTitles":["authMiddleware","bearer token authentication"],"fullName":"authMiddleware bearer token authentication authenticates with valid bearer token","status":"passed","title":"authenticates with valid bearer token","duration":0.26624999999999943,"failureMessages":[],"meta":{}},{"ancestorTitles":["authMiddleware","bearer token authentication"],"fullName":"authMiddleware bearer token authentication returns 401 for invalid bearer token","status":"passed","title":"returns 401 for invalid bearer token","duration":0.09233300000001066,"failureMessages":[],"meta":{}},{"ancestorTitles":["authMiddleware","bearer token authentication"],"fullName":"authMiddleware bearer token authentication returns 401 for revoked bearer token","status":"passed","title":"returns 401 for revoked bearer token","duration":0.055165999999999826,"failureMessages":[],"meta":{}},{"ancestorTitles":["authMiddleware","bearer token authentication"],"fullName":"authMiddleware bearer token authentication prefers bearer token over session cookie when both present","status":"passed","title":"prefers bearer token over session cookie when both present","duration":0.09108399999999506,"failureMessages":[],"meta":{}}],"startTime":1773351502892,"endTime":1773351502898.2664,"status":"passed","message":"","name":"/Users/stefanocaruso/Desktop/Gauntlet AI/Shipshape/api/src/__tests__/auth.test.ts"},{"assertionResults":[{"ancestorTitles":["extractHypothesisFromContent","successful extraction"],"fullName":"extractHypothesisFromContent successful extraction extracts hypothesis content from H2 section","status":"passed","title":"extracts hypothesis content from H2 section","duration":0.5261670000000009,"failureMessages":[],"meta":{}},{"ancestorTitles":["extractHypothesisFromContent","successful extraction"],"fullName":"extractHypothesisFromContent successful extraction extracts content until next H2 heading","status":"passed","title":"extracts content until next H2 heading","duration":0.13879099999999767,"failureMessages":[],"meta":{}},{"ancestorTitles":["extractHypothesisFromContent","successful extraction"],"fullName":"extractHypothesisFromContent successful extraction is case-insensitive for heading text","status":"passed","title":"is case-insensitive for heading text","duration":0.05895800000000406,"failureMessages":[],"meta":{}},{"ancestorTitles":["extractHypothesisFromContent","successful extraction"],"fullName":"extractHypothesisFromContent successful extraction extracts content to end of document if no next H2","status":"passed","title":"extracts content to end of document if no next H2","duration":0.1357500000000016,"failureMessages":[],"meta":{}},{"ancestorTitles":["extractHypothesisFromContent","edge cases"],"fullName":"extractHypothesisFromContent edge cases returns null when no Hypothesis heading found","status":"passed","title":"returns null when no Hypothesis heading found","duration":0.04845799999999656,"failureMessages":[],"meta":{}},{"ancestorTitles":["extractHypothesisFromContent","edge cases"],"fullName":"extractHypothesisFromContent edge cases returns null when Hypothesis section is empty","status":"passed","title":"returns null when Hypothesis section is empty","duration":0.06133400000000222,"failureMessages":[],"meta":{}},{"ancestorTitles":["extractHypothesisFromContent","edge cases"],"fullName":"extractHypothesisFromContent edge cases returns null for invalid content types","status":"passed","title":"returns null for invalid content types","duration":0.05258299999999849,"failureMessages":[],"meta":{}},{"ancestorTitles":["extractHypothesisFromContent","edge cases"],"fullName":"extractHypothesisFromContent edge cases returns null when content is not a doc type","status":"passed","title":"returns null when content is not a doc type","duration":0.05170799999999076,"failureMessages":[],"meta":{}},{"ancestorTitles":["extractHypothesisFromContent","edge cases"],"fullName":"extractHypothesisFromContent edge cases handles nested text nodes correctly","status":"passed","title":"handles nested text nodes correctly","duration":0.11970900000000029,"failureMessages":[],"meta":{}},{"ancestorTitles":["extractHypothesisFromContent","edge cases"],"fullName":"extractHypothesisFromContent edge cases ignores H3 and other heading levels","status":"passed","title":"ignores H3 and other heading levels","duration":0.05637499999998852,"failureMessages":[],"meta":{}},{"ancestorTitles":["extractHypothesisFromContent","hypothesisBlock extraction"],"fullName":"extractHypothesisFromContent hypothesisBlock extraction extracts content from hypothesisBlock node","status":"passed","title":"extracts content from hypothesisBlock node","duration":0.026499999999998636,"failureMessages":[],"meta":{}},{"ancestorTitles":["extractHypothesisFromContent","hypothesisBlock extraction"],"fullName":"extractHypothesisFromContent hypothesisBlock extraction prefers hypothesisBlock over H2 heading format","status":"passed","title":"prefers hypothesisBlock over H2 heading format","duration":0.026459000000002675,"failureMessages":[],"meta":{}},{"ancestorTitles":["extractHypothesisFromContent","hypothesisBlock extraction"],"fullName":"extractHypothesisFromContent hypothesisBlock extraction returns null for empty hypothesisBlock","status":"passed","title":"returns null for empty hypothesisBlock","duration":0.01908400000000654,"failureMessages":[],"meta":{}},{"ancestorTitles":["extractHypothesisFromContent","hypothesisBlock extraction"],"fullName":"extractHypothesisFromContent hypothesisBlock extraction handles hypothesisBlock with multiple text nodes","status":"passed","title":"handles hypothesisBlock with multiple text nodes","duration":0.022625000000005002,"failureMessages":[],"meta":{}},{"ancestorTitles":["extractHypothesisFromContent","hypothesisBlock extraction"],"fullName":"extractHypothesisFromContent hypothesisBlock extraction skips empty hypothesisBlock and falls back to H2 heading","status":"passed","title":"skips empty hypothesisBlock and falls back to H2 heading","duration":0.05637500000000273,"failureMessages":[],"meta":{}},{"ancestorTitles":["extractSuccessCriteriaFromContent"],"fullName":"extractSuccessCriteriaFromContent extracts success criteria from H2 section","status":"passed","title":"extracts success criteria from H2 section","duration":0.05258299999999849,"failureMessages":[],"meta":{}},{"ancestorTitles":["extractSuccessCriteriaFromContent"],"fullName":"extractSuccessCriteriaFromContent is case-insensitive","status":"passed","title":"is case-insensitive","duration":0.021625000000000227,"failureMessages":[],"meta":{}},{"ancestorTitles":["extractSuccessCriteriaFromContent"],"fullName":"extractSuccessCriteriaFromContent returns null when not found","status":"passed","title":"returns null when not found","duration":0.0191250000000025,"failureMessages":[],"meta":{}},{"ancestorTitles":["extractVisionFromContent"],"fullName":"extractVisionFromContent extracts vision from H2 section","status":"passed","title":"extracts vision from H2 section","duration":0.07141699999999673,"failureMessages":[],"meta":{}},{"ancestorTitles":["extractVisionFromContent"],"fullName":"extractVisionFromContent is case-insensitive","status":"passed","title":"is case-insensitive","duration":0.02458399999999017,"failureMessages":[],"meta":{}},{"ancestorTitles":["extractVisionFromContent"],"fullName":"extractVisionFromContent returns null when not found","status":"passed","title":"returns null when not found","duration":0.01891700000000185,"failureMessages":[],"meta":{}},{"ancestorTitles":["extractGoalsFromContent"],"fullName":"extractGoalsFromContent extracts goals from H2 section","status":"passed","title":"extracts goals from H2 section","duration":0.048332999999999515,"failureMessages":[],"meta":{}},{"ancestorTitles":["extractGoalsFromContent"],"fullName":"extractGoalsFromContent is case-insensitive","status":"passed","title":"is case-insensitive","duration":0.02254100000000392,"failureMessages":[],"meta":{}},{"ancestorTitles":["extractGoalsFromContent"],"fullName":"extractGoalsFromContent returns null when not found","status":"passed","title":"returns null when not found","duration":0.018166999999991162,"failureMessages":[],"meta":{}},{"ancestorTitles":["checkDocumentCompleteness","project documents"],"fullName":"checkDocumentCompleteness project documents returns complete when plan and success_criteria are present","status":"passed","title":"returns complete when plan and success_criteria are present","duration":0.20095899999999745,"failureMessages":[],"meta":{}},{"ancestorTitles":["checkDocumentCompleteness","project documents"],"fullName":"checkDocumentCompleteness project documents returns incomplete when plan is missing","status":"passed","title":"returns incomplete when plan is missing","duration":0.2577920000000091,"failureMessages":[],"meta":{}},{"ancestorTitles":["checkDocumentCompleteness","project documents"],"fullName":"checkDocumentCompleteness project documents returns incomplete when success_criteria is missing","status":"passed","title":"returns incomplete when success_criteria is missing","duration":0.05025000000000546,"failureMessages":[],"meta":{}},{"ancestorTitles":["checkDocumentCompleteness","project documents"],"fullName":"checkDocumentCompleteness project documents returns incomplete when both are missing","status":"passed","title":"returns incomplete when both are missing","duration":0.055499999999995,"failureMessages":[],"meta":{}},{"ancestorTitles":["checkDocumentCompleteness","project documents"],"fullName":"checkDocumentCompleteness project documents treats empty strings as missing","status":"passed","title":"treats empty strings as missing","duration":0.15587500000000887,"failureMessages":[],"meta":{}},{"ancestorTitles":["checkDocumentCompleteness","project documents"],"fullName":"checkDocumentCompleteness project documents handles null properties object","status":"passed","title":"handles null properties object","duration":0.04312500000000341,"failureMessages":[],"meta":{}},{"ancestorTitles":["checkDocumentCompleteness","sprint documents"],"fullName":"checkDocumentCompleteness sprint documents returns complete when plan present and has linked issues","status":"passed","title":"returns complete when plan present and has linked issues","duration":0.03520900000000893,"failureMessages":[],"meta":{}},{"ancestorTitles":["checkDocumentCompleteness","sprint documents"],"fullName":"checkDocumentCompleteness sprint documents returns complete when sprint has linked issues (plan check removed — plans are now weekly_plan documents)","status":"passed","title":"returns complete when sprint has linked issues (plan check removed — plans are now weekly_plan documents)","duration":0.06920800000000327,"failureMessages":[],"meta":{}},{"ancestorTitles":["checkDocumentCompleteness","sprint documents"],"fullName":"checkDocumentCompleteness sprint documents returns incomplete when no linked issues","status":"passed","title":"returns incomplete when no linked issues","duration":0.04479200000000105,"failureMessages":[],"meta":{}},{"ancestorTitles":["checkDocumentCompleteness","other document types"],"fullName":"checkDocumentCompleteness other document types returns complete for document types without requirements","status":"passed","title":"returns complete for document types without requirements","duration":0.02979100000000301,"failureMessages":[],"meta":{}},{"ancestorTitles":["checkDocumentCompleteness","other document types"],"fullName":"checkDocumentCompleteness other document types returns complete for wiki documents","status":"passed","title":"returns complete for wiki documents","duration":0.026124999999993292,"failureMessages":[],"meta":{}},{"ancestorTitles":["checkDocumentCompleteness","other document types"],"fullName":"checkDocumentCompleteness other document types returns complete for program documents","status":"passed","title":"returns complete for program documents","duration":0.029167000000001053,"failureMessages":[],"meta":{}}],"startTime":1773351502993,"endTime":1773351502996.069,"status":"passed","message":"","name":"/Users/stefanocaruso/Desktop/Gauntlet AI/Shipshape/api/src/__tests__/extractHypothesis.test.ts"},{"assertionResults":[{"ancestorTitles":["transformIssueLinks","pattern matching and transformation"],"fullName":"transformIssueLinks pattern matching and transformation transforms #123 pattern to clickable link","status":"passed","title":"transforms #123 pattern to clickable link","duration":1.3700410000000005,"failureMessages":[],"meta":{}},{"ancestorTitles":["transformIssueLinks","pattern matching and transformation"],"fullName":"transformIssueLinks pattern matching and transformation transforms \"issue #123\" pattern to clickable link","status":"passed","title":"transforms \"issue #123\" pattern to clickable link","duration":0.14262499999999534,"failureMessages":[],"meta":{}},{"ancestorTitles":["transformIssueLinks","pattern matching and transformation"],"fullName":"transformIssueLinks pattern matching and transformation transforms \"ISS-123\" pattern to clickable link","status":"passed","title":"transforms \"ISS-123\" pattern to clickable link","duration":0.11629100000000392,"failureMessages":[],"meta":{}},{"ancestorTitles":["transformIssueLinks","pattern matching and transformation"],"fullName":"transformIssueLinks pattern matching and transformation transforms multiple issue references in same text","status":"passed","title":"transforms multiple issue references in same text","duration":0.28350000000000364,"failureMessages":[],"meta":{}},{"ancestorTitles":["transformIssueLinks","pattern matching and transformation"],"fullName":"transformIssueLinks pattern matching and transformation queries database for all unique ticket numbers","status":"passed","title":"queries database for all unique ticket numbers","duration":0.5539589999999919,"failureMessages":[],"meta":{}},{"ancestorTitles":["transformIssueLinks","pattern matching and transformation"],"fullName":"transformIssueLinks pattern matching and transformation deduplicates ticket numbers in query","status":"passed","title":"deduplicates ticket numbers in query","duration":0.05504100000000278,"failureMessages":[],"meta":{}},{"ancestorTitles":["transformIssueLinks","edge cases"],"fullName":"transformIssueLinks edge cases does not transform text that already has marks","status":"passed","title":"does not transform text that already has marks","duration":0.11595799999999201,"failureMessages":[],"meta":{}},{"ancestorTitles":["transformIssueLinks","edge cases"],"fullName":"transformIssueLinks edge cases keeps issue reference as plain text when issue does not exist","status":"passed","title":"keeps issue reference as plain text when issue does not exist","duration":0.06666699999999537,"failureMessages":[],"meta":{}},{"ancestorTitles":["transformIssueLinks","edge cases"],"fullName":"transformIssueLinks edge cases transforms existing issues but not non-existent ones","status":"passed","title":"transforms existing issues but not non-existent ones","duration":0.2117500000000092,"failureMessages":[],"meta":{}},{"ancestorTitles":["transformIssueLinks","edge cases"],"fullName":"transformIssueLinks edge cases returns unchanged content when no issue patterns found","status":"passed","title":"returns unchanged content when no issue patterns found","duration":0.06308299999999178,"failureMessages":[],"meta":{}},{"ancestorTitles":["transformIssueLinks","edge cases"],"fullName":"transformIssueLinks edge cases returns unchanged content for invalid input","status":"passed","title":"returns unchanged content for invalid input","duration":0.051832999999987805,"failureMessages":[],"meta":{}},{"ancestorTitles":["transformIssueLinks","edge cases"],"fullName":"transformIssueLinks edge cases returns unchanged content when not a doc type","status":"passed","title":"returns unchanged content when not a doc type","duration":0.03650000000000375,"failureMessages":[],"meta":{}},{"ancestorTitles":["transformIssueLinks","edge cases"],"fullName":"transformIssueLinks edge cases handles empty document content","status":"passed","title":"handles empty document content","duration":0.03570799999999963,"failureMessages":[],"meta":{}},{"ancestorTitles":["transformIssueLinks","nested content structures"],"fullName":"transformIssueLinks nested content structures transforms issue links in nested paragraphs","status":"passed","title":"transforms issue links in nested paragraphs","duration":0.0952920000000006,"failureMessages":[],"meta":{}},{"ancestorTitles":["transformIssueLinks","nested content structures"],"fullName":"transformIssueLinks nested content structures transforms issue links in blockquotes","status":"passed","title":"transforms issue links in blockquotes","duration":0.04241700000000037,"failureMessages":[],"meta":{}},{"ancestorTitles":["transformIssueLinks","nested content structures"],"fullName":"transformIssueLinks nested content structures recursively transforms all nested issue references","status":"passed","title":"recursively transforms all nested issue references","duration":0.1716249999999917,"failureMessages":[],"meta":{}},{"ancestorTitles":["transformIssueLinks","workspace isolation"],"fullName":"transformIssueLinks workspace isolation only looks up issues in the specified workspace","status":"passed","title":"only looks up issues in the specified workspace","duration":0.11466599999999971,"failureMessages":[],"meta":{}},{"ancestorTitles":["transformIssueLinks","workspace isolation"],"fullName":"transformIssueLinks workspace isolation does not transform issues from other workspaces","status":"passed","title":"does not transform issues from other workspaces","duration":0.030875000000008868,"failureMessages":[],"meta":{}},{"ancestorTitles":["transformIssueLinks","case variations"],"fullName":"transformIssueLinks case variations handles \"issue #\" with various casings","status":"passed","title":"handles \"issue #\" with various casings","duration":0.045291000000005965,"failureMessages":[],"meta":{}},{"ancestorTitles":["transformIssueLinks","performance considerations"],"fullName":"transformIssueLinks performance considerations does not query database when no patterns detected","status":"passed","title":"does not query database when no patterns detected","duration":0.03670799999999019,"failureMessages":[],"meta":{}},{"ancestorTitles":["transformIssueLinks","performance considerations"],"fullName":"transformIssueLinks performance considerations makes single batch query for multiple issues","status":"passed","title":"makes single batch query for multiple issues","duration":0.036625000000000796,"failureMessages":[],"meta":{}}],"startTime":1773351503197,"endTime":1773351503201.0366,"status":"passed","message":"","name":"/Users/stefanocaruso/Desktop/Gauntlet AI/Shipshape/api/src/__tests__/transformIssueLinks.test.ts"},{"assertionResults":[{"ancestorTitles":["API Tokens","hashToken"],"fullName":"API Tokens hashToken returns consistent hash for same input","status":"passed","title":"returns consistent hash for same input","duration":0.5802499999999924,"failureMessages":[],"meta":{}},{"ancestorTitles":["API Tokens","hashToken"],"fullName":"API Tokens hashToken returns different hash for different input","status":"passed","title":"returns different hash for different input","duration":0.24133299999999736,"failureMessages":[],"meta":{}},{"ancestorTitles":["API Tokens","hashToken"],"fullName":"API Tokens hashToken returns 64-character hex string (SHA-256)","status":"passed","title":"returns 64-character hex string (SHA-256)","duration":0.3121670000000023,"failureMessages":[],"meta":{}},{"ancestorTitles":["API Tokens","hashToken"],"fullName":"API Tokens hashToken is deterministic for token validation","status":"passed","title":"is deterministic for token validation","duration":0.1405419999999964,"failureMessages":[],"meta":{}}],"startTime":1773351503417,"endTime":1773351503418.3123,"status":"passed","message":"","name":"/Users/stefanocaruso/Desktop/Gauntlet AI/Shipshape/api/src/routes/api-tokens.test.ts"},{"assertionResults":[{"ancestorTitles":["Associations Regression Tests","Issue CRUD with belongs_to associations"],"fullName":"Associations Regression Tests Issue CRUD with belongs_to associations creates issue with project and sprint associations via belongs_to","status":"passed","title":"creates issue with project and sprint associations via belongs_to","duration":12.303875000000005,"failureMessages":[],"meta":{}},{"ancestorTitles":["Associations Regression Tests","Issue CRUD with belongs_to associations"],"fullName":"Associations Regression Tests Issue CRUD with belongs_to associations reads issue with belongs_to array correctly","status":"passed","title":"reads issue with belongs_to array correctly","duration":3.775374999999997,"failureMessages":[],"meta":{}},{"ancestorTitles":["Associations Regression Tests","Move issue between sprints"],"fullName":"Associations Regression Tests Move issue between sprints moves issue from sprint 1 to sprint 2 via PATCH belongs_to","status":"passed","title":"moves issue from sprint 1 to sprint 2 via PATCH belongs_to","duration":4.9298330000000306,"failureMessages":[],"meta":{}},{"ancestorTitles":["Associations Regression Tests","Move issue between sprints"],"fullName":"Associations Regression Tests Move issue between sprints removes issue from sprint by omitting sprint in belongs_to","status":"passed","title":"removes issue from sprint by omitting sprint in belongs_to","duration":4.365292000000011,"failureMessages":[],"meta":{}},{"ancestorTitles":["Associations Regression Tests","Multi-parent associations"],"fullName":"Associations Regression Tests Multi-parent associations creates issue belonging to multiple projects","status":"passed","title":"creates issue belonging to multiple projects","duration":3.27554200000003,"failureMessages":[],"meta":{}},{"ancestorTitles":["Associations Regression Tests","Multi-parent associations"],"fullName":"Associations Regression Tests Multi-parent associations queries issues by project via association","status":"passed","title":"queries issues by project via association","duration":3.0917500000000473,"failureMessages":[],"meta":{}},{"ancestorTitles":["Associations Regression Tests","Cascade delete behavior"],"fullName":"Associations Regression Tests Cascade delete behavior deleting document removes its associations from junction table","status":"passed","title":"deleting document removes its associations from junction table","duration":2.111417000000017,"failureMessages":[],"meta":{}},{"ancestorTitles":["Associations Regression Tests","Claude context API"],"fullName":"Associations Regression Tests Claude context API standup context returns issues via junction table","status":"passed","title":"standup context returns issues via junction table","duration":4.019708000000037,"failureMessages":[],"meta":{}},{"ancestorTitles":["Associations Regression Tests","Claude context API"],"fullName":"Associations Regression Tests Claude context API review context returns issues via junction table","status":"passed","title":"review context returns issues via junction table","duration":3.8190839999999753,"failureMessages":[],"meta":{}},{"ancestorTitles":["Associations Regression Tests","Status cascade warning for parent issues"],"fullName":"Associations Regression Tests Status cascade warning for parent issues returns 409 warning when closing parent with incomplete children","status":"passed","title":"returns 409 warning when closing parent with incomplete children","duration":3.176167000000021,"failureMessages":[],"meta":{}},{"ancestorTitles":["Associations Regression Tests","Status cascade warning for parent issues"],"fullName":"Associations Regression Tests Status cascade warning for parent issues allows closing parent with confirm_orphan_children flag","status":"passed","title":"allows closing parent with confirm_orphan_children flag","duration":3.2770419999999945,"failureMessages":[],"meta":{}},{"ancestorTitles":["Associations Regression Tests","Status cascade warning for parent issues"],"fullName":"Associations Regression Tests Status cascade warning for parent issues closes parent without warning if all children are done","status":"passed","title":"closes parent without warning if all children are done","duration":3.2209589999999935,"failureMessages":[],"meta":{}}],"startTime":1773351499354,"endTime":1773351499406.221,"status":"passed","message":"","name":"/Users/stefanocaruso/Desktop/Gauntlet AI/Shipshape/api/src/routes/associations-regression.test.ts"},{"assertionResults":[{"ancestorTitles":["Auth API","POST /api/auth/login"],"fullName":"Auth API POST /api/auth/login should reject login without email","status":"passed","title":"should reject login without email","duration":11.87820899999997,"failureMessages":[],"meta":{}},{"ancestorTitles":["Auth API","POST /api/auth/login"],"fullName":"Auth API POST /api/auth/login should reject login without password","status":"passed","title":"should reject login without password","duration":2.994041999999922,"failureMessages":[],"meta":{}},{"ancestorTitles":["Auth API","POST /api/auth/login"],"fullName":"Auth API POST /api/auth/login should reject login with non-existent email","status":"passed","title":"should reject login with non-existent email","duration":3.5154580000000806,"failureMessages":[],"meta":{}},{"ancestorTitles":["Auth API","POST /api/auth/login"],"fullName":"Auth API POST /api/auth/login should reject login with wrong password","status":"passed","title":"should reject login with wrong password","duration":51.70324999999991,"failureMessages":[],"meta":{}},{"ancestorTitles":["Auth API","POST /api/auth/login"],"fullName":"Auth API POST /api/auth/login should accept valid credentials and set session cookie","status":"passed","title":"should accept valid credentials and set session cookie","duration":54.21829200000002,"failureMessages":[],"meta":{}},{"ancestorTitles":["Auth API","POST /api/auth/login"],"fullName":"Auth API POST /api/auth/login should handle case-insensitive email lookup","status":"passed","title":"should handle case-insensitive email lookup","duration":51.63704199999995,"failureMessages":[],"meta":{}},{"ancestorTitles":["Auth API","POST /api/auth/login"],"fullName":"Auth API POST /api/auth/login should reject PIV-only user attempting password login","status":"passed","title":"should reject PIV-only user attempting password login","duration":4.520790999999917,"failureMessages":[],"meta":{}},{"ancestorTitles":["Auth API","POST /api/auth/logout"],"fullName":"Auth API POST /api/auth/logout should reject logout without session","status":"passed","title":"should reject logout without session","duration":1.910333000000037,"failureMessages":[],"meta":{}},{"ancestorTitles":["Auth API","POST /api/auth/logout"],"fullName":"Auth API POST /api/auth/logout should successfully logout with valid session","status":"passed","title":"should successfully logout with valid session","duration":54.664750000000026,"failureMessages":[],"meta":{}},{"ancestorTitles":["Auth API","GET /api/auth/me"],"fullName":"Auth API GET /api/auth/me should reject request without session","status":"passed","title":"should reject request without session","duration":0.6453749999999445,"failureMessages":[],"meta":{}},{"ancestorTitles":["Auth API","GET /api/auth/me"],"fullName":"Auth API GET /api/auth/me should return user info for valid session","status":"passed","title":"should return user info for valid session","duration":1.189958000000047,"failureMessages":[],"meta":{}},{"ancestorTitles":["Auth API","GET /api/auth/me"],"fullName":"Auth API GET /api/auth/me should reject expired session","status":"passed","title":"should reject expired session","duration":1.3690000000000282,"failureMessages":[],"meta":{}},{"ancestorTitles":["Auth API","POST /api/auth/extend-session"],"fullName":"Auth API POST /api/auth/extend-session should extend session expiry","status":"passed","title":"should extend session expiry","duration":53.62704099999996,"failureMessages":[],"meta":{}},{"ancestorTitles":["Auth API","GET /api/auth/session"],"fullName":"Auth API GET /api/auth/session should return session info","status":"passed","title":"should return session info","duration":52.69566700000007,"failureMessages":[],"meta":{}},{"ancestorTitles":["Auth API","Session Security"],"fullName":"Auth API Session Security should generate unique session IDs for each login","status":"passed","title":"should generate unique session IDs for each login","duration":102.14158300000008,"failureMessages":[],"meta":{}},{"ancestorTitles":["Auth API","Session Security"],"fullName":"Auth API Session Security should invalidate old session on re-login (session fixation prevention)","status":"passed","title":"should invalidate old session on re-login (session fixation prevention)","duration":103.3525830000001,"failureMessages":[],"meta":{}}],"startTime":1773351496203,"endTime":1773351496807.3525,"status":"passed","message":"","name":"/Users/stefanocaruso/Desktop/Gauntlet AI/Shipshape/api/src/routes/auth.test.ts"},{"assertionResults":[{"ancestorTitles":["Backlinks API","GET /api/documents/:id/backlinks"],"fullName":"Backlinks API GET /api/documents/:id/backlinks should return documents that link to the target document","status":"passed","title":"should return documents that link to the target document","duration":8.386416999999994,"failureMessages":[],"meta":{}},{"ancestorTitles":["Backlinks API","GET /api/documents/:id/backlinks"],"fullName":"Backlinks API GET /api/documents/:id/backlinks should return empty array for document with no backlinks","status":"passed","title":"should return empty array for document with no backlinks","duration":4.087167000000022,"failureMessages":[],"meta":{}},{"ancestorTitles":["Backlinks API","GET /api/documents/:id/backlinks"],"fullName":"Backlinks API GET /api/documents/:id/backlinks should require authentication","status":"passed","title":"should require authentication","duration":2.1529579999999555,"failureMessages":[],"meta":{}},{"ancestorTitles":["Backlinks API","GET /api/documents/:id/backlinks"],"fullName":"Backlinks API GET /api/documents/:id/backlinks should respect workspace scope","status":"passed","title":"should respect workspace scope","duration":4.921249999999986,"failureMessages":[],"meta":{}},{"ancestorTitles":["Backlinks API","GET /api/documents/:id/backlinks"],"fullName":"Backlinks API GET /api/documents/:id/backlinks should return 404 for non-existent document","status":"passed","title":"should return 404 for non-existent document","duration":2.473583000000019,"failureMessages":[],"meta":{}},{"ancestorTitles":["Backlinks API","GET /api/documents/:id/backlinks"],"fullName":"Backlinks API GET /api/documents/:id/backlinks should include display_id for issue documents with ticket numbers","status":"passed","title":"should include display_id for issue documents with ticket numbers","duration":3.7569579999999974,"failureMessages":[],"meta":{}},{"ancestorTitles":["Backlinks API","GET /api/documents/:id/backlinks"],"fullName":"Backlinks API GET /api/documents/:id/backlinks should order backlinks by created_at DESC","status":"passed","title":"should order backlinks by created_at DESC","duration":2.802000000000021,"failureMessages":[],"meta":{}},{"ancestorTitles":["Backlinks API","POST /api/documents/:id/links"],"fullName":"Backlinks API POST /api/documents/:id/links should create links to target documents","status":"passed","title":"should create links to target documents","duration":7.286584000000005,"failureMessages":[],"meta":{}},{"ancestorTitles":["Backlinks API","POST /api/documents/:id/links"],"fullName":"Backlinks API POST /api/documents/:id/links should replace existing links","status":"passed","title":"should replace existing links","duration":3.87008400000002,"failureMessages":[],"meta":{}},{"ancestorTitles":["Backlinks API","POST /api/documents/:id/links"],"fullName":"Backlinks API POST /api/documents/:id/links should clear all links when target_ids is empty","status":"passed","title":"should clear all links when target_ids is empty","duration":2.6695419999999785,"failureMessages":[],"meta":{}},{"ancestorTitles":["Backlinks API","POST /api/documents/:id/links"],"fullName":"Backlinks API POST /api/documents/:id/links should require authentication","status":"passed","title":"should require authentication","duration":2.0858329999999796,"failureMessages":[],"meta":{}},{"ancestorTitles":["Backlinks API","POST /api/documents/:id/links"],"fullName":"Backlinks API POST /api/documents/:id/links should validate input schema","status":"passed","title":"should validate input schema","duration":1.9091659999999706,"failureMessages":[],"meta":{}},{"ancestorTitles":["Backlinks API","POST /api/documents/:id/links"],"fullName":"Backlinks API POST /api/documents/:id/links should reject invalid UUID in target_ids","status":"passed","title":"should reject invalid UUID in target_ids","duration":1.9181250000000318,"failureMessages":[],"meta":{}},{"ancestorTitles":["Backlinks API","POST /api/documents/:id/links"],"fullName":"Backlinks API POST /api/documents/:id/links should return 404 for non-existent source document","status":"passed","title":"should return 404 for non-existent source document","duration":2.965833000000032,"failureMessages":[],"meta":{}},{"ancestorTitles":["Backlinks API","POST /api/documents/:id/links"],"fullName":"Backlinks API POST /api/documents/:id/links should return 400 when target document does not exist","status":"passed","title":"should return 400 when target document does not exist","duration":2.265416000000016,"failureMessages":[],"meta":{}},{"ancestorTitles":["Backlinks API","POST /api/documents/:id/links"],"fullName":"Backlinks API POST /api/documents/:id/links should respect workspace scope for source document","status":"passed","title":"should respect workspace scope for source document","duration":3.007041999999956,"failureMessages":[],"meta":{}},{"ancestorTitles":["Backlinks API","POST /api/documents/:id/links"],"fullName":"Backlinks API POST /api/documents/:id/links should respect workspace scope for target documents","status":"passed","title":"should respect workspace scope for target documents","duration":2.7638750000000414,"failureMessages":[],"meta":{}}],"startTime":1773351498995,"endTime":1773351499054.764,"status":"passed","message":"","name":"/Users/stefanocaruso/Desktop/Gauntlet AI/Shipshape/api/src/routes/backlinks.test.ts"},{"assertionResults":[{"ancestorTitles":["Circular Reference Protection","Self-reference prevention"],"fullName":"Circular Reference Protection Self-reference prevention should reject setting parent_id to own id","status":"passed","title":"should reject setting parent_id to own id","duration":1.4977500000000106,"failureMessages":[],"meta":{}},{"ancestorTitles":["Circular Reference Protection","Circular chain prevention (trigger)"],"fullName":"Circular Reference Protection Circular chain prevention (trigger) should allow valid parent chain A -> B -> C","status":"passed","title":"should allow valid parent chain A -> B -> C","duration":5.282584,"failureMessages":[],"meta":{}},{"ancestorTitles":["Circular Reference Protection","Circular chain prevention (trigger)"],"fullName":"Circular Reference Protection Circular chain prevention (trigger) should reject circular reference A -> B -> C -> A","status":"passed","title":"should reject circular reference A -> B -> C -> A","duration":0.47424999999999784,"failureMessages":[],"meta":{}},{"ancestorTitles":["Circular Reference Protection","Circular chain prevention (trigger)"],"fullName":"Circular Reference Protection Circular chain prevention (trigger) should reject two-node cycle A -> B -> A","status":"passed","title":"should reject two-node cycle A -> B -> A","duration":4.135166999999996,"failureMessages":[],"meta":{}},{"ancestorTitles":["Circular Reference Protection","Deep nesting allowed"],"fullName":"Circular Reference Protection Deep nesting allowed should allow nesting up to 100 levels","status":"passed","title":"should allow nesting up to 100 levels","duration":6.8716249999999945,"failureMessages":[],"meta":{}}],"startTime":1773351501674,"endTime":1773351501692.8716,"status":"passed","message":"","name":"/Users/stefanocaruso/Desktop/Gauntlet AI/Shipshape/api/src/routes/circular-reference.test.ts"},{"assertionResults":[{"ancestorTitles":["Document Visibility","Basic visibility filtering"],"fullName":"Document Visibility Basic visibility filtering returns workspace docs to all workspace members","status":"passed","title":"returns workspace docs to all workspace members","duration":5.535500000000013,"failureMessages":[],"meta":{}},{"ancestorTitles":["Document Visibility","Basic visibility filtering"],"fullName":"Document Visibility Basic visibility filtering returns private docs only to creator","status":"passed","title":"returns private docs only to creator","duration":3.46875,"failureMessages":[],"meta":{}},{"ancestorTitles":["Document Visibility","Basic visibility filtering"],"fullName":"Document Visibility Basic visibility filtering returns private docs to workspace admins","status":"passed","title":"returns private docs to workspace admins","duration":1.997333000000026,"failureMessages":[],"meta":{}},{"ancestorTitles":["Document Visibility","Basic visibility filtering"],"fullName":"Document Visibility Basic visibility filtering excludes other users private docs from list","status":"passed","title":"excludes other users private docs from list","duration":1.8436669999999822,"failureMessages":[],"meta":{}},{"ancestorTitles":["Document Visibility","Single document access"],"fullName":"Document Visibility Single document access allows creator to access their private doc","status":"passed","title":"allows creator to access their private doc","duration":2.379415999999992,"failureMessages":[],"meta":{}},{"ancestorTitles":["Document Visibility","Single document access"],"fullName":"Document Visibility Single document access blocks non-creator from accessing private doc","status":"passed","title":"blocks non-creator from accessing private doc","duration":3.931666000000007,"failureMessages":[],"meta":{}},{"ancestorTitles":["Document Visibility","Single document access"],"fullName":"Document Visibility Single document access allows admin to access any private doc","status":"passed","title":"allows admin to access any private doc","duration":2.0584579999999733,"failureMessages":[],"meta":{}},{"ancestorTitles":["Document Visibility","Single document access"],"fullName":"Document Visibility Single document access returns 404 for private doc accessed by non-creator","status":"passed","title":"returns 404 for private doc accessed by non-creator","duration":1.5351249999999936,"failureMessages":[],"meta":{}},{"ancestorTitles":["Document Visibility","Creating documents"],"fullName":"Document Visibility Creating documents creates document with workspace visibility by default","status":"passed","title":"creates document with workspace visibility by default","duration":4.145541999999978,"failureMessages":[],"meta":{}},{"ancestorTitles":["Document Visibility","Creating documents"],"fullName":"Document Visibility Creating documents allows creating document with private visibility","status":"passed","title":"allows creating document with private visibility","duration":1.7397910000000252,"failureMessages":[],"meta":{}},{"ancestorTitles":["Document Visibility","Creating documents"],"fullName":"Document Visibility Creating documents inherits visibility from parent document","status":"passed","title":"inherits visibility from parent document","duration":1.9900420000000167,"failureMessages":[],"meta":{}},{"ancestorTitles":["Document Visibility","Updating visibility"],"fullName":"Document Visibility Updating visibility allows creator to change visibility to private","status":"passed","title":"allows creator to change visibility to private","duration":6.04812499999997,"failureMessages":[],"meta":{}},{"ancestorTitles":["Document Visibility","Updating visibility"],"fullName":"Document Visibility Updating visibility allows creator to change visibility to workspace","status":"passed","title":"allows creator to change visibility to workspace","duration":2.6435409999999706,"failureMessages":[],"meta":{}},{"ancestorTitles":["Document Visibility","Updating visibility"],"fullName":"Document Visibility Updating visibility cascades visibility change to child documents","status":"passed","title":"cascades visibility change to child documents","duration":3.672875000000033,"failureMessages":[],"meta":{}},{"ancestorTitles":["Document Visibility","Updating visibility"],"fullName":"Document Visibility Updating visibility prevents non-creator from changing visibility","status":"passed","title":"prevents non-creator from changing visibility","duration":1.6692089999999666,"failureMessages":[],"meta":{}},{"ancestorTitles":["Document Visibility","Updating visibility"],"fullName":"Document Visibility Updating visibility allows admin to change any document visibility","status":"passed","title":"allows admin to change any document visibility","duration":2.1403339999999957,"failureMessages":[],"meta":{}},{"ancestorTitles":["Document Visibility","Moving documents"],"fullName":"Document Visibility Moving documents updates visibility when moving private doc to workspace parent","status":"passed","title":"updates visibility when moving private doc to workspace parent","duration":3.049624999999992,"failureMessages":[],"meta":{}},{"ancestorTitles":["Document Visibility","Moving documents"],"fullName":"Document Visibility Moving documents preserves visibility when moving workspace doc to workspace parent","status":"passed","title":"preserves visibility when moving workspace doc to workspace parent","duration":2.60029099999997,"failureMessages":[],"meta":{}},{"ancestorTitles":["Document Visibility","Search"],"fullName":"Document Visibility Search includes private docs in search for creator","status":"passed","title":"includes private docs in search for creator","duration":2.41862500000002,"failureMessages":[],"meta":{}},{"ancestorTitles":["Document Visibility","Search"],"fullName":"Document Visibility Search excludes private docs from search for non-creator","status":"passed","title":"excludes private docs from search for non-creator","duration":4.038167000000044,"failureMessages":[],"meta":{}},{"ancestorTitles":["Document Visibility","Search"],"fullName":"Document Visibility Search includes private docs in search for admin","status":"passed","title":"includes private docs in search for admin","duration":1.687249999999949,"failureMessages":[],"meta":{}}],"startTime":1773351498280,"endTime":1773351498340.6873,"status":"passed","message":"","name":"/Users/stefanocaruso/Desktop/Gauntlet AI/Shipshape/api/src/routes/documents-visibility.test.ts"},{"assertionResults":[{"ancestorTitles":["Documents API - PATCH with Issue Fields","PATCH /api/documents/:id with top-level issue fields"],"fullName":"Documents API - PATCH with Issue Fields PATCH /api/documents/:id with top-level issue fields should accept state at top level and store in properties","status":"passed","title":"should accept state at top level and store in properties","duration":11.288040999999964,"failureMessages":[],"meta":{}},{"ancestorTitles":["Documents API - PATCH with Issue Fields","PATCH /api/documents/:id with top-level issue fields"],"fullName":"Documents API - PATCH with Issue Fields PATCH /api/documents/:id with top-level issue fields should accept priority at top level and store in properties","status":"passed","title":"should accept priority at top level and store in properties","duration":4.139499999999998,"failureMessages":[],"meta":{}},{"ancestorTitles":["Documents API - PATCH with Issue Fields","PATCH /api/documents/:id with top-level issue fields"],"fullName":"Documents API - PATCH with Issue Fields PATCH /api/documents/:id with top-level issue fields should accept estimate at top level and store in properties","status":"passed","title":"should accept estimate at top level and store in properties","duration":2.4747090000000185,"failureMessages":[],"meta":{}},{"ancestorTitles":["Documents API - PATCH with Issue Fields","PATCH /api/documents/:id with top-level issue fields"],"fullName":"Documents API - PATCH with Issue Fields PATCH /api/documents/:id with top-level issue fields should accept assignee_id at top level and store in properties","status":"passed","title":"should accept assignee_id at top level and store in properties","duration":2.8787909999999783,"failureMessages":[],"meta":{}},{"ancestorTitles":["Documents API - PATCH with Issue Fields","PATCH /api/documents/:id with top-level issue fields"],"fullName":"Documents API - PATCH with Issue Fields PATCH /api/documents/:id with top-level issue fields should accept null estimate to clear hours","status":"passed","title":"should accept null estimate to clear hours","duration":4.935667000000024,"failureMessages":[],"meta":{}},{"ancestorTitles":["Documents API - PATCH with Issue Fields","PATCH /api/documents/:id with top-level issue fields"],"fullName":"Documents API - PATCH with Issue Fields PATCH /api/documents/:id with top-level issue fields should accept belongs_to for sprint association","status":"passed","title":"should accept belongs_to for sprint association","duration":3.774583000000007,"failureMessages":[],"meta":{}},{"ancestorTitles":["Documents API - PATCH with Issue Fields","PATCH /api/documents/:id with top-level issue fields"],"fullName":"Documents API - PATCH with Issue Fields PATCH /api/documents/:id with top-level issue fields should accept multiple top-level fields in one request","status":"passed","title":"should accept multiple top-level fields in one request","duration":3.6182919999999967,"failureMessages":[],"meta":{}},{"ancestorTitles":["Documents API - Weekly Doc Resubmission"],"fullName":"Documents API - Weekly Doc Resubmission moves plan_approval back to changed_since_approved after weekly plan edit","status":"passed","title":"moves plan_approval back to changed_since_approved after weekly plan edit","duration":3.9551250000000095,"failureMessages":[],"meta":{}},{"ancestorTitles":["Documents API - Weekly Doc Resubmission"],"fullName":"Documents API - Weekly Doc Resubmission moves review_approval back to changed_since_approved after weekly retro edit","status":"passed","title":"moves review_approval back to changed_since_approved after weekly retro edit","duration":4.336332999999968,"failureMessages":[],"meta":{}},{"ancestorTitles":["Documents API - Delete","DELETE /api/documents/:id"],"fullName":"Documents API - Delete DELETE /api/documents/:id should delete a document and return 204","status":"passed","title":"should delete a document and return 204","duration":1.632249999999999,"failureMessages":[],"meta":{}},{"ancestorTitles":["Documents API - Delete","DELETE /api/documents/:id"],"fullName":"Documents API - Delete DELETE /api/documents/:id should return 404 when deleting non-existent document","status":"passed","title":"should return 404 when deleting non-existent document","duration":1.237041999999974,"failureMessages":[],"meta":{}},{"ancestorTitles":["Documents API - Delete","DELETE /api/documents/:id"],"fullName":"Documents API - Delete DELETE /api/documents/:id should return 403 when not authenticated (CSRF check runs first)","status":"passed","title":"should return 403 when not authenticated (CSRF check runs first)","duration":1.6360420000000317,"failureMessages":[],"meta":{}},{"ancestorTitles":["Documents API - Delete","DELETE /api/documents/:id"],"fullName":"Documents API - Delete DELETE /api/documents/:id should return 404 when trying to delete document from another workspace","status":"passed","title":"should return 404 when trying to delete document from another workspace","duration":2.1347920000000045,"failureMessages":[],"meta":{}},{"ancestorTitles":["Documents API - Delete","DELETE /api/documents/:id"],"fullName":"Documents API - Delete DELETE /api/documents/:id should allow deleting a document with children (cascade)","status":"passed","title":"should allow deleting a document with children (cascade)","duration":2.686208000000022,"failureMessages":[],"meta":{}},{"ancestorTitles":["Documents API - Delete","DELETE /api/documents/:id"],"fullName":"Documents API - Delete DELETE /api/documents/:id should return 403 when session is expired (CSRF check runs first)","status":"passed","title":"should return 403 when session is expired (CSRF check runs first)","duration":1.960374999999999,"failureMessages":[],"meta":{}},{"ancestorTitles":["Documents API - Conversion","POST /api/documents/:id/convert"],"fullName":"Documents API - Conversion POST /api/documents/:id/convert should convert issue to project and copy program associations","status":"passed","title":"should convert issue to project and copy program associations","duration":2.4923749999999814,"failureMessages":[],"meta":{}},{"ancestorTitles":["Documents API - Conversion","POST /api/documents/:id/convert"],"fullName":"Documents API - Conversion POST /api/documents/:id/convert should convert project to issue and copy program associations","status":"passed","title":"should convert project to issue and copy program associations","duration":2.5277920000000336,"failureMessages":[],"meta":{}},{"ancestorTitles":["Documents API - Conversion","POST /api/documents/:id/undo-conversion"],"fullName":"Documents API - Conversion POST /api/documents/:id/undo-conversion should undo conversion and restore original associations","status":"passed","title":"should undo conversion and restore original associations","duration":4.083417000000054,"failureMessages":[],"meta":{}},{"ancestorTitles":["Documents API - Conversion","POST /api/documents/:id/undo-conversion"],"fullName":"Documents API - Conversion POST /api/documents/:id/undo-conversion should have no orphaned associations after conversion/undo cycle","status":"passed","title":"should have no orphaned associations after conversion/undo cycle","duration":5.44033300000001,"failureMessages":[],"meta":{}}],"startTime":1773351497538,"endTime":1773351497616.4404,"status":"passed","message":"","name":"/Users/stefanocaruso/Desktop/Gauntlet AI/Shipshape/api/src/routes/documents.test.ts"},{"assertionResults":[{"ancestorTitles":["Files API"],"fullName":"Files API POST /api/files/upload returns 403 without valid session (CSRF blocks first)","status":"passed","title":"POST /api/files/upload returns 403 without valid session (CSRF blocks first)","duration":4.185584000000006,"failureMessages":[],"meta":{}},{"ancestorTitles":["Files API"],"fullName":"Files API POST /api/files/upload creates file record and returns upload URL","status":"passed","title":"POST /api/files/upload creates file record and returns upload URL","duration":3.7111249999999814,"failureMessages":[],"meta":{}},{"ancestorTitles":["Files API"],"fullName":"Files API POST /api/files/upload rejects blocked file types","status":"passed","title":"POST /api/files/upload rejects blocked file types","duration":1.6595839999999953,"failureMessages":[],"meta":{}},{"ancestorTitles":["Files API"],"fullName":"Files API POST /api/files/:id/confirm updates file status and returns CDN URL","status":"passed","title":"POST /api/files/:id/confirm updates file status and returns CDN URL","duration":4.513417000000004,"failureMessages":[],"meta":{}},{"ancestorTitles":["Files API"],"fullName":"Files API POST /api/files/:id/confirm returns 404 for non-existent file","status":"passed","title":"POST /api/files/:id/confirm returns 404 for non-existent file","duration":1.3084579999999733,"failureMessages":[],"meta":{}},{"ancestorTitles":["Files API"],"fullName":"Files API GET /api/files/:id returns file metadata","status":"passed","title":"GET /api/files/:id returns file metadata","duration":5.025291000000038,"failureMessages":[],"meta":{}},{"ancestorTitles":["Files API"],"fullName":"Files API DELETE /api/files/:id deletes file record","status":"passed","title":"DELETE /api/files/:id deletes file record","duration":2.9691669999999704,"failureMessages":[],"meta":{}}],"startTime":1773351501418,"endTime":1773351501440.9692,"status":"passed","message":"","name":"/Users/stefanocaruso/Desktop/Gauntlet AI/Shipshape/api/src/routes/files.test.ts"},{"assertionResults":[{"ancestorTitles":["Health endpoint"],"fullName":"Health endpoint returns ok status","status":"passed","title":"returns ok status","duration":6.332334000000003,"failureMessages":[],"meta":{}}],"startTime":1773351502784,"endTime":1773351502790.3323,"status":"passed","message":"","name":"/Users/stefanocaruso/Desktop/Gauntlet AI/Shipshape/api/src/routes/health.test.ts"},{"assertionResults":[{"ancestorTitles":["Issues History API","POST /api/issues/:id/history"],"fullName":"Issues History API POST /api/issues/:id/history creates history entry with valid data","status":"passed","title":"creates history entry with valid data","duration":9.215375000000023,"failureMessages":[],"meta":{}},{"ancestorTitles":["Issues History API","POST /api/issues/:id/history"],"fullName":"Issues History API POST /api/issues/:id/history creates history entry without automated_by","status":"passed","title":"creates history entry without automated_by","duration":1.8104160000000036,"failureMessages":[],"meta":{}},{"ancestorTitles":["Issues History API","POST /api/issues/:id/history"],"fullName":"Issues History API POST /api/issues/:id/history returns 400 for missing field","status":"passed","title":"returns 400 for missing field","duration":2.165791000000013,"failureMessages":[],"meta":{}},{"ancestorTitles":["Issues History API","POST /api/issues/:id/history"],"fullName":"Issues History API POST /api/issues/:id/history returns 400 for empty field","status":"passed","title":"returns 400 for empty field","duration":1.2994999999999948,"failureMessages":[],"meta":{}},{"ancestorTitles":["Issues History API","POST /api/issues/:id/history"],"fullName":"Issues History API POST /api/issues/:id/history returns 400 for field too long","status":"passed","title":"returns 400 for field too long","duration":1.1720830000000149,"failureMessages":[],"meta":{}},{"ancestorTitles":["Issues History API","POST /api/issues/:id/history"],"fullName":"Issues History API POST /api/issues/:id/history returns 404 for non-existent issue","status":"passed","title":"returns 404 for non-existent issue","duration":0.764708000000013,"failureMessages":[],"meta":{}},{"ancestorTitles":["Issues History API","POST /api/issues/:id/history"],"fullName":"Issues History API POST /api/issues/:id/history accepts null values","status":"passed","title":"accepts null values","duration":0.7232500000000073,"failureMessages":[],"meta":{}},{"ancestorTitles":["Issues History API","GET /api/issues/:id/history"],"fullName":"Issues History API GET /api/issues/:id/history returns history entries with automated_by","status":"passed","title":"returns history entries with automated_by","duration":1.1891660000000002,"failureMessages":[],"meta":{}},{"ancestorTitles":["Issues History API","GET /api/issues/:id/history"],"fullName":"Issues History API GET /api/issues/:id/history returns 404 for non-existent issue","status":"passed","title":"returns 404 for non-existent issue","duration":2.1764579999999967,"failureMessages":[],"meta":{}},{"ancestorTitles":["Issues History API","PATCH /api/issues/:id with claude_metadata"],"fullName":"Issues History API PATCH /api/issues/:id with claude_metadata accepts claude_metadata with telemetry","status":"passed","title":"accepts claude_metadata with telemetry","duration":1.4359579999999994,"failureMessages":[],"meta":{}},{"ancestorTitles":["Issues History API","PATCH /api/issues/:id with claude_metadata"],"fullName":"Issues History API PATCH /api/issues/:id with claude_metadata rejects claude_metadata with invalid confidence","status":"passed","title":"rejects claude_metadata with invalid confidence","duration":0.7932919999999797,"failureMessages":[],"meta":{}},{"ancestorTitles":["Issues History API","PATCH /api/issues/:id with claude_metadata"],"fullName":"Issues History API PATCH /api/issues/:id with claude_metadata rejects claude_metadata with wrong updated_by","status":"passed","title":"rejects claude_metadata with wrong updated_by","duration":0.585833000000008,"failureMessages":[],"meta":{}}],"startTime":1773351502327,"endTime":1773351502350.586,"status":"passed","message":"","name":"/Users/stefanocaruso/Desktop/Gauntlet AI/Shipshape/api/src/routes/issues-history.test.ts"},{"assertionResults":[{"ancestorTitles":["Issues API","GET /api/issues"],"fullName":"Issues API GET /api/issues should return list of issues","status":"passed","title":"should return list of issues","duration":3.6767919999999776,"failureMessages":[],"meta":{}},{"ancestorTitles":["Issues API","GET /api/issues"],"fullName":"Issues API GET /api/issues should filter issues by sprint_id","status":"passed","title":"should filter issues by sprint_id","duration":2.7594589999999926,"failureMessages":[],"meta":{}},{"ancestorTitles":["Issues API","GET /api/issues"],"fullName":"Issues API GET /api/issues should reject unauthenticated request","status":"passed","title":"should reject unauthenticated request","duration":0.9617079999999874,"failureMessages":[],"meta":{}},{"ancestorTitles":["Issues API","GET /api/issues/:id"],"fullName":"Issues API GET /api/issues/:id should return issue by id","status":"passed","title":"should return issue by id","duration":2.5483330000000137,"failureMessages":[],"meta":{}},{"ancestorTitles":["Issues API","GET /api/issues/:id"],"fullName":"Issues API GET /api/issues/:id should return 404 for non-existent issue","status":"passed","title":"should return 404 for non-existent issue","duration":1.629165999999998,"failureMessages":[],"meta":{}},{"ancestorTitles":["Issues API","GET /api/issues/by-ticket/:number"],"fullName":"Issues API GET /api/issues/by-ticket/:number should find issue by ticket number","status":"passed","title":"should find issue by ticket number","duration":2.340917000000047,"failureMessages":[],"meta":{}},{"ancestorTitles":["Issues API","GET /api/issues/by-ticket/:number"],"fullName":"Issues API GET /api/issues/by-ticket/:number should return 404 for non-existent ticket number","status":"passed","title":"should return 404 for non-existent ticket number","duration":1.5484169999999722,"failureMessages":[],"meta":{}},{"ancestorTitles":["Issues API","POST /api/issues"],"fullName":"Issues API POST /api/issues should create a new issue","status":"passed","title":"should create a new issue","duration":8.644958000000031,"failureMessages":[],"meta":{}},{"ancestorTitles":["Issues API","POST /api/issues"],"fullName":"Issues API POST /api/issues should create issue with optional fields","status":"passed","title":"should create issue with optional fields","duration":2.716542000000004,"failureMessages":[],"meta":{}},{"ancestorTitles":["Issues API","POST /api/issues"],"fullName":"Issues API POST /api/issues should create issue without belongs_to (valid)","status":"passed","title":"should create issue without belongs_to (valid)","duration":2.6603750000000446,"failureMessages":[],"meta":{}},{"ancestorTitles":["Issues API","PATCH /api/issues/:id"],"fullName":"Issues API PATCH /api/issues/:id should update issue title","status":"passed","title":"should update issue title","duration":3.150457999999958,"failureMessages":[],"meta":{}},{"ancestorTitles":["Issues API","PATCH /api/issues/:id"],"fullName":"Issues API PATCH /api/issues/:id should update issue state","status":"passed","title":"should update issue state","duration":2.301040999999998,"failureMessages":[],"meta":{}},{"ancestorTitles":["Issues API","PATCH /api/issues/:id"],"fullName":"Issues API PATCH /api/issues/:id should update issue belongs_to","status":"passed","title":"should update issue belongs_to","duration":2.1731249999999704,"failureMessages":[],"meta":{}},{"ancestorTitles":["Issues API","PATCH /api/issues/:id"],"fullName":"Issues API PATCH /api/issues/:id should return 404 for non-existent issue","status":"passed","title":"should return 404 for non-existent issue","duration":1.2071670000000267,"failureMessages":[],"meta":{}},{"ancestorTitles":["Issues API","DELETE /api/issues/:id"],"fullName":"Issues API DELETE /api/issues/:id should delete an issue","status":"passed","title":"should delete an issue","duration":3.7264999999999873,"failureMessages":[],"meta":{}},{"ancestorTitles":["Issues API","GET /api/issues/:id/children"],"fullName":"Issues API GET /api/issues/:id/children should return child issues","status":"passed","title":"should return child issues","duration":2.674874999999986,"failureMessages":[],"meta":{}},{"ancestorTitles":["Issues API","POST /api/issues/bulk"],"fullName":"Issues API POST /api/issues/bulk should update multiple issues at once","status":"passed","title":"should update multiple issues at once","duration":5.98279100000002,"failureMessages":[],"meta":{}},{"ancestorTitles":["Issues API","POST /api/issues/bulk"],"fullName":"Issues API POST /api/issues/bulk should bulk archive issues","status":"passed","title":"should bulk archive issues","duration":1.6815840000000435,"failureMessages":[],"meta":{}},{"ancestorTitles":["Issues API","State Transitions"],"fullName":"Issues API State Transitions should transition from backlog to in_progress","status":"passed","title":"should transition from backlog to in_progress","duration":1.9913339999999948,"failureMessages":[],"meta":{}},{"ancestorTitles":["Issues API","State Transitions"],"fullName":"Issues API State Transitions should transition from in_progress to in_review","status":"passed","title":"should transition from in_progress to in_review","duration":1.8226249999999595,"failureMessages":[],"meta":{}},{"ancestorTitles":["Issues API","State Transitions"],"fullName":"Issues API State Transitions should transition from in_review to done","status":"passed","title":"should transition from in_review to done","duration":2.1769580000000133,"failureMessages":[],"meta":{}}],"startTime":1773351497916,"endTime":1773351497978.177,"status":"passed","message":"","name":"/Users/stefanocaruso/Desktop/Gauntlet AI/Shipshape/api/src/routes/issues.test.ts"},{"assertionResults":[{"ancestorTitles":["Iterations API","POST /api/weeks/:id/iterations"],"fullName":"Iterations API POST /api/weeks/:id/iterations creates iteration with valid data","status":"passed","title":"creates iteration with valid data","duration":8.758874999999989,"failureMessages":[],"meta":{}},{"ancestorTitles":["Iterations API","POST /api/weeks/:id/iterations"],"fullName":"Iterations API POST /api/weeks/:id/iterations returns 400 for invalid status","status":"passed","title":"returns 400 for invalid status","duration":2.2555419999999913,"failureMessages":[],"meta":{}},{"ancestorTitles":["Iterations API","POST /api/weeks/:id/iterations"],"fullName":"Iterations API POST /api/weeks/:id/iterations returns 400 for missing story_title","status":"passed","title":"returns 400 for missing story_title","duration":0.9609590000000026,"failureMessages":[],"meta":{}},{"ancestorTitles":["Iterations API","POST /api/weeks/:id/iterations"],"fullName":"Iterations API POST /api/weeks/:id/iterations returns 404 for non-existent sprint","status":"passed","title":"returns 404 for non-existent sprint","duration":1.147625000000005,"failureMessages":[],"meta":{}},{"ancestorTitles":["Iterations API","GET /api/weeks/:id/iterations"],"fullName":"Iterations API GET /api/weeks/:id/iterations returns iterations for sprint","status":"passed","title":"returns iterations for sprint","duration":1.40787499999999,"failureMessages":[],"meta":{}},{"ancestorTitles":["Iterations API","GET /api/weeks/:id/iterations"],"fullName":"Iterations API GET /api/weeks/:id/iterations returns 404 for non-existent sprint","status":"passed","title":"returns 404 for non-existent sprint","duration":0.7061659999999961,"failureMessages":[],"meta":{}},{"ancestorTitles":["Iterations API","GET /api/weeks/:id/iterations"],"fullName":"Iterations API GET /api/weeks/:id/iterations filters by status","status":"passed","title":"filters by status","duration":0.8644999999999925,"failureMessages":[],"meta":{}}],"startTime":1773351502486,"endTime":1773351502501.8645,"status":"passed","message":"","name":"/Users/stefanocaruso/Desktop/Gauntlet AI/Shipshape/api/src/routes/iterations.test.ts"},{"assertionResults":[{"ancestorTitles":["Project Retros API","GET /api/projects/:id/retro"],"fullName":"Project Retros API GET /api/projects/:id/retro returns pre-filled draft with is_draft: true for project without retro","status":"passed","title":"returns pre-filled draft with is_draft: true for project without retro","duration":4.886082999999985,"failureMessages":[],"meta":{}},{"ancestorTitles":["Project Retros API","GET /api/projects/:id/retro"],"fullName":"Project Retros API GET /api/projects/:id/retro pre-fill includes monetary_impact_expected from project properties","status":"passed","title":"pre-fill includes monetary_impact_expected from project properties","duration":4.077790999999991,"failureMessages":[],"meta":{}},{"ancestorTitles":["Project Retros API","GET /api/projects/:id/retro"],"fullName":"Project Retros API GET /api/projects/:id/retro pre-fill includes sprints list associated with project","status":"passed","title":"pre-fill includes sprints list associated with project","duration":3.656000000000006,"failureMessages":[],"meta":{}},{"ancestorTitles":["Project Retros API","GET /api/projects/:id/retro"],"fullName":"Project Retros API GET /api/projects/:id/retro pre-fill includes issues categorized (completed/active/cancelled)","status":"passed","title":"pre-fill includes issues categorized (completed/active/cancelled)","duration":3.619624999999985,"failureMessages":[],"meta":{}},{"ancestorTitles":["Project Retros API","GET /api/projects/:id/retro"],"fullName":"Project Retros API GET /api/projects/:id/retro returns 404 for non-existent project","status":"passed","title":"returns 404 for non-existent project","duration":2.070625000000007,"failureMessages":[],"meta":{}},{"ancestorTitles":["Project Retros API","POST /api/projects/:id/retro"],"fullName":"Project Retros API POST /api/projects/:id/retro updates project properties (plan_validated, monetary_impact_actual, etc)","status":"passed","title":"updates project properties (plan_validated, monetary_impact_actual, etc)","duration":5.146624999999972,"failureMessages":[],"meta":{}},{"ancestorTitles":["Project Retros API","POST /api/projects/:id/retro"],"fullName":"Project Retros API POST /api/projects/:id/retro returns 403 without auth (CSRF check first)","status":"passed","title":"returns 403 without auth (CSRF check first)","duration":3.726792000000046,"failureMessages":[],"meta":{}},{"ancestorTitles":["Project Retros API","POST /api/projects/:id/retro"],"fullName":"Project Retros API POST /api/projects/:id/retro returns 404 for non-existent project","status":"passed","title":"returns 404 for non-existent project","duration":2.2382920000000013,"failureMessages":[],"meta":{}},{"ancestorTitles":["Project Retros API","PATCH /api/projects/:id/retro"],"fullName":"Project Retros API PATCH /api/projects/:id/retro updates existing retro properties","status":"passed","title":"updates existing retro properties","duration":3.58058299999999,"failureMessages":[],"meta":{}},{"ancestorTitles":["Project Retros API","PATCH /api/projects/:id/retro"],"fullName":"Project Retros API PATCH /api/projects/:id/retro returns 404 for user not in workspace (non-member)","status":"passed","title":"returns 404 for user not in workspace (non-member)","duration":2.9390840000000367,"failureMessages":[],"meta":{}},{"ancestorTitles":["Project Retros API","PATCH /api/projects/:id/retro"],"fullName":"Project Retros API PATCH /api/projects/:id/retro returns 404 for non-existent project","status":"passed","title":"returns 404 for non-existent project","duration":3.148458000000005,"failureMessages":[],"meta":{}}],"startTime":1773351500422,"endTime":1773351500461.1484,"status":"passed","message":"","name":"/Users/stefanocaruso/Desktop/Gauntlet AI/Shipshape/api/src/routes/project-retros.test.ts"},{"assertionResults":[{"ancestorTitles":["Projects API","GET /api/projects"],"fullName":"Projects API GET /api/projects returns array with ice_score computed field","status":"passed","title":"returns array with ice_score computed field","duration":6.4812089999999785,"failureMessages":[],"meta":{}},{"ancestorTitles":["Projects API","GET /api/projects"],"fullName":"Projects API GET /api/projects returns projects sorted by ice_score descending by default","status":"passed","title":"returns projects sorted by ice_score descending by default","duration":1.44345899999999,"failureMessages":[],"meta":{}},{"ancestorTitles":["Projects API","GET /api/projects"],"fullName":"Projects API GET /api/projects sorts by ice_score ascending when dir=asc","status":"passed","title":"sorts by ice_score ascending when dir=asc","duration":1.1423330000000078,"failureMessages":[],"meta":{}},{"ancestorTitles":["Projects API","GET /api/projects"],"fullName":"Projects API GET /api/projects returns 400 for invalid sort field","status":"passed","title":"returns 400 for invalid sort field","duration":1.0438749999999857,"failureMessages":[],"meta":{}},{"ancestorTitles":["Projects API","POST /api/projects"],"fullName":"Projects API POST /api/projects creates project without owner_id (optional)","status":"passed","title":"creates project without owner_id (optional)","duration":5.322709000000003,"failureMessages":[],"meta":{}},{"ancestorTitles":["Projects API","POST /api/projects"],"fullName":"Projects API POST /api/projects creates project with valid data including optional owner_id","status":"passed","title":"creates project with valid data including optional owner_id","duration":1.6769999999999925,"failureMessages":[],"meta":{}},{"ancestorTitles":["Projects API","POST /api/projects"],"fullName":"Projects API POST /api/projects uses null ICE values when not provided","status":"passed","title":"uses null ICE values when not provided","duration":1.0250839999999926,"failureMessages":[],"meta":{}},{"ancestorTitles":["Projects API","POST /api/projects"],"fullName":"Projects API POST /api/projects validates ICE scores are within 1-5 range","status":"passed","title":"validates ICE scores are within 1-5 range","duration":1.0149580000000071,"failureMessages":[],"meta":{}},{"ancestorTitles":["Projects API","GET /api/projects/:id"],"fullName":"Projects API GET /api/projects/:id returns project with ice_score computed","status":"passed","title":"returns project with ice_score computed","duration":1.8724170000000129,"failureMessages":[],"meta":{}},{"ancestorTitles":["Projects API","GET /api/projects/:id"],"fullName":"Projects API GET /api/projects/:id returns 404 for non-existent project","status":"passed","title":"returns 404 for non-existent project","duration":0.7664169999999899,"failureMessages":[],"meta":{}},{"ancestorTitles":["Projects API","PATCH /api/projects/:id"],"fullName":"Projects API PATCH /api/projects/:id updates ICE properties","status":"passed","title":"updates ICE properties","duration":0.7165839999999832,"failureMessag
[...]
0000065,"failureMessages":[],"meta":{}},{"ancestorTitles":["API Content Preservation","Document Type Content Preservation"],"fullName":"API Content Preservation Document Type Content Preservation should preserve content for program document type","status":"passed","title":"should preserve content for program document type","duration":0.5670840000000084,"failureMessages":[],"meta":{}},{"ancestorTitles":["API Content Preservation","Content Update Scenarios"],"fullName":"API Content Preservation Content Update Scenarios should preserve content after PATCH /content update","status":"passed","title":"should preserve content after PATCH /content update","duration":0.8456659999999943,"failureMessages":[],"meta":{}},{"ancestorTitles":["API Content Preservation","Content Update Scenarios"],"fullName":"API Content Preservation Content Update Scenarios should handle Yjs state being persisted and reloaded","status":"passed","title":"should handle Yjs state being persisted and reloaded","duration":2.0140420000000034,"failureMessages":[],"meta":{}},{"ancestorTitles":["API Content Preservation","Edge Cases and Error Handling"],"fullName":"API Content Preservation Edge Cases and Error Handling should handle NULL content gracefully","status":"passed","title":"should handle NULL content gracefully","duration":0.6240829999999988,"failureMessages":[],"meta":{}},{"ancestorTitles":["API Content Preservation","Edge Cases and Error Handling"],"fullName":"API Content Preservation Edge Cases and Error Handling should handle empty content array gracefully","status":"passed","title":"should handle empty content array gracefully","duration":0.7688330000000008,"failureMessages":[],"meta":{}},{"ancestorTitles":["API Content Preservation","Edge Cases and Error Handling"],"fullName":"API Content Preservation Edge Cases and Error Handling should handle malformed content structure","status":"passed","title":"should handle malformed content structure","duration":0.573750000000004,"failureMessages":[],"meta":{}},{"ancestorTitles":["API Content Preservation","Edge Cases and Error Handling"],"fullName":"API Content Preservation Edge Cases and Error Handling should handle content stored as JSON string","status":"passed","title":"should handle content stored as JSON string","duration":0.6017920000000032,"failureMessages":[],"meta":{}},{"ancestorTitles":["API Content Preservation","loadContentFromYjsState utility"],"fullName":"API Content Preservation loadContentFromYjsState utility should convert Yjs state buffer to TipTap JSON","status":"passed","title":"should convert Yjs state buffer to TipTap JSON","duration":0.30679100000000403,"failureMessages":[],"meta":{}},{"ancestorTitles":["API Content Preservation","Content invalidation and reload"],"fullName":"API Content Preservation Content invalidation and reload should correctly reload content after yjs_state is cleared","status":"passed","title":"should correctly reload content after yjs_state is cleared","duration":0.9279999999999973,"failureMessages":[],"meta":{}},{"ancestorTitles":["API Content Preservation","Content invalidation and reload"],"fullName":"API Content Preservation Content invalidation and reload should handle concurrent content updates gracefully","status":"passed","title":"should handle concurrent content updates gracefully","duration":0.9902919999999966,"failureMessages":[],"meta":{}}],"startTime":1773351502148,"endTime":1773351502167.9902,"status":"passed","message":"","name":"/Users/stefanocaruso/Desktop/Gauntlet AI/Shipshape/api/src/collaboration/__tests__/api-content-preservation.test.ts"},{"assertionResults":[{"ancestorTitles":["Collaboration Server","Document ID Parsing"],"fullName":"Collaboration Server Document ID Parsing should extract UUID from doc:uuid format","status":"passed","title":"should extract UUID from doc:uuid format","duration":0.7532080000000008,"failureMessages":[],"meta":{}},{"ancestorTitles":["Collaboration Server","Document ID Parsing"],"fullName":"Collaboration Server Document ID Parsing should handle plain UUID format","status":"passed","title":"should handle plain UUID format","duration":0.3274589999999904,"failureMessages":[],"meta":{}},{"ancestorTitles":["Collaboration Server","Yjs Document State"],"fullName":"Collaboration Server Yjs Document State should create and persist Yjs state to database","status":"passed","title":"should create and persist Yjs state to database","duration":2.6066670000000016,"failureMessages":[],"meta":{}},{"ancestorTitles":["Collaboration Server","Yjs Document State"],"fullName":"Collaboration Server Yjs Document State should merge concurrent Yjs updates correctly","status":"passed","title":"should merge concurrent Yjs updates correctly","duration":0.7318329999999946,"failureMessages":[],"meta":{}},{"ancestorTitles":["Collaboration Server","Yjs JSON Conversion"],"fullName":"Collaboration Server Yjs JSON Conversion should convert TipTap JSON to Yjs and back","status":"passed","title":"should convert TipTap JSON to Yjs and back","duration":0.3475830000000002,"failureMessages":[],"meta":{}},{"ancestorTitles":["Collaboration Server","Yjs JSON Conversion"],"fullName":"Collaboration Server Yjs JSON Conversion should handle empty document conversion","status":"passed","title":"should handle empty document conversion","duration":0.06525000000000603,"failureMessages":[],"meta":{}},{"ancestorTitles":["Collaboration Server","Yjs JSON Conversion"],"fullName":"Collaboration Server Yjs JSON Conversion should handle nested list structures","status":"passed","title":"should handle nested list structures","duration":0.16595800000000338,"failureMessages":[],"meta":{}},{"ancestorTitles":["Collaboration Server","Session Validation"],"fullName":"Collaboration Server Session Validation should validate session for WebSocket connection","status":"passed","title":"should validate session for WebSocket connection","duration":0.9767499999999956,"failureMessages":[],"meta":{}},{"ancestorTitles":["Collaboration Server","Session Validation"],"fullName":"Collaboration Server Session Validation should reject expired sessions","status":"passed","title":"should reject expired sessions","duration":0.5788749999999965,"failureMessages":[],"meta":{}},{"ancestorTitles":["Collaboration Server","Session Validation"],"fullName":"Collaboration Server Session Validation should reject sessions past absolute timeout","status":"passed","title":"should reject sessions past absolute timeout","duration":0.44062499999999716,"failureMessages":[],"meta":{}},{"ancestorTitles":["Collaboration Server","Document Access Control"],"fullName":"Collaboration Server Document Access Control should allow workspace member to access workspace document","status":"passed","title":"should allow workspace member to access workspace document","duration":0.2069580000000002,"failureMessages":[],"meta":{}},{"ancestorTitles":["Collaboration Server","Document Access Control"],"fullName":"Collaboration Server Document Access Control should allow creator to access private document","status":"passed","title":"should allow creator to access private document","duration":1.4755410000000069,"failureMessages":[],"meta":{}},{"ancestorTitles":["Collaboration Server","Document Access Control"],"fullName":"Collaboration Server Document Access Control should block non-creator from accessing private document","status":"passed","title":"should block non-creator from accessing private document","duration":1.0749999999999886,"failureMessages":[],"meta":{}},{"ancestorTitles":["Collaboration Server","Rate Limiting"],"fullName":"Collaboration Server Rate Limiting should have reasonable connection rate limit (30 per minute)","status":"passed","title":"should have reasonable connection rate limit (30 per minute)","duration":0.07425000000000637,"failureMessages":[],"meta":{}},{"ancestorTitles":["Collaboration Server","Rate Limiting"],"fullName":"Collaboration Server Rate Limiting should have reasonable message rate limit (50 per second)","status":"passed","title":"should have reasonable message rate limit (50 per second)","duration":0.02975000000000705,"failureMessages":[],"meta":{}},{"ancestorTitles":["Collaboration Server","Rate Limiting"],"fullName":"Collaboration Server Rate Limiting should use sliding window for rate limiting","status":"passed","title":"should use sliding window for rate limiting","duration":0.04512499999999875,"failureMessages":[],"meta":{}},{"ancestorTitles":["Collaboration Server","Document Persistence"],"fullName":"Collaboration Server Document Persistence should persist document state to database","status":"passed","title":"should persist document state to database","duration":0.7619170000000111,"failureMessages":[],"meta":{}},{"ancestorTitles":["Collaboration Server","Document Persistence"],"fullName":"Collaboration Server Document Persistence should load persisted Yjs state correctly","status":"passed","title":"should load persisted Yjs state correctly","duration":0.7698330000000055,"failureMessages":[],"meta":{}},{"ancestorTitles":["Collaboration Server","Document Persistence"],"fullName":"Collaboration Server Document Persistence should fallback to JSON content when no Yjs state exists","status":"passed","title":"should fallback to JSON content when no Yjs state exists","duration":0.8207919999999973,"failureMessages":[],"meta":{}},{"ancestorTitles":["Collaboration Server","Visibility Change Handling"],"fullName":"Collaboration Server Visibility Change Handling should allow visibility to be changed from workspace to private","status":"passed","title":"should allow visibility to be changed from workspace to private","duration":0.7388750000000073,"failureMessages":[],"meta":{}},{"ancestorTitles":["Collaboration Server","Visibility Change Handling"],"fullName":"Collaboration Server Visibility Change Handling should allow visibility to be changed from private to workspace","status":"passed","title":"should allow visibility to be changed from private to workspace","duration":0.8030000000000115,"failureMessages":[],"meta":{}},{"ancestorTitles":["Collaboration Server","Document Conversion Handling"],"fullName":"Collaboration Server Document Conversion Handling should support issue to project conversion","status":"passed","title":"should support issue to project conversion","duration":0.8273329999999959,"failureMessages":[],"meta":{}},{"ancestorTitles":["Collaboration Server","Document Conversion Handling"],"fullName":"Collaboration Server Document Conversion Handling should support project to issue conversion","status":"passed","title":"should support project to issue conversion","duration":0.633499999999998,"failureMessages":[],"meta":{}},{"ancestorTitles":["Collaboration Server","Error Handling"],"fullName":"Collaboration Server Error Handling should handle invalid document ID gracefully","status":"passed","title":"should handle invalid document ID gracefully","duration":0.13254200000000083,"failureMessages":[],"meta":{}},{"ancestorTitles":["Collaboration Server","Error Handling"],"fullName":"Collaboration Server Error Handling should handle malformed UUID gracefully","status":"passed","title":"should handle malformed UUID gracefully","duration":0.38700000000000045,"failureMessages":[],"meta":{}},{"ancestorTitles":["Collaboration Server","Error Handling"],"fullName":"Collaboration Server Error Handling should handle null yjs_state during document load","status":"passed","title":"should handle null yjs_state during document load","duration":6.651584,"failureMessages":[],"meta":{}},{"ancestorTitles":["Collaboration Server","Awareness Protocol"],"fullName":"Collaboration Server Awareness Protocol should track client IDs correctly","status":"passed","title":"should track client IDs correctly","duration":0.08062499999999773,"failureMessages":[],"meta":{}},{"ancestorTitles":["Collaboration Server","Awareness Protocol"],"fullName":"Collaboration Server Awareness Protocol should have unique client IDs for different docs","status":"passed","title":"should have unique client IDs for different docs","duration":0.27283299999999144,"failureMessages":[],"meta":{}},{"ancestorTitles":["Collaboration Server","Sync Protocol"],"fullName":"Collaboration Server Sync Protocol should generate sync messages","status":"passed","title":"should generate sync messages","duration":0.18550000000000466,"failureMessages":[],"meta":{}},{"ancestorTitles":["Collaboration Server","Sync Protocol"],"fullName":"Collaboration Server Sync Protocol should apply sync updates between docs","status":"passed","title":"should apply sync updates between docs","duration":0.3645830000000103,"failureMessages":[],"meta":{}}],"startTime":1773351501553,"endTime":1773351501576.3645,"status":"passed","message":"","name":"/Users/stefanocaruso/Desktop/Gauntlet AI/Shipshape/api/src/collaboration/__tests__/collaboration.test.ts"},{"assertionResults":[{"ancestorTitles":["business-days","isBusinessDay"],"fullName":"business-days isBusinessDay returns true for a regular weekday","status":"passed","title":"returns true for a regular weekday","duration":0.5038340000000119,"failureMessages":[],"meta":{}},{"ancestorTitles":["business-days","isBusinessDay"],"fullName":"business-days isBusinessDay returns false for Saturday","status":"passed","title":"returns false for Saturday","duration":0.08549999999999613,"failureMessages":[],"meta":{}},{"ancestorTitles":["business-days","isBusinessDay"],"fullName":"business-days isBusinessDay returns false for Sunday","status":"passed","title":"returns false for Sunday","duration":0.048500000000004206,"failureMessages":[],"meta":{}},{"ancestorTitles":["business-days","isBusinessDay"],"fullName":"business-days isBusinessDay returns false for federal holidays","status":"passed","title":"returns false for federal holidays","duration":0.1908329999999978,"failureMessages":[],"meta":{}},{"ancestorTitles":["business-days","isBusinessDay"],"fullName":"business-days isBusinessDay returns false for observed holidays (July 4 2026 observed on Friday)","status":"passed","title":"returns false for observed holidays (July 4 2026 observed on Friday)","duration":0.0503750000000025,"failureMessages":[],"meta":{}},{"ancestorTitles":["business-days","isBusinessDay"],"fullName":"business-days isBusinessDay returns true for the day after a holiday","status":"passed","title":"returns true for the day after a holiday","duration":0.05641599999999869,"failureMessages":[],"meta":{}},{"ancestorTitles":["business-days","getNextBusinessDay"],"fullName":"business-days getNextBusinessDay returns Monday for Friday","status":"passed","title":"returns Monday for Friday","duration":0.05504100000000278,"failureMessages":[],"meta":{}},{"ancestorTitles":["business-days","getNextBusinessDay"],"fullName":"business-days getNextBusinessDay returns Monday for Saturday","status":"passed","title":"returns Monday for Saturday","duration":0.05825000000000102,"failureMessages":[],"meta":{}},{"ancestorTitles":["business-days","getNextBusinessDay"],"fullName":"business-days getNextBusinessDay returns Monday for Sunday","status":"passed","title":"returns Monday for Sunday","duration":0.11849999999999739,"failureMessages":[],"meta":{}},{"ancestorTitles":["business-days","getNextBusinessDay"],"fullName":"business-days getNextBusinessDay skips federal holidays","status":"passed","title":"skips federal holidays","duration":0.03779199999999605,"failureMessages":[],"meta":{}},{"ancestorTitles":["business-days","getNextBusinessDay"],"fullName":"business-days getNextBusinessDay skips weekends and holidays combined","status":"passed","title":"skips weekends and holidays combined","duration":0.0249160000000046,"failureMessages":[],"meta":{}},{"ancestorTitles":["business-days","addBusinessDays"],"fullName":"business-days addBusinessDays returns same date when adding 0 days","status":"passed","title":"returns same date when adding 0 days","duration":0.031165999999998917,"failureMessages":[],"meta":{}},{"ancestorTitles":["business-days","addBusinessDays"],"fullName":"business-days addBusinessDays adds 1 business day correctly","status":"passed","title":"adds 1 business day correctly","duration":0.023333999999991306,"failureMessages":[],"meta":{}},{"ancestorTitles":["business-days","addBusinessDays"],"fullName":"business-days addBusinessDays skips weekends when adding days","status":"passed","title":"skips weekends when adding days","duration":0.020375000000001364,"failureMessages":[],"meta":{}},{"ancestorTitles":["business-days","addBusinessDays"],"fullName":"business-days addBusinessDays handles multiple business days across weekends","status":"passed","title":"handles multiple business days across weekends","duration":0.02087500000000375,"failureMessages":[],"meta":{}},{"ancestorTitles":["business-days","addBusinessDays"],"fullName":"business-days addBusinessDays correctly skips holiday weeks","status":"passed","title":"correctly skips holiday weeks","duration":0.020582999999987805,"failureMessages":[],"meta":{}},{"ancestorTitles":["business-days","addBusinessDays"],"fullName":"business-days addBusinessDays handles negative days (subtracting)","status":"passed","title":"handles negative days (subtracting)","duration":0.01762499999999534,"failureMessages":[],"meta":{}},{"ancestorTitles":["business-days","addBusinessDays"],"fullName":"business-days addBusinessDays handles negative days across weekends","status":"passed","title":"handles negative days across weekends","duration":0.019041999999998893,"failureMessages":[],"meta":{}},{"ancestorTitles":["business-days","businessDaysBetween"],"fullName":"business-days businessDaysBetween returns 0 for same date","status":"passed","title":"returns 0 for same date","duration":0.032250000000004775,"failureMessages":[],"meta":{}},{"ancestorTitles":["business-days","businessDaysBetween"],"fullName":"business-days businessDaysBetween counts 1 business day correctly","status":"passed","title":"counts 1 business day correctly","duration":0.019291000000009717,"failureMessages":[],"meta":{}},{"ancestorTitles":["business-days","businessDaysBetween"],"fullName":"business-days businessDaysBetween excludes weekends from count","status":"passed","title":"excludes weekends from count","duration":0.019165999999998462,"failureMessages":[],"meta":{}},{"ancestorTitles":["business-days","businessDaysBetween"],"fullName":"business-days businessDaysBetween calculates correctly across holidays","status":"passed","title":"calculates correctly across holidays","duration":0.01895799999999781,"failureMessages":[],"meta":{}},{"ancestorTitles":["business-days","businessDaysBetween"],"fullName":"business-days businessDaysBetween handles negative ranges (end before start)","status":"passed","title":"handles negative ranges (end before start)","duration":0.046582999999998265,"failureMessages":[],"meta":{}},{"ancestorTitles":["business-days","businessDaysBetween"],"fullName":"business-days businessDaysBetween counts full week correctly","status":"passed","title":"counts full week correctly","duration":0.02070799999999906,"failureMessages":[],"meta":{}},{"ancestorTitles":["business-days","getFederalHolidays"],"fullName":"business-days getFederalHolidays returns 2025 holidays","status":"passed","title":"returns 2025 holidays","duration":0.3147919999999971,"failureMessages":[],"meta":{}},{"ancestorTitles":["business-days","getFederalHolidays"],"fullName":"business-days getFederalHolidays returns 2026 holidays","status":"passed","title":"returns 2026 holidays","duration":0.05720900000000029,"failureMessages":[],"meta":{}},{"ancestorTitles":["business-days","getFederalHolidays"],"fullName":"business-days getFederalHolidays returns empty array for unsupported years","status":"passed","title":"returns empty array for unsupported years","duration":0.17025000000001,"failureMessages":[],"meta":{}}],"startTime":1773351503292,"endTime":1773351503294.3147,"status":"passed","message":"","name":"/Users/stefanocaruso/Desktop/Gauntlet AI/Shipshape/api/src/utils/__tests__/business-days.test.ts"}]}