{"numTotalTestSuites":66,"numPassedTestSuites":66,"numFailedTestSuites":0,"numPendingTestSuites":0,"numTotalTests":158,"numPassedTests":158,"numFailedTests":0,"numPendingTests":0,"numTodoTests":0,"snapshot":{"added":0,"failure":false,"filesAdded":0,"filesRemoved":0,"filesRemovedList":[],"filesUnmatched":0,"filesUpdated":0,"matched":0,"total":0,"unchecked":0,"uncheckedKeysByFile":[],"unmatched":0,"updated":0,"didUpdate":false},"startTime":1773365391316,"success":true,"testResults":[{"assertionResults":[{"ancestorTitles":["SelectionPersistenceContext","useSelectionPersistence"],"fullName":"SelectionPersistenceContext useSelectionPersistence should throw when used outside provider","status":"passed","title":"should throw when used outside provider","duration":11.383916999999883,"failureMessages":[],"meta":{}},{"ancestorTitles":["SelectionPersistenceContext","useSelectionPersistence"],"fullName":"SelectionPersistenceContext useSelectionPersistence should return default state for unknown key","status":"passed","title":"should return default state for unknown key","duration":2.5385409999998956,"failureMessages":[],"meta":{}},{"ancestorTitles":["SelectionPersistenceContext","useSelectionPersistence"],"fullName":"SelectionPersistenceContext useSelectionPersistence should store and retrieve selection state","status":"passed","title":"should store and retrieve selection state","duration":1.7471669999999904,"failureMessages":[],"meta":{}},{"ancestorTitles":["SelectionPersistenceContext","useSelectionPersistence"],"fullName":"SelectionPersistenceContext useSelectionPersistence should maintain separate selections for different keys","status":"passed","title":"should maintain separate selections for different keys","duration":1.3017500000000837,"failureMessages":[],"meta":{}},{"ancestorTitles":["SelectionPersistenceContext","useSelectionPersistence"],"fullName":"SelectionPersistenceContext useSelectionPersistence should clear selection for a specific key","status":"passed","title":"should clear selection for a specific key","duration":1.3365000000001146,"failureMessages":[],"meta":{}},{"ancestorTitles":["SelectionPersistenceContext","useSelectionPersistence"],"fullName":"SelectionPersistenceContext useSelectionPersistence should clear all selections","status":"passed","title":"should clear all selections","duration":1.0939579999999296,"failureMessages":[],"meta":{}},{"ancestorTitles":["SelectionPersistenceContext","useSelectionPersistenceOptional"],"fullName":"SelectionPersistenceContext useSelectionPersistenceOptional should return null when used outside provider","status":"passed","title":"should return null when used outside provider","duration":0.9586660000002212,"failureMessages":[],"meta":{}},{"ancestorTitles":["SelectionPersistenceContext","useSelectionPersistenceOptional"],"fullName":"SelectionPersistenceContext useSelectionPersistenceOptional should return context when used inside provider","status":"passed","title":"should return context when used inside provider","duration":1.1865419999999176,"failureMessages":[],"meta":{}},{"ancestorTitles":["SelectionPersistenceContext","persistence across re-renders"],"fullName":"SelectionPersistenceContext persistence across re-renders should persist state when hook re-renders","status":"passed","title":"should persist state when hook re-renders","duration":2.294167000000016,"failureMessages":[],"meta":{}}],"startTime":1773365392802,"endTime":1773365392826.2942,"status":"passed","message":"","name":"/Users/stefanocaruso/Desktop/Gauntlet AI/Shipshape/web/src/contexts/SelectionPersistenceContext.test.tsx"},{"assertionResults":[{"ancestorTitles":["useAutoSave"],"fullName":"useAutoSave abandons stale in-flight values and reports the latest pending value","status":"passed","title":"abandons stale in-flight values and reports the latest pending value","duration":8.284042,"failureMessages":[],"meta":{}}],"startTime":1773365392770,"endTime":1773365392778.284,"status":"passed","message":"","name":"/Users/stefanocaruso/Desktop/Gauntlet AI/Shipshape/web/src/hooks/useAutoSave.test.ts"},{"assertionResults":[{"ancestorTitles":["useSelection","basic selection"],"fullName":"useSelection basic selection should start with no selection by default","status":"passed","title":"should start with no selection by default","duration":7.498000000000047,"failureMessages":[],"meta":{}},{"ancestorTitles":["useSelection","basic selection"],"fullName":"useSelection basic selection should toggle selection of a single item","status":"passed","title":"should toggle selection of a single item","duration":1.6151660000000447,"failureMessages":[],"meta":{}},{"ancestorTitles":["useSelection","basic selection"],"fullName":"useSelection basic selection should select all items","status":"passed","title":"should select all items","duration":1.6321250000000873,"failureMessages":[],"meta":{}},{"ancestorTitles":["useSelection","basic selection"],"fullName":"useSelection basic selection should clear selection","status":"passed","title":"should clear selection","duration":1.0105839999998807,"failureMessages":[],"meta":{}},{"ancestorTitles":["useSelection","initialSelectedIds"],"fullName":"useSelection initialSelectedIds should restore selection from initialSelectedIds","status":"passed","title":"should restore selection from initialSelectedIds","duration":1.3869999999999436,"failureMessages":[],"meta":{}},{"ancestorTitles":["useSelection","initialSelectedIds"],"fullName":"useSelection initialSelectedIds should allow modifying restored selection","status":"passed","title":"should allow modifying restored selection","duration":1.2371669999999995,"failureMessages":[],"meta":{}},{"ancestorTitles":["useSelection","range selection"],"fullName":"useSelection range selection should select a range of items","status":"passed","title":"should select a range of items","duration":1.6635409999998956,"failureMessages":[],"meta":{}},{"ancestorTitles":["useSelection","focus management"],"fullName":"useSelection focus management should track focused item","status":"passed","title":"should track focused item","duration":0.8445830000000569,"failureMessages":[],"meta":{}},{"ancestorTitles":["useSelection","focus management"],"fullName":"useSelection focus management should move focus with moveFocus","status":"passed","title":"should move focus with moveFocus","duration":2.010250000000042,"failureMessages":[],"meta":{}},{"ancestorTitles":["useSelection","focus management"],"fullName":"useSelection focus management should navigate to home and end","status":"passed","title":"should navigate to home and end","duration":1.043083999999908,"failureMessages":[],"meta":{}},{"ancestorTitles":["useSelection","extend selection"],"fullName":"useSelection extend selection should extend selection with shift+arrow","status":"passed","title":"should extend selection with shift+arrow","duration":0.8058750000000146,"failureMessages":[],"meta":{}}],"startTime":1773365392807,"endTime":1773365392827.806,"status":"passed","message":"","name":"/Users/stefanocaruso/Desktop/Gauntlet AI/Shipshape/web/src/hooks/useSelection.test.ts"},{"assertionResults":[{"ancestorTitles":["useSessionTimeout","Initial State"],"fullName":"useSessionTimeout Initial State starts with showWarning = false","status":"passed","title":"starts with showWarning = false","duration":10.972332999999935,"failureMessages":[],"meta":{}},{"ancestorTitles":["useSessionTimeout","Initial State"],"fullName":"useSessionTimeout Initial State starts with timeRemaining = null when not warning","status":"passed","title":"starts with timeRemaining = null when not warning","duration":2.5068330000001424,"failureMessages":[],"meta":{}},{"ancestorTitles":["useSessionTimeout","Initial State"],"fullName":"useSessionTimeout Initial State starts tracking from current time on mount","status":"passed","title":"starts tracking from current time on mount","duration":1.8728750000000218,"failureMessages":[],"meta":{}},{"ancestorTitles":["useSessionTimeout","Inactivity Timer"],"fullName":"useSessionTimeout Inactivity Timer shows warning after 14 minutes of inactivity","status":"passed","title":"shows warning after 14 minutes of inactivity","duration":2.4234590000000935,"failureMessages":[],"meta":{}},{"ancestorTitles":["useSessionTimeout","Inactivity Timer"],"fullName":"useSessionTimeout Inactivity Timer does NOT show warning before 14 minutes","status":"passed","title":"does NOT show warning before 14 minutes","duration":3.9244589999998425,"failureMessages":[],"meta":{}},{"ancestorTitles":["useSessionTimeout","Inactivity Timer"],"fullName":"useSessionTimeout Inactivity Timer sets timeRemaining to 60 when warning appears","status":"passed","title":"sets timeRemaining to 60 when warning appears","duration":2.275500000000193,"failureMessages":[],"meta":{}},{"ancestorTitles":["useSessionTimeout","Inactivity Timer"],"fullName":"useSessionTimeout Inactivity Timer decrements timeRemaining every second during warning","status":"passed","title":"decrements timeRemaining every second during warning","duration":1.87762500000008,"failureMessages":[],"meta":{}},{"ancestorTitles":["useSessionTimeout","Inactivity Timer"],"fullName":"useSessionTimeout Inactivity Timer calls onTimeout when timeRemaining reaches 0","status":"passed","title":"calls onTimeout when timeRemaining reaches 0","duration":1.0119999999999436,"failureMessages":[],"meta":{}},{"ancestorTitles":["useSessionTimeout","Inactivity Timer"],"fullName":"useSessionTimeout Inactivity Timer does NOT call onTimeout if dismissed before 0","status":"passed","title":"does NOT call onTimeout if dismissed before 0","duration":1.6378749999998945,"failureMessages":[],"meta":{}},{"ancestorTitles":["useSessionTimeout","Activity Reset"],"fullName":"useSessionTimeout Activity Reset resetTimer() hides warning modal","status":"passed","title":"resetTimer() hides warning modal","duration":3.8359580000001188,"failureMessages":[],"meta":{}},{"ancestorTitles":["useSessionTimeout","Activity Reset"],"fullName":"useSessionTimeout Activity Reset resetTimer() resets lastActivity to now","status":"passed","title":"resetTimer() resets lastActivity to now","duration":1.1304580000000897,"failureMessages":[],"meta":{}},{"ancestorTitles":["useSessionTimeout","Activity Reset"],"fullName":"useSessionTimeout Activity Reset after resetTimer(), warning appears 14 min later (not sooner)","status":"passed","title":"after resetTimer(), warning appears 14 min later (not sooner)","duration":1.7052499999999782,"failureMessages":[],"meta":{}},{"ancestorTitles":["useSessionTimeout","Activity Reset"],"fullName":"useSessionTimeout Activity Reset resetTimer() clears countdown interval","status":"passed","title":"resetTimer() clears countdown interval","duration":0.9929580000000442,"failureMessages":[],"meta":{}},{"ancestorTitles":["useSessionTimeout","Absolute Timeout"],"fullName":"useSessionTimeout Absolute Timeout shows absolute warning at 11:55 from session start","status":"passed","title":"shows absolute warning at 11:55 from session start","duration":39.94429200000013,"failureMessages":[],"meta":{}},{"ancestorTitles":["useSessionTimeout","Absolute Timeout"],"fullName":"useSessionTimeout Absolute Timeout absolute warning has 5-minute countdown","status":"passed","title":"absolute warning has 5-minute countdown","duration":29.399958000000197,"failureMessages":[],"meta":{}},{"ancestorTitles":["useSessionTimeout","Absolute Timeout"],"fullName":"useSessionTimeout Absolute Timeout activity does NOT reset absolute timeout","status":"passed","title":"activity does NOT reset absolute timeout","duration":28.398916999999983,"failureMessages":[],"meta":{}},{"ancestorTitles":["useSessionTimeout","Absolute Timeout"],"fullName":"useSessionTimeout Absolute Timeout absolute timeout fires at 12 hours regardless of activity","status":"passed","title":"absolute timeout fires at 12 hours regardless of activity","duration":0.8191659999999956,"failureMessages":[],"meta":{}},{"ancestorTitles":["useSessionTimeout","Warning Type"],"fullName":"useSessionTimeout Warning Type inactivity warning has type = \"inactivity\"","status":"passed","title":"inactivity warning has type = \"inactivity\"","duration":0.4132090000000517,"failureMessages":[],"meta":{}},{"ancestorTitles":["useSessionTimeout","Warning Type"],"fullName":"useSessionTimeout Warning Type absolute warning has type = \"absolute\"","status":"passed","title":"absolute warning has type = \"absolute\"","duration":0.6449159999999665,"failureMessages":[],"meta":{}},{"ancestorTitles":["useSessionTimeout","Warning Type"],"fullName":"useSessionTimeout Warning Type inactivity warning takes precedence if both imminent","status":"passed","title":"inactivity warning takes precedence if both imminent","duration":1.9228749999999764,"failureMessages":[],"meta":{}},{"ancestorTitles":["useSessionTimeout","Event Listeners"],"fullName":"useSessionTimeout Event Listeners registers activity listeners on mount","status":"passed","title":"registers activity listeners on mount","duration":2.3756660000001375,"failureMessages":[],"meta":{}},{"ancestorTitles":["useSessionTimeout","Event Listeners"],"fullName":"useSessionTimeout Event Listeners removes activity listeners on unmount","status":"passed","title":"removes activity listeners on unmount","duration":2.004791999999952,"failureMessages":[],"meta":{}},{"ancestorTitles":["useSessionTimeout","Event Listeners"],"fullName":"useSessionTimeout Event Listeners activity listener resets timer (throttled)","status":"passed","title":"activity listener resets timer (throttled)","duration":1.5047089999998207,"failureMessages":[],"meta":{}},{"ancestorTitles":["useSessionTimeout","Event Listeners"],"fullName":"useSessionTimeout Event Listeners activity events are throttled to max once per 30 seconds","status":"passed","title":"activity events are throttled to max once per 30 seconds","duration":5.684750000000122,"failureMessages":[],"meta":{}},{"ancestorTitles":["useSessionTimeout","Cleanup"],"fullName":"useSessionTimeout Cleanup clears all timers on unmount","status":"passed","title":"clears all timers on unmount","duration":1.3445000000001528,"failureMessages":[],"meta":{}},{"ancestorTitles":["useSessionTimeout","Cleanup"],"fullName":"useSessionTimeout Cleanup clears interval when warning dismissed","status":"passed","title":"clears interval when warning dismissed","duration":0.6710000000000491,"failureMessages":[],"meta":{}},{"ancestorTitles":["useSessionTimeout","Session Info Integration"],"fullName":"useSessionTimeout Session Info Integration fetches session info on mount","status":"passed","title":"fetches session info on mount","duration":0.7731670000000577,"failureMessages":[],"meta":{}},{"ancestorTitles":["useSessionTimeout","Session Info Integration"],"fullName":"useSessionTimeout Session Info Integration uses server createdAt for absolute timeout calculation","status":"passed","title":"uses server createdAt for absolute timeout calculation","duration":1.1330000000000382,"failureMessages":[],"meta":{}},{"ancestorTitles":["useSessionTimeout","Session Info Integration"],"fullName":"useSessionTimeout Session Info Integration handles session info fetch failure gracefully","status":"passed","title":"handles session info fetch failure gracefully","duration":1.4379579999999805,"failureMessages":[],"meta":{}},{"ancestorTitles":["useSessionTimeout - Edge Cases"],"fullName":"useSessionTimeout - Edge Cases handles time jump (computer wake from sleep)","status":"passed","title":"handles time jump (computer wake from sleep)","duration":1.7183330000000296,"failureMessages":[],"meta":{}},{"ancestorTitles":["useSessionTimeout - Edge Cases"],"fullName":"useSessionTimeout - Edge Cases handles rapid mount/unmount without errors","status":"passed","title":"handles rapid mount/unmount without errors","duration":4.174250000000029,"failureMessages":[],"meta":{}},{"ancestorTitles":["useSessionTimeout - Edge Cases"],"fullName":"useSessionTimeout - Edge Cases handles resetTimer called when not showing warning","status":"passed","title":"handles resetTimer called when not showing warning","duration":0.5600420000000668,"failureMessages":[],"meta":{}},{"ancestorTitles":["useSessionTimeout - Edge Cases"],"fullName":"useSessionTimeout - Edge Cases handles multiple resetTimer calls in quick succession","status":"passed","title":"handles multiple resetTimer calls in quick succession","duration":1.848208999999997,"failureMessages":[],"meta":{}},{"ancestorTitles":["useSessionTimeout - Edge Cases"],"fullName":"useSessionTimeout - Edge Cases survives component re-render without resetting timer","status":"passed","title":"survives component re-render without resetting timer","duration":0.8462079999999332,"failureMessages":[],"meta":{}}],"startTime":1773365392871,"endTime":1773365393035.8462,"status":"passed","message":"","name":"/Users/stefanocaruso/Desktop/Gauntlet AI/Shipshape/web/src/hooks/useSessionTimeout.test.ts"},{"assertionResults":[{"ancestorTitles":["KanbanBoard"],"fullName":"KanbanBoard updates the issue state when a card is dropped into a new column","status":"passed","title":"updates the issue state when a card is dropped into a new column","duration":17.726874999999836,"failureMessages":[],"meta":{}},{"ancestorTitles":["KanbanBoard"],"fullName":"KanbanBoard resolves the target state when dropped on another issue card","status":"passed","title":"resolves the target state when dropped on another issue card","duration":4.887750000000096,"failureMessages":[],"meta":{}}],"startTime":1773365392840,"endTime":1773365392862.8877,"status":"passed","message":"","name":"/Users/stefanocaruso/Desktop/Gauntlet AI/Shipshape/web/src/components/KanbanBoard.test.tsx"},{"assertionResults":[{"ancestorTitles":["RetroQualityBanner"],"fullName":"RetroQualityBanner reloads persisted analysis when documentId changes","status":"passed","title":"reloads persisted analysis when documentId changes","duration":32.1444590000001,"failureMessages":[],"meta":{}}],"startTime":1773365392818,"endTime":1773365392850.1445,"status":"passed","message":"","name":"/Users/stefanocaruso/Desktop/Gauntlet AI/Shipshape/web/src/components/PlanQualityBanner.test.tsx"},{"assertionResults":[{"ancestorTitles":["accountability helpers"],"fullName":"accountability helpers maps weekly accountability types to weekly document kinds","status":"passed","title":"maps weekly accountability types to weekly document kinds","duration":0.823415999999952,"failureMessages":[],"meta":{}},{"ancestorTitles":["accountability helpers"],"fullName":"accountability helpers contains shared labels for all accountability item variants","status":"passed","title":"contains shared labels for all accountability item variants","duration":0.17374999999992724,"failureMessages":[],"meta":{}},{"ancestorTitles":["accountability helpers"],"fullName":"accountability helpers detects whether an accountability type creates a weekly document","status":"passed","title":"detects whether an accountability type creates a weekly document","duration":0.14583300000003874,"failureMessages":[],"meta":{}},{"ancestorTitles":["accountability helpers"],"fullName":"accountability helpers creates plan documents using the weekly plans endpoint","status":"passed","title":"creates plan documents using the weekly plans endpoint","duration":1.0098339999999553,"failureMessages":[],"meta":{}},{"ancestorTitles":["accountability helpers"],"fullName":"accountability helpers creates retro documents using the weekly retros endpoint","status":"passed","title":"creates retro documents using the weekly retros endpoint","duration":0.2508330000000569,"failureMessages":[],"meta":{}},{"ancestorTitles":["accountability helpers"],"fullName":"accountability helpers returns null when weekly document creation fails","status":"passed","title":"returns null when weekly document creation fails","duration":0.07887499999992542,"failureMessages":[],"meta":{}},{"ancestorTitles":["accountability helpers"],"fullName":"accountability helpers formats due date labels for overdue, due today, and upcoming items","status":"passed","title":"formats due date labels for overdue, due today, and upcoming items","duration":9.226042000000007,"failureMessages":[],"meta":{}}],"startTime":1773365392626,"endTime":1773365392638.226,"status":"passed","message":"","name":"/Users/stefanocaruso/Desktop/Gauntlet AI/Shipshape/web/src/lib/accountability.test.ts"},{"assertionResults":[{"ancestorTitles":["getTabsForDocumentType"],"fullName":"getTabsForDocumentType returns tabs for project documents","status":"passed","title":"returns tabs for project documents","duration":1.2117500000001655,"failureMessages":[],"meta":{}},{"ancestorTitles":["getTabsForDocumentType"],"fullName":"getTabsForDocumentType returns tabs for program documents","status":"passed","title":"returns tabs for program documents","duration":0.3296669999999722,"failureMessages":[],"meta":{}},{"ancestorTitles":["getTabsForDocumentType"],"fullName":"getTabsForDocumentType returns empty array for wiki documents (no tabs)","status":"passed","title":"returns empty array for wiki documents (no tabs)","duration":0.2687499999999545,"failureMessages":[],"meta":{}},{"ancestorTitles":["getTabsForDocumentType"],"fullName":"getTabsForDocumentType returns empty array for issue documents (no tabs)","status":"passed","title":"returns empty array for issue documents (no tabs)","duration":0.19587499999988722,"failureMessages":[],"meta":{}},{"ancestorTitles":["getTabsForDocumentType"],"fullName":"getTabsForDocumentType returns default tabs for sprint documents","status":"passed","title":"returns default tabs for sprint documents","duration":0.09320800000000418,"failureMessages":[],"meta":{}},{"ancestorTitles":["getTabsForDocumentType"],"fullName":"getTabsForDocumentType returns empty array for unknown document types","status":"passed","title":"returns empty array for unknown document types","duration":0.04100000000016735,"failureMessages":[],"meta":{}},{"ancestorTitles":["documentTypeHasTabs"],"fullName":"documentTypeHasTabs returns true for project documents","status":"passed","title":"returns true for project documents","duration":0.1314159999999447,"failureMessages":[],"meta":{}},{"ancestorTitles":["documentTypeHasTabs"],"fullName":"documentTypeHasTabs returns true for program documents","status":"passed","title":"returns true for program documents","duration":0.07408400000008442,"failureMessages":[],"meta":{}},{"ancestorTitles":["documentTypeHasTabs"],"fullName":"documentTypeHasTabs returns false for wiki documents","status":"passed","title":"returns false for wiki documents","duration":0.203708000000006,"failureMessages":[],"meta":{}},{"ancestorTitles":["documentTypeHasTabs"],"fullName":"documentTypeHasTabs returns false for issue documents","status":"passed","title":"returns false for issue documents","duration":0.05391600000007202,"failureMessages":[],"meta":{}},{"ancestorTitles":["documentTypeHasTabs"],"fullName":"documentTypeHasTabs returns true for sprint documents","status":"passed","title":"returns true for sprint documents","duration":0.026791000000002896,"failureMessages":[],"meta":{}},{"ancestorTitles":["documentTypeHasTabs"],"fullName":"documentTypeHasTabs returns false for unknown document types","status":"passed","title":"returns false for unknown document types","duration":0.026542000000063126,"failureMessages":[],"meta":{}},{"ancestorTitles":["tab ID validation for URL deep linking"],"fullName":"tab ID validation for URL deep linking validates project tab IDs correctly","status":"passed","title":"validates project tab IDs correctly","duration":0.12824999999998,"failureMessages":[],"meta":{}},{"ancestorTitles":["tab ID validation for URL deep linking"],"fullName":"tab ID validation for URL deep linking validates program tab IDs correctly","status":"passed","title":"validates program tab IDs correctly","duration":0.07129099999997379,"failureMessages":[],"meta":{}},{"ancestorTitles":["tab ID validation for URL deep linking"],"fullName":"tab ID validation for URL deep linking returns first tab as default for URL without tab","status":"passed","title":"returns first tab as default for URL without tab","duration":0.06695799999988594,"failureMessages":[],"meta":{}},{"ancestorTitles":["getTabsForDocument"],"fullName":"getTabsForDocument returns planning sprint tabs when sprint status is planning","status":"passed","title":"returns planning sprint tabs when sprint status is planning","duration":0.07662499999992178,"failureMessages":[],"meta":{}},{"ancestorTitles":["getTabsForDocument"],"fullName":"getTabsForDocument returns active sprint tabs when sprint status is active","status":"passed","title":"returns active sprint tabs when sprint status is active","duration":0.118333999999777,"failureMessages":[],"meta":{}},{"ancestorTitles":["resolveTabLabels"],"fullName":"resolveTabLabels resolves static labels correctly","status":"passed","title":"resolves static labels correctly","duration":0.07962499999985084,"failureMessages":[],"meta":{}},{"ancestorTitles":["resolveTabLabels"],"fullName":"resolveTabLabels resolves dynamic labels with counts","status":"passed","title":"resolves dynamic labels with counts","duration":0.07712500000002365,"failureMessages":[],"meta":{}},{"ancestorTitles":["resolveTabLabels"],"fullName":"resolveTabLabels resolves dynamic labels without counts","status":"passed","title":"resolves dynamic labels without counts","duration":0.046291000000110216,"failureMessages":[],"meta":{}},{"ancestorTitles":["resolveTabLabels"],"fullName":"resolveTabLabels resolves dynamic labels with zero counts","status":"passed","title":"resolves dynamic labels with zero counts","duration":0.03674999999998363,"failureMessages":[],"meta":{}},{"ancestorTitles":["documentTabConfigs structure"],"fullName":"documentTabConfigs structure has configs for expected document types","status":"passed","title":"has configs for expected document types","duration":0.11679100000014841,"failureMessages":[],"meta":{}},{"ancestorTitles":["documentTabConfigs structure"],"fullName":"documentTabConfigs structure each tab has required properties","status":"passed","title":"each tab has required properties","duration":0.88675000000012,"failureMessages":[],"meta":{}},{"ancestorTitles":["documentTabConfigs structure"],"fullName":"documentTabConfigs structure tab IDs are unique within each document type","status":"passed","title":"tab IDs are unique within each document type","duration":0.16116699999997763,"failureMessages":[],"meta":{}}],"startTime":1773365392625,"endTime":1773365392630.1611,"status":"passed","message":"","name":"/Users/stefanocaruso/Desktop/Gauntlet AI/Shipshape/web/src/lib/document-tabs.test.ts"},{"assertionResults":[{"ancestorTitles":["Drag Handle CSS"],"fullName":"Drag Handle CSS should define .editor-drag-handle class","status":"passed","title":"should define .editor-drag-handle class","duration":0.38529199999999264,"failureMessages":[],"meta":{}},{"ancestorTitles":["Drag Handle CSS"],"fullName":"Drag Handle CSS should define .tiptap-wrapper positioning","status":"passed","title":"should define .tiptap-wrapper positioning","duration":0.16399999999998727,"failureMessages":[],"meta":{}},{"ancestorTitles":["Drag Handle CSS"],"fullName":"Drag Handle CSS should define ProseMirror selected node styling","status":"passed","title":"should define ProseMirror selected node styling","duration":0.044666000000006534,"failureMessages":[],"meta":{}},{"ancestorTitles":["Drag Handle CSS"],"fullName":"Drag Handle CSS should define dragging state styling","status":"passed","title":"should define dragging state styling","duration":0.15424999999999045,"failureMessages":[],"meta":{}},{"ancestorTitles":["Drag Handle CSS"],"fullName":"Drag Handle CSS should have left padding on ProseMirror for drag handle space","status":"passed","title":"should have left padding on ProseMirror for drag handle space","duration":0.054916999999989,"failureMessages":[],"meta":{}}],"startTime":1773365393145,"endTime":1773365393145.3853,"status":"passed","message":"","name":"/Users/stefanocaruso/Desktop/Gauntlet AI/Shipshape/web/src/styles/drag-handle.test.ts"},{"assertionResults":[{"ancestorTitles":["extractTextFromContent helper"],"fullName":"extractTextFromContent helper handles null/undefined content gracefully","status":"passed","title":"handles null/undefined content gracefully","duration":24.389042000000018,"failureMessages":[],"meta":{}},{"ancestorTitles":["DashboardPage"],"fullName":"DashboardPage renders dashboard header","status":"passed","title":"renders dashboard header","duration":4.158582999999908,"failureMessages":[],"meta":{}},{"ancestorTitles":["DashboardPage"],"fullName":"DashboardPage renders stat cards","status":"passed","title":"renders stat cards","duration":5.0847080000000915,"failureMessages":[],"meta":{}},{"ancestorTitles":["DashboardPage"],"fullName":"DashboardPage renders section headers","status":"passed","title":"renders section headers","duration":65.62975000000006,"failureMessages":[],"meta":{}},{"ancestorTitles":["DashboardPage"],"fullName":"DashboardPage shows empty states when no data","status":"passed","title":"shows empty states when no data","duration":2.652125000000069,"failureMessages":[],"meta":{}},{"ancestorTitles":["Standup interface conformance"],"fullName":"Standup interface conformance Standup interface has flat author fields","status":"passed","title":"Standup interface has flat author fields","duration":0.21829200000001947,"failureMessages":[],"meta":{}},{"ancestorTitles":["Standup interface conformance"],"fullName":"Standup interface conformance handles null author_name gracefully","status":"passed","title":"handles null author_name gracefully","duration":0.049332999999933236,"failureMessages":[],"meta":{}}],"startTime":1773365392949,"endTime":1773365393051.652,"status":"passed","message":"","name":"/Users/stefanocaruso/Desktop/Gauntlet AI/Shipshape/web/src/pages/Dashboard.test.tsx"},{"assertionResults":[{"ancestorTitles":["DocumentsPage"],"fullName":"DocumentsPage deletes a document from the docs tree and surfaces feedback","status":"passed","title":"deletes a document from the docs tree and surfaces feedback","duration":33.3157920000001,"failureMessages":[],"meta":{}}],"startTime":1773365393120,"endTime":1773365393153.3157,"status":"passed","message":"","name":"/Users/stefanocaruso/Desktop/Gauntlet AI/Shipshape/web/src/pages/Documents.test.tsx"},{"assertionResults":[{"ancestorTitles":["LoginPage"],"fullName":"LoginPage starts the browser CAIA/PIV login flow from the login screen","status":"passed","title":"starts the browser CAIA/PIV login flow from the login screen","duration":106.60754100000008,"failureMessages":[],"meta":{}}],"startTime":1773365392862,"endTime":1773365392968.6074,"status":"passed","message":"","name":"/Users/stefanocaruso/Desktop/Gauntlet AI/Shipshape/web/src/pages/Login.test.tsx"},{"assertionResults":[{"ancestorTitles":["DetailsExtension"],"fullName":"DetailsExtension should create a valid TipTap extension","status":"passed","title":"should create a valid TipTap extension","duration":0.5284999999998945,"failureMessages":[],"meta":{}},{"ancestorTitles":["DetailsExtension"],"fullName":"DetailsExtension should be configured as a block node with content","status":"passed","title":"should be configured as a block node with content","duration":0.2160839999999098,"failureMessages":[],"meta":{}},{"ancestorTitles":["DetailsExtension"],"fullName":"DetailsExtension should have addAttributes function defined","status":"passed","title":"should have addAttributes function defined","duration":0.07462500000019645,"failureMessages":[],"meta":{}},{"ancestorTitles":["DetailsExtension"],"fullName":"DetailsExtension should have parseHTML function defined","status":"passed","title":"should have parseHTML function defined","duration":0.20250000000010004,"failureMessages":[],"meta":{}},{"ancestorTitles":["DetailsExtension"],"fullName":"DetailsExtension should have renderHTML function defined","status":"passed","title":"should have renderHTML function defined","duration":0.0749999999998181,"failureMessages":[],"meta":{}},{"ancestorTitles":["DetailsExtension"],"fullName":"DetailsExtension should have addCommands function defined","status":"passed","title":"should have addCommands function defined","duration":0.04583299999990231,"failureMessages":[],"meta":{}},{"ancestorTitles":["DetailsExtension"],"fullName":"DetailsExtension should have addKeyboardShortcuts function defined","status":"passed","title":"should have addKeyboardShortcuts function defined","duration":0.13037499999995816,"failureMessages":[],"meta":{}},{"ancestorTitles":["DetailsExtension"],"fullName":"DetailsExtension should have addOptions function defined","status":"passed","title":"should have addOptions function defined","duration":0.05491699999993216,"failureMessages":[],"meta":{}},{"ancestorTitles":["DetailsExtension"],"fullName":"DetailsExtension should work in editor context","status":"passed","title":"should work in editor context","duration":43.68166599999995,"failureMessages":[],"meta":{}},{"ancestorTitles":["DetailsExtension"],"fullName":"DetailsExtension should allow inserting details via command","status":"passed","title":"should allow inserting details via command","duration":7.2834589999999935,"failureMessages":[],"meta":{}}],"startTime":1773365392752,"endTime":1773365392804.2834,"status":"passed","message":"","name":"/Users/stefanocaruso/Desktop/Gauntlet AI/Shipshape/web/src/components/editor/DetailsExtension.test.ts"},{"assertionResults":[{"ancestorTitles":["DragHandleExtension"],"fullName":"DragHandleExtension should have the correct name","status":"passed","title":"should have the correct name","duration":0.4615829999999619,"failureMessages":[],"meta":{}},{"ancestorTitles":["DragHandleExtension"],"fullName":"DragHandleExtension should be a valid TipTap extension","status":"passed","title":"should be a valid TipTap extension","duration":0.1536670000000413,"failureMessages":[],"meta":{}},{"ancestorTitles":["DragHandleExtension"],"fullName":"DragHandleExtension should create ProseMirror plugins when configured","status":"passed","title":"should create ProseMirror plugins when configured","duration":0.1303330000000642,"failureMessages":[],"meta":{}}],"startTime":1773365393161,"endTime":1773365393161.4617,"status":"passed","message":"","name":"/Users/stefanocaruso/Desktop/Gauntlet AI/Shipshape/web/src/components/editor/DragHandle.test.ts"},{"assertionResults":[{"ancestorTitles":["FileAttachmentExtension"],"fullName":"FileAttachmentExtension should create a valid TipTap extension","status":"passed","title":"should create a valid TipTap extension","duration":0.644666000000143,"failureMessages":[],"meta":{}},{"ancestorTitles":["FileAttachmentExtension"],"fullName":"FileAttachmentExtension should be configured as a block-level atom node","status":"passed","title":"should be configured as a block-level atom node","duration":0.15075000000001637,"failureMessages":[],"meta":{}},{"ancestorTitles":["FileAttachmentExtension"],"fullName":"FileAttachmentExtension should have addAttributes function defined","status":"passed","title":"should have addAttributes function defined","duration":0.07383299999992232,"failureMessages":[],"meta":{}},{"ancestorTitles":["FileAttachmentExtension"],"fullName":"FileAttachmentExtension should have parseHTML function defined","status":"passed","title":"should have parseHTML function defined","duration":0.18820900000014262,"failureMessages":[],"meta":{}},{"ancestorTitles":["FileAttachmentExtension"],"fullName":"FileAttachmentExtension should have renderHTML function defined","status":"passed","title":"should have renderHTML function defined","duration":0.08137499999997999,"failureMessages":[],"meta":{}},{"ancestorTitles":["FileAttachmentExtension"],"fullName":"FileAttachmentExtension should have addCommands function defined","status":"passed","title":"should have addCommands function defined","duration":0.09416699999997036,"failureMessages":[],"meta":{}},{"ancestorTitles":["FileAttachmentExtension"],"fullName":"FileAttachmentExtension should have a ReactNodeViewRenderer for custom rendering","status":"passed","title":"should have a ReactNodeViewRenderer for custom rendering","duration":0.08020799999985684,"failureMessages":[],"meta":{}},{"ancestorTitles":["FileAttachmentExtension"],"fullName":"FileAttachmentExtension should work in editor context","status":"passed","title":"should work in editor context","duration":47.78304200000002,"failureMessages":[],"meta":{}},{"ancestorTitles":["FileAttachmentExtension"],"fullName":"FileAttachmentExtension should allow inserting file attachment via command","status":"passed","title":"should allow inserting file attachment via command","duration":7.327166000000034,"failureMessages":[],"meta":{}}],"startTime":1773365392764,"endTime":1773365392820.3271,"status":"passed","message":"","name":"/Users/stefanocaruso/Desktop/Gauntlet AI/Shipshape/web/src/components/editor/FileAttachment.test.ts"},{"assertionResults":[{"ancestorTitles":["ImageUploadExtension"],"fullName":"ImageUploadExtension should create a valid TipTap extension","status":"passed","title":"should create a valid TipTap extension","duration":0.6710420000001704,"failureMessages":[],"meta":{}},{"ancestorTitles":["ImageUploadExtension"],"fullName":"ImageUploadExtension should accept callback options","status":"passed","title":"should accept callback options","duration":0.621708000000126,"failureMessages":[],"meta":{}},{"ancestorTitles":["ImageUploadExtension"],"fullName":"ImageUploadExtension should have default undefined options","status":"passed","title":"should have default undefined options","duration":0.12112500000012005,"failureMessages":[],"meta":{}},{"ancestorTitles":["ImageUploadExtension"],"fullName":"ImageUploadExtension should register ProseMirror plugins","status":"passed","title":"should register ProseMirror plugins","duration":0.3503330000000915,"failureMessages":[],"meta":{}}],"startTime":1773365392675,"endTime":1773365392676.3503,"status":"passed","message":"","name":"/Users/stefanocaruso/Desktop/Gauntlet AI/Shipshape/web/src/components/editor/ImageUpload.test.ts"},{"assertionResults":[{"ancestorTitles":["MentionExtension"],"fullName":"MentionExtension should create a valid TipTap extension","status":"passed","title":"should create a valid TipTap extension","duration":0.5593330000000378,"failureMessages":[],"meta":{}},{"ancestorTitles":["MentionExtension"],"fullName":"MentionExtension should configure with @ as trigger character","status":"passed","title":"should configure with @ as trigger character","duration":0.13850000000002183,"failureMessages":[],"meta":{}},{"ancestorTitles":["MentionExtension"],"fullName":"MentionExtension should accept onNavigate callback option","status":"passed","title":"should accept onNavigate callback option","duration":0.2014159999999947,"failureMessages":[],"meta":{}},{"ancestorTitles":["MentionExtension"],"fullName":"MentionExtension should have custom attributes for mentionType and documentType","status":"passed","title":"should have custom attributes for mentionType and documentType","duration":0.16791699999998855,"failureMessages":[],"meta":{}}],"startTime":1773365393208,"endTime":1773365393209.168,"status":"passed","message":"","name":"/Users/stefanocaruso/Desktop/Gauntlet AI/Shipshape/web/src/components/editor/MentionExtension.test.ts"},{"assertionResults":[{"ancestorTitles":["TableOfContentsExtension"],"fullName":"TableOfContentsExtension should create a valid TipTap extension","status":"passed","title":"should create a valid TipTap extension","duration":0.4074169999998958,"failureMessages":[],"meta":{}},{"ancestorTitles":["TableOfContentsExtension"],"fullName":"TableOfContentsExtension should be configured as a block node","status":"passed","title":"should be configured as a block node","duration":0.14237499999990177,"failureMessages":[],"meta":{}},{"ancestorTitles":["TableOfContentsExtension"],"fullName":"TableOfContentsExtension should have parseHTML function defined","status":"passed","title":"should have parseHTML function defined","duration":0.05283400000007532,"failureMessages":[],"meta":{}},{"ancestorTitles":["TableOfContentsExtension"],"fullName":"TableOfContentsExtension should have renderHTML function defined","status":"passed","title":"should have renderHTML function defined","duration":0.14208299999995688,"failureMessages":[],"meta":{}},{"ancestorTitles":["TableOfContentsExtension"],"fullName":"TableOfContentsExtension should have addNodeView function defined","status":"passed","title":"should have addNodeView function defined","duration":0.04916600000001381,"failureMessages":[],"meta":{}},{"ancestorTitles":["TableOfContentsExtension"],"fullName":"TableOfContentsExtension should extract headings from document","status":"passed","title":"should extract headings from document","duration":47.66841599999998,"failureMessages":[],"meta":{}},{"ancestorTitles":["TableOfContentsExtension"],"fullName":"TableOfContentsExtension should update when headings change","status":"passed","title":"should update when headings change","duration":10.960458000000017,"failureMessages":[],"meta":{}},{"ancestorTitles":["TableOfContentsExtension"],"fullName":"TableOfContentsExtension should handle empty document with no headings","status":"passed","title":"should handle empty document with no headings","duration":3.0438329999999496,"failureMessages":[],"meta":{}},{"ancestorTitles":["TableOfContentsExtension"],"fullName":"TableOfContentsExtension should preserve heading levels correctly","status":"passed","title":"should preserve heading levels correctly","duration":3.2949999999998454,"failureMessages":[],"meta":{}},{"ancestorTitles":["TableOfContentsExtension"],"fullName":"TableOfContentsExtension should work in editor context","status":"passed","title":"should work in editor context","duration":11.32245899999998,"failureMessages":[],"meta":{}}],"startTime":1773365392756,"endTime":1773365392833.3225,"status":"passed","message":"","name":"/Users/stefanocaruso/Desktop/Gauntlet AI/Shipshape/web/src/components/editor/TableOfContents.test.ts"},{"assertionResults":[{"ancestorTitles":["ScrollFade"],"fullName":"ScrollFade renders children correctly","status":"passed","title":"renders children correctly","duration":18.6032909999999,"failureMessages":[],"meta":{}},{"ancestorTitles":["ScrollFade"],"fullName":"ScrollFade applies custom className to wrapper","status":"passed","title":"applies custom className to wrapper","duration":2.1345420000000104,"failureMessages":[],"meta":{}},{"ancestorTitles":["ScrollFade"],"fullName":"ScrollFade renders gradient overlay element","status":"passed","title":"renders gradient overlay element","duration":3.039291999999932,"failureMessages":[],"meta":{}},{"ancestorTitles":["ScrollFade"],"fullName":"ScrollFade respects custom fadeHeight","status":"passed","title":"respects custom fadeHeight","duration":53.761875000000146,"failureMessages":[],"meta":{}},{"ancestorTitles":["ScrollFade"],"fullName":"ScrollFade gradient does not block pointer events","status":"passed","title":"gradient does not block pointer events","duration":1.7560410000000957,"failureMessages":[],"meta":{}}],"startTime":1773365392818,"endTime":1773365392897.756,"status":"passed","message":"","name":"/Users/stefanocaruso/Desktop/Gauntlet AI/Shipshape/web/src/components/ui/ScrollFade.test.tsx"},{"assertionResults":[{"ancestorTitles":["Icon types module"],"fullName":"Icon types module exports IconName type with at least 100 icons","status":"passed","title":"exports IconName type with at least 100 icons","duration":0.5892919999998867,"failureMessages":[],"meta":{}},{"ancestorTitles":["Icon types module"],"fullName":"Icon types module includes common USWDS icons","status":"passed","title":"includes common USWDS icons","duration":0.9236670000000231,"failureMessages":[],"meta":{}},{"ancestorTitles":["Icon types module"],"fullName":"Icon types module isValidIconName returns true for valid icons","status":"passed","title":"isValidIconName returns true for valid icons","duration":0.25987499999996544,"failureMessages":[],"meta":{}},{"ancestorTitles":["Icon types module"],"fullName":"Icon types module isValidIconName returns false for invalid icons","status":"passed","title":"isValidIconName returns false for invalid icons","duration":0.2767499999999927,"failureMessages":[],"meta":{}},{"ancestorTitles":["Icon types module"],"fullName":"Icon types module all ICON_NAMES pass validation","status":"passed","title":"all ICON_NAMES pass validation","duration":2.212582999999995,"failureMessages":[],"meta":{}},{"ancestorTitles":["Icon component behavior"],"fullName":"Icon component behavior exports Icon component from index","status":"passed","title":"exports Icon component from index","duration":78.66954099999998,"failureMessages":[],"meta":{}},{"ancestorTitles":["Icon component behavior"],"fullName":"Icon component behavior Icon component renders without crashing for invalid icon","status":"passed","title":"Icon component renders without crashing for invalid icon","duration":5.789708000000019,"failureMessages":[],"meta":{}},{"ancestorTitles":["IconProps interface"],"fullName":"IconProps interface requires name prop","status":"passed","title":"requires name prop","duration":0.057583999999906155,"failureMessages":[],"meta":{}},{"ancestorTitles":["IconProps interface"],"fullName":"IconProps interface className is optional","status":"passed","title":"className is optional","duration":0.1013749999999618,"failureMessages":[],"meta":{}},{"ancestorTitles":["IconProps interface"],"fullName":"IconProps interface title is optional","status":"passed","title":"title is optional","duration":0.040124999999989086,"failureMessages":[],"meta":{}}],"startTime":1773365392732,"endTime":1773365392821.1013,"status":"passed","message":"","name":"/Users/stefanocaruso/Desktop/Gauntlet AI/Shipshape/web/src/components/icons/uswds/Icon.test.tsx"}]}