{"numTotalTestSuites":204,"numPassedTestSuites":204,"numFailedTestSuites":0,"numPendingTestSuites":0,"numTotalTests":451,"numPassedTests":451,"numFailedTests":0,"numPendingTests":0,"numTodoTests":0,"snapshot":{"added":0,"failure":false,"filesAdded":0,"filesRemoved":0,"filesRemovedList":[],"filesUnmatched":0,"filesUpdated":0,"matched":0,"total":0,"unchecked":0,"uncheckedKeysByFile":[],"unmatched":0,"updated":0,"didUpdate":false},"startTime":1773281471790,"success":true,"testResults":[{"assertionResults":[{"ancestorTitles":["Activity API","GET /activity/:entityType/:entityId","successful activity retrieval"],"fullName":"Activity API GET /activity/:entityType/:entityId successful activity retrieval returns 30 days of activity for a program","status":"passed","title":"returns 30 days of activity for a program","duration":12.29487499999999,"failureMessages":[],"meta":{}},{"ancestorTitles":["Activity API","GET /activity/:entityType/:entityId","successful activity retrieval"],"fullName":"Activity API GET /activity/:entityType/:entityId successful activity retrieval returns 30 days of activity for a project","status":"passed","title":"returns 30 days of activity for a project","duration":2.2661659999999983,"failureMessages":[],"meta":{}},{"ancestorTitles":["Activity API","GET /activity/:entityType/:entityId","successful activity retrieval"],"fullName":"Activity API GET /activity/:entityType/:entityId successful activity retrieval returns 30 days of activity for a sprint","status":"passed","title":"returns 30 days of activity for a sprint","duration":1.7775829999999928,"failureMessages":[],"meta":{}},{"ancestorTitles":["Activity API","GET /activity/:entityType/:entityId","successful activity retrieval"],"fullName":"Activity API GET /activity/:entityType/:entityId successful activity retrieval returns empty array for entity with no activity","status":"passed","title":"returns empty array for entity with no activity","duration":2.209292000000005,"failureMessages":[],"meta":{}},{"ancestorTitles":["Activity API","GET /activity/:entityType/:entityId","error handling"],"fullName":"Activity API GET /activity/:entityType/:entityId error handling returns 400 for invalid entity type","status":"passed","title":"returns 400 for invalid entity type","duration":1.9963339999999903,"failureMessages":[],"meta":{}},{"ancestorTitles":["Activity API","GET /activity/:entityType/:entityId","error handling"],"fullName":"Activity API GET /activity/:entityType/:entityId error handling returns 404 when entity does not exist","status":"passed","title":"returns 404 when entity does not exist","duration":0.9470000000000027,"failureMessages":[],"meta":{}},{"ancestorTitles":["Activity API","GET /activity/:entityType/:entityId","error handling"],"fullName":"Activity API GET /activity/:entityType/:entityId error handling returns 404 when entity belongs to different workspace","status":"passed","title":"returns 404 when entity belongs to different workspace","duration":1.0242920000000026,"failureMessages":[],"meta":{}},{"ancestorTitles":["Activity API","GET /activity/:entityType/:entityId","error handling"],"fullName":"Activity API GET /activity/:entityType/:entityId error handling returns 500 on database error","status":"passed","title":"returns 500 on database error","duration":1.3770409999999913,"failureMessages":[],"meta":{}},{"ancestorTitles":["Activity API","GET /activity/:entityType/:entityId","workspace isolation"],"fullName":"Activity API GET /activity/:entityType/:entityId workspace isolation only queries entities in the authenticated workspace","status":"passed","title":"only queries entities in the authenticated workspace","duration":2.9225409999999954,"failureMessages":[],"meta":{}},{"ancestorTitles":["Activity API","GET /activity/:entityType/:entityId","date range validation"],"fullName":"Activity API GET /activity/:entityType/:entityId date range validation queries exactly 30 days of activity","status":"passed","title":"queries exactly 30 days of activity","duration":1.2308329999999899,"failureMessages":[],"meta":{}},{"ancestorTitles":["Activity API","GET /activity/:entityType/:entityId","entity type specific queries"],"fullName":"Activity API GET /activity/:entityType/:entityId entity type specific queries program query includes direct documents, projects, and sprints","status":"passed","title":"program query includes direct documents, projects, and sprints","duration":0.7537920000000042,"failureMessages":[],"meta":{}},{"ancestorTitles":["Activity API","GET /activity/:entityType/:entityId","entity type specific queries"],"fullName":"Activity API GET /activity/:entityType/:entityId entity type specific queries project query includes direct documents and sprints","status":"passed","title":"project query includes direct documents and sprints","duration":0.7406669999999735,"failureMessages":[],"meta":{}},{"ancestorTitles":["Activity API","GET /activity/:entityType/:entityId","entity type specific queries"],"fullName":"Activity API GET /activity/:entityType/:entityId entity type specific queries sprint query includes direct documents only","status":"passed","title":"sprint query includes direct documents only","duration":0.6710000000000207,"failureMessages":[],"meta":{}}],"startTime":1773281485461,"endTime":1773281485491.671,"status":"passed","message":"","name":"/Users/stefanocaruso/Desktop/Gauntlet/ShipShape/api/src/__tests__/activity.test.ts"},{"assertionResults":[{"ancestorTitles":["authMiddleware","session validation"],"fullName":"authMiddleware session validation returns 401 when no session cookie is present","status":"passed","title":"returns 401 when no session cookie is present","duration":1.988915999999989,"failureMessages":[],"meta":{}},{"ancestorTitles":["authMiddleware","session validation"],"fullName":"authMiddleware session validation returns 401 when session does not exist in database","status":"passed","title":"returns 401 when session does not exist in database","duration":0.5284169999999904,"failureMessages":[],"meta":{}},{"ancestorTitles":["authMiddleware","session validation"],"fullName":"authMiddleware session validation attaches session info to request for valid session","status":"passed","title":"attaches session info to request for valid session","duration":0.39449999999999363,"failureMessages":[],"meta":{}},{"ancestorTitles":["authMiddleware","session timeout handling"],"fullName":"authMiddleware session timeout handling returns 401 when session exceeds 15-minute inactivity timeout","status":"passed","title":"returns 401 when session exceeds 15-minute inactivity timeout","duration":0.5539169999999842,"failureMessages":[],"meta":{}},{"ancestorTitles":["authMiddleware","session timeout handling"],"fullName":"authMiddleware session timeout handling returns 401 when session exceeds 12-hour absolute timeout","status":"passed","title":"returns 401 when session exceeds 12-hour absolute timeout","duration":0.22091700000001424,"failureMessages":[],"meta":{}},{"ancestorTitles":["authMiddleware","session timeout handling"],"fullName":"authMiddleware session timeout handling deletes expired session from database","status":"passed","title":"deletes expired session from database","duration":0.23979099999999676,"failureMessages":[],"meta":{}},{"ancestorTitles":["authMiddleware","workspace access verification"],"fullName":"authMiddleware workspace access verification returns 403 when user no longer has workspace access","status":"passed","title":"returns 403 when user no longer has workspace access","duration":0.2555409999999938,"failureMessages":[],"meta":{}},{"ancestorTitles":["authMiddleware","workspace access verification"],"fullName":"authMiddleware workspace access verification skips workspace check for super-admin users","status":"passed","title":"skips workspace check for super-admin users","duration":0.0987920000000031,"failureMessages":[],"meta":{}},{"ancestorTitles":["authMiddleware","error handling"],"fullName":"authMiddleware error handling returns 500 on database error","status":"passed","title":"returns 500 on database error","duration":1.9565840000000208,"failureMessages":[],"meta":{}},{"ancestorTitles":["authMiddleware","sliding cookie expiration"],"fullName":"authMiddleware sliding cookie expiration refreshes cookie when activity is beyond 60s threshold","status":"passed","title":"refreshes cookie when activity is beyond 60s threshold","duration":0.27291700000000674,"failureMessages":[],"meta":{}},{"ancestorTitles":["authMiddleware","sliding cookie expiration"],"fullName":"authMiddleware sliding cookie expiration does NOT refresh cookie when activity is within 60s threshold","status":"passed","title":"does NOT refresh cookie when activity is within 60s threshold","duration":0.23799999999999955,"failureMessages":[],"meta":{}},{"ancestorTitles":["authMiddleware","bearer token authentication"],"fullName":"authMiddleware bearer token authentication authenticates with valid bearer token","status":"passed","title":"authenticates with valid bearer token","duration":0.2659580000000119,"failureMessages":[],"meta":{}},{"ancestorTitles":["authMiddleware","bearer token authentication"],"fullName":"authMiddleware bearer token authentication returns 401 for invalid bearer token","status":"passed","title":"returns 401 for invalid bearer token","duration":0.19204099999998903,"failureMessages":[],"meta":{}},{"ancestorTitles":["authMiddleware","bearer token authentication"],"fullName":"authMiddleware bearer token authentication returns 401 for revoked bearer token","status":"passed","title":"returns 401 for revoked bearer token","duration":0.08662499999999795,"failureMessages":[],"meta":{}},{"ancestorTitles":["authMiddleware","bearer token authentication"],"fullName":"authMiddleware bearer token authentication prefers bearer token over session cookie when both present","status":"passed","title":"prefers bearer token over session cookie when both present","duration":0.48854199999999537,"failureMessages":[],"meta":{}}],"startTime":1773281486453,"endTime":1773281486461.4885,"status":"passed","message":"","name":"/Users/stefanocaruso/Desktop/Gauntlet/ShipShape/api/src/__tests__/auth.test.ts"},{"assertionResults":[{"ancestorTitles":["extractHypothesisFromContent","successful extraction"],"fullName":"extractHypothesisFromContent successful extraction extracts hypothesis content from H2 section","status":"passed","title":"extracts hypothesis content from H2 section","duration":0.7230830000000026,"failureMessages":[],"meta":{}},{"ancestorTitles":["extractHypothesisFromContent","successful extraction"],"fullName":"extractHypothesisFromContent successful extraction extracts content until next H2 heading","status":"passed","title":"extracts content until next H2 heading","duration":0.16458299999999326,"failureMessages":[],"meta":{}},{"ancestorTitles":["extractHypothesisFromContent","successful extraction"],"fullName":"extractHypothesisFromContent successful extraction is case-insensitive for heading text","status":"passed","title":"is case-insensitive for heading text","duration":0.11320799999998599,"failureMessages":[],"meta":{}},{"ancestorTitles":["extractHypothesisFromContent","successful extraction"],"fullName":"extractHypothesisFromContent successful extraction extracts content to end of document if no next H2","status":"passed","title":"extracts content to end of document if no next H2","duration":0.239167000000009,"failureMessages":[],"meta":{}},{"ancestorTitles":["extractHypothesisFromContent","edge cases"],"fullName":"extractHypothesisFromContent edge cases returns null when no Hypothesis heading found","status":"passed","title":"returns null when no Hypothesis heading found","duration":0.11887500000000273,"failureMessages":[],"meta":{}},{"ancestorTitles":["extractHypothesisFromContent","edge cases"],"fullName":"extractHypothesisFromContent edge cases returns null when Hypothesis section is empty","status":"passed","title":"returns null when Hypothesis section is empty","duration":0.05404200000000969,"failureMessages":[],"meta":{}},{"ancestorTitles":["extractHypothesisFromContent","edge cases"],"fullName":"extractHypothesisFromContent edge cases returns null for invalid content types","status":"passed","title":"returns null for invalid content types","duration":0.1219159999999988,"failureMessages":[],"meta":{}},{"ancestorTitles":["extractHypothesisFromContent","edge cases"],"fullName":"extractHypothesisFromContent edge cases returns null when content is not a doc type","status":"passed","title":"returns null when content is not a doc type","duration":0.034874999999999545,"failureMessages":[],"meta":{}},{"ancestorTitles":["extractHypothesisFromContent","edge cases"],"fullName":"extractHypothesisFromContent edge cases handles nested text nodes correctly","status":"passed","title":"handles nested text nodes correctly","duration":0.16329099999998675,"failureMessages":[],"meta":{}},{"ancestorTitles":["extractHypothesisFromContent","edge cases"],"fullName":"extractHypothesisFromContent edge cases ignores H3 and other heading levels","status":"passed","title":"ignores H3 and other heading levels","duration":0.08704199999999673,"failureMessages":[],"meta":{}},{"ancestorTitles":["extractHypothesisFromContent","hypothesisBlock extraction"],"fullName":"extractHypothesisFromContent hypothesisBlock extraction extracts content from hypothesisBlock node","status":"passed","title":"extracts content from hypothesisBlock node","duration":0.040665999999987434,"failureMessages":[],"meta":{}},{"ancestorTitles":["extractHypothesisFromContent","hypothesisBlock extraction"],"fullName":"extractHypothesisFromContent hypothesisBlock extraction prefers hypothesisBlock over H2 heading format","status":"passed","title":"prefers hypothesisBlock over H2 heading format","duration":0.05079200000000128,"failureMessages":[],"meta":{}},{"ancestorTitles":["extractHypothesisFromContent","hypothesisBlock extraction"],"fullName":"extractHypothesisFromContent hypothesisBlock extraction returns null for empty hypothesisBlock","status":"passed","title":"returns null for empty hypothesisBlock","duration":0.029583999999999833,"failureMessages":[],"meta":{}},{"ancestorTitles":["extractHypothesisFromContent","hypothesisBlock extraction"],"fullName":"extractHypothesisFromContent hypothesisBlock extraction handles hypothesisBlock with multiple text nodes","status":"passed","title":"handles hypothesisBlock with multiple text nodes","duration":0.03816699999998718,"failureMessages":[],"meta":{}},{"ancestorTitles":["extractHypothesisFromContent","hypothesisBlock extraction"],"fullName":"extractHypothesisFromContent hypothesisBlock extraction skips empty hypothesisBlock and falls back to H2 heading","status":"passed","title":"skips empty hypothesisBlock and falls back to H2 heading","duration":0.04104100000000699,"failureMessages":[],"meta":{}},{"ancestorTitles":["extractSuccessCriteriaFromContent"],"fullName":"extractSuccessCriteriaFromContent extracts success criteria from H2 section","status":"passed","title":"extracts success criteria from H2 section","duration":0.1557499999999834,"failureMessages":[],"meta":{}},{"ancestorTitles":["extractSuccessCriteriaFromContent"],"fullName":"extractSuccessCriteriaFromContent is case-insensitive","status":"passed","title":"is case-insensitive","duration":0.03183400000000347,"failureMessages":[],"meta":{}},{"ancestorTitles":["extractSuccessCriteriaFromContent"],"fullName":"extractSuccessCriteriaFromContent returns null when not found","status":"passed","title":"returns null when not found","duration":0.0266250000000241,"failureMessages":[],"meta":{}},{"ancestorTitles":["extractVisionFromContent"],"fullName":"extractVisionFromContent extracts vision from H2 section","status":"passed","title":"extracts vision from H2 section","duration":0.05379099999998971,"failureMessages":[],"meta":{}},{"ancestorTitles":["extractVisionFromContent"],"fullName":"extractVisionFromContent is case-insensitive","status":"passed","title":"is case-insensitive","duration":0.03066599999999653,"failureMessages":[],"meta":{}},{"ancestorTitles":["extractVisionFromContent"],"fullName":"extractVisionFromContent returns null when not found","status":"passed","title":"returns null when not found","duration":0.024625000000014552,"failureMessages":[],"meta":{}},{"ancestorTitles":["extractGoalsFromContent"],"fullName":"extractGoalsFromContent extracts goals from H2 section","status":"passed","title":"extracts goals from H2 section","duration":0.0674590000000137,"failureMessages":[],"meta":{}},{"ancestorTitles":["extractGoalsFromContent"],"fullName":"extractGoalsFromContent is case-insensitive","status":"passed","title":"is case-insensitive","duration":0.028666999999984455,"failureMessages":[],"meta":{}},{"ancestorTitles":["extractGoalsFromContent"],"fullName":"extractGoalsFromContent returns null when not found","status":"passed","title":"returns null when not found","duration":0.025249999999999773,"failureMessages":[],"meta":{}},{"ancestorTitles":["checkDocumentCompleteness","project documents"],"fullName":"checkDocumentCompleteness project documents returns complete when plan and success_criteria are present","status":"passed","title":"returns complete when plan and success_criteria are present","duration":0.2695410000000038,"failureMessages":[],"meta":{}},{"ancestorTitles":["checkDocumentCompleteness","project documents"],"fullName":"checkDocumentCompleteness project documents returns incomplete when plan is missing","status":"passed","title":"returns incomplete when plan is missing","duration":0.29454099999998107,"failureMessages":[],"meta":{}},{"ancestorTitles":["checkDocumentCompleteness","project documents"],"fullName":"checkDocumentCompleteness project documents returns incomplete when success_criteria is missing","status":"passed","title":"returns incomplete when success_criteria is missing","duration":0.05912499999999454,"failureMessages":[],"meta":{}},{"ancestorTitles":["checkDocumentCompleteness","project documents"],"fullName":"checkDocumentCompleteness project documents returns incomplete when both are missing","status":"passed","title":"returns incomplete when both are missing","duration":0.07704099999997993,"failureMessages":[],"meta":{}},{"ancestorTitles":["checkDocumentCompleteness","project documents"],"fullName":"checkDocumentCompleteness project documents treats empty strings as missing","status":"passed","title":"treats empty strings as missing","duration":0.20229199999999992,"failureMessages":[],"meta":{}},{"ancestorTitles":["checkDocumentCompleteness","project documents"],"fullName":"checkDocumentCompleteness project documents handles null properties object","status":"passed","title":"handles null properties object","duration":0.055374999999997954,"failureMessages":[],"meta":{}},{"ancestorTitles":["checkDocumentCompleteness","sprint documents"],"fullName":"checkDocumentCompleteness sprint documents returns complete when plan present and has linked issues","status":"passed","title":"returns complete when plan present and has linked issues","duration":0.04487499999999045,"failureMessages":[],"meta":{}},{"ancestorTitles":["checkDocumentCompleteness","sprint documents"],"fullName":"checkDocumentCompleteness sprint documents returns complete when sprint has linked issues (plan check removed — plans are now weekly_plan documents)","status":"passed","title":"returns complete when sprint has linked issues (plan check removed — plans are now weekly_plan documents)","duration":0.08879199999998377,"failureMessages":[],"meta":{}},{"ancestorTitles":["checkDocumentCompleteness","sprint documents"],"fullName":"checkDocumentCompleteness sprint documents returns incomplete when no linked issues","status":"passed","title":"returns incomplete when no linked issues","duration":0.062207999999998265,"failureMessages":[],"meta":{}},{"ancestorTitles":["checkDocumentCompleteness","other document types"],"fullName":"checkDocumentCompleteness other document types returns complete for document types without requirements","status":"passed","title":"returns complete for document types without requirements","duration":0.04091700000000742,"failureMessages":[],"meta":{}},{"ancestorTitles":["checkDocumentCompleteness","other document types"],"fullName":"checkDocumentCompleteness other document types returns complete for wiki documents","status":"passed","title":"returns complete for wiki documents","duration":0.036000000000001364,"failureMessages":[],"meta":{}},{"ancestorTitles":["checkDocumentCompleteness","other document types"],"fullName":"checkDocumentCompleteness other document types returns complete for program documents","status":"passed","title":"returns complete for program documents","duration":0.036875000000009095,"failureMessages":[],"meta":{}}],"startTime":1773281485017,"endTime":1773281485022.041,"status":"passed","message":"","name":"/Users/stefanocaruso/Desktop/Gauntlet/ShipShape/api/src/__tests__/extractHypothesis.test.ts"},{"assertionResults":[{"ancestorTitles":["transformIssueLinks","pattern matching and transformation"],"fullName":"transformIssueLinks pattern matching and transformation transforms #123 pattern to clickable link","status":"passed","title":"transforms #123 pattern to clickable link","duration":1.7119580000000099,"failureMessages":[],"meta":{}},{"ancestorTitles":["transformIssueLinks","pattern matching and transformation"],"fullName":"transformIssueLinks pattern matching and transformation transforms \"issue #123\" pattern to clickable link","status":"passed","title":"transforms \"issue #123\" pattern to clickable link","duration":0.23699999999999477,"failureMessages":[],"meta":{}},{"ancestorTitles":["transformIssueLinks","pattern matching and transformation"],"fullName":"transformIssueLinks pattern matching and transformation transforms \"ISS-123\" pattern to clickable link","status":"passed","title":"transforms \"ISS-123\" pattern to clickable link","duration":0.13612499999999272,"failureMessages":[],"meta":{}},{"ancestorTitles":["transformIssueLinks","pattern matching and transformation"],"fullName":"transformIssueLinks pattern matching and transformation transforms multiple issue references in same text","status":"passed","title":"transforms multiple issue references in same text","duration":0.43054200000000264,"failureMessages":[],"meta":{}},{"ancestorTitles":["transformIssueLinks","pattern matching and transformation"],"fullName":"transformIssueLinks pattern matching and transformation queries database for all unique ticket numbers","status":"passed","title":"queries database for all unique ticket numbers","duration":0.8712080000000242,"failureMessages":[],"meta":{}},{"ancestorTitles":["transformIssueLinks","pattern matching and transformation"],"fullName":"transformIssueLinks pattern matching and transformation deduplicates ticket numbers in query","status":"passed","title":"deduplicates ticket numbers in query","duration":0.08029200000001424,"failureMessages":[],"meta":{}},{"ancestorTitles":["transformIssueLinks","edge cases"],"fullName":"transformIssueLinks edge cases does not transform text that already has marks","status":"passed","title":"does not transform text that already has marks","duration":0.18037499999999795,"failureMessages":[],"meta":{}},{"ancestorTitles":["transformIssueLinks","edge cases"],"fullName":"transformIssueLinks edge cases keeps issue reference as plain text when issue does not exist","status":"passed","title":"keeps issue reference as plain text when issue does not exist","duration":0.09620799999999008,"failureMessages":[],"meta":{}},{"ancestorTitles":["transformIssueLinks","edge cases"],"fullName":"transformIssueLinks edge cases transforms existing issues but not non-existent ones","status":"passed","title":"transforms existing issues but not non-existent ones","duration":0.3568750000000023,"failureMessages":[],"meta":{}},{"ancestorTitles":["transformIssueLinks","edge cases"],"fullName":"transformIssueLinks edge cases returns unchanged content when no issue patterns found","status":"passed","title":"returns unchanged content when no issue patterns found","duration":0.09233299999999645,"failureMessages":[],"meta":{}},{"ancestorTitles":["transformIssueLinks","edge cases"],"fullName":"transformIssueLinks edge cases returns unchanged content for invalid input","status":"passed","title":"returns unchanged content for invalid input","duration":0.08716699999999378,"failureMessages":[],"meta":{}},{"ancestorTitles":["transformIssueLinks","edge cases"],"fullName":"transformIssueLinks edge cases returns unchanged content when not a doc type","status":"passed","title":"returns unchanged content when not a doc type","duration":0.05170899999998824,"failureMessages":[],"meta":{}},{"ancestorTitles":["transformIssueLinks","edge cases"],"fullName":"transformIssueLinks edge cases handles empty document content","status":"passed","title":"handles empty document content","duration":0.04870800000000486,"failureMessages":[],"meta":{}},{"ancestorTitles":["transformIssueLinks","nested content structures"],"fullName":"transformIssueLinks nested content structures transforms issue links in nested paragraphs","status":"passed","title":"transforms issue links in nested paragraphs","duration":0.10254100000000221,"failureMessages":[],"meta":{}},{"ancestorTitles":["transformIssueLinks","nested content structures"],"fullName":"transformIssueLinks nested content structures transforms issue links in blockquotes","status":"passed","title":"transforms issue links in blockquotes","duration":0.10999999999998522,"failureMessages":[],"meta":{}},{"ancestorTitles":["transformIssueLinks","nested content structures"],"fullName":"transformIssueLinks nested content structures recursively transforms all nested issue references","status":"passed","title":"recursively transforms all nested issue references","duration":0.2512920000000065,"failureMessages":[],"meta":{}},{"ancestorTitles":["transformIssueLinks","workspace isolation"],"fullName":"transformIssueLinks workspace isolation only looks up issues in the specified workspace","status":"passed","title":"only looks up issues in the specified workspace","duration":0.12258299999999167,"failureMessages":[],"meta":{}},{"ancestorTitles":["transformIssueLinks","workspace isolation"],"fullName":"transformIssueLinks workspace isolation does not transform issues from other workspaces","status":"passed","title":"does not transform issues from other workspaces","duration":0.08354100000002518,"failureMessages":[],"meta":{}},{"ancestorTitles":["transformIssueLinks","case variations"],"fullName":"transformIssueLinks case variations handles \"issue #\" with various casings","status":"passed","title":"handles \"issue #\" with various casings","duration":0.06991700000000378,"failureMessages":[],"meta":{}},{"ancestorTitles":["transformIssueLinks","performance considerations"],"fullName":"transformIssueLinks performance considerations does not query database when no patterns detected","status":"passed","title":"does not query database when no patterns detected","duration":0.05299999999999727,"failureMessages":[],"meta":{}},{"ancestorTitles":["transformIssueLinks","performance considerations"],"fullName":"transformIssueLinks performance considerations makes single batch query for multiple issues","status":"passed","title":"makes single batch query for multiple issues","duration":0.04816699999997809,"failureMessages":[],"meta":{}}],"startTime":1773281486615,"endTime":1773281486621.1226,"status":"passed","message":"","name":"/Users/stefanocaruso/Desktop/Gauntlet/ShipShape/api/src/__tests__/transformIssueLinks.test.ts"},{"assertionResults":[{"ancestorTitles":["API Tokens","hashToken"],"fullName":"API Tokens hashToken returns consistent hash for same input","status":"passed","title":"returns consistent hash for same input","duration":0.9294579999999826,"failureMessages":[],"meta":{}},{"ancestorTitles":["API Tokens","hashToken"],"fullName":"API Tokens hashToken returns different hash for different input","status":"passed","title":"returns different hash for different input","duration":0.3067079999999862,"failureMessages":[],"meta":{}},{"ancestorTitles":["API Tokens","hashToken"],"fullName":"API Tokens hashToken returns 64-character hex string (SHA-256)","status":"passed","title":"returns 64-character hex string (SHA-256)","duration":0.624040999999977,"failureMessages":[],"meta":{}},{"ancestorTitles":["API Tokens","hashToken"],"fullName":"API Tokens hashToken is deterministic for token validation","status":"passed","title":"is deterministic for token validation","duration":0.20937500000002274,"failureMessages":[],"meta":{}}],"startTime":1773281486293,"endTime":1773281486294.624,"status":"passed","message":"","name":"/Users/stefanocaruso/Desktop/Gauntlet/ShipShape/api/src/routes/api-tokens.test.ts"},{"assertionResults":[{"ancestorTitles":["Associations Regression Tests","Issue CRUD with belongs_to associations"],"fullName":"Associations Regression Tests Issue CRUD with belongs_to associations creates issue with project and sprint associations via belongs_to","status":"passed","title":"creates issue with project and sprint associations via belongs_to","duration":20.38674999999995,"failureMessages":[],"meta":{}},{"ancestorTitles":["Associations Regression Tests","Issue CRUD with belongs_to associations"],"fullName":"Associations Regression Tests Issue CRUD with belongs_to associations reads issue with belongs_to array correctly","status":"passed","title":"reads issue with belongs_to array correctly","duration":6.404166999999973,"failureMessages":[],"meta":{}},{"ancestorTitles":["Associations Regression Tests","Move issue between sprints"],"fullName":"Associations Regression Tests Move issue between sprints moves issue from sprint 1 to sprint 2 via PATCH belongs_to","status":"passed","title":"moves issue from sprint 1 to sprint 2 via PATCH belongs_to","duration":9.462791999999979,"failureMessages":[],"meta":{}},{"ancestorTitles":["Associations Regression Tests","Move issue between sprints"],"fullName":"Associations Regression Tests Move issue between sprints removes issue from sprint by omitting sprint in belongs_to","status":"passed","title":"removes issue from sprint by omitting sprint in belongs_to","duration":7.7721670000000245,"failureMessages":[],"meta":{}},{"ancestorTitles":["Associations Regression Tests","Multi-parent associations"],"fullName":"Associations Regression Tests Multi-parent associations creates issue belonging to multiple projects","status":"passed","title":"creates issue belonging to multiple projects","duration":5.943833000000041,"failureMessages":[],"meta":{}},{"ancestorTitles":["Associations Regression Tests","Multi-parent associations"],"fullName":"Associations Regression Tests Multi-parent associations queries issues by project via association","status":"passed","title":"queries issues by project via association","duration":5.92429199999998,"failureMessages":[],"meta":{}},{"ancestorTitles":["Associations Regression Tests","Cascade delete behavior"],"fullName":"Associations Regression Tests Cascade delete behavior deleting document removes its associations from junction table","status":"passed","title":"deleting document removes its associations from junction table","duration":4.416375000000016,"failureMessages":[],"meta":{}},{"ancestorTitles":["Associations Regression Tests","Claude context API"],"fullName":"Associations Regression Tests Claude context API standup context returns issues via junction table","status":"passed","title":"standup context returns issues via junction table","duration":7.861999999999966,"failureMessages":[],"meta":{}},{"ancestorTitles":["Associations Regression Tests","Claude context API"],"fullName":"Associations Regression Tests Claude context API review context returns issues via junction table","status":"passed","title":"review context returns issues via junction table","duration":6.336958999999979,"failureMessages":[],"meta":{}},{"ancestorTitles":["Associations Regression Tests","Status cascade warning for parent issues"],"fullName":"Associations Regression Tests Status cascade warning for parent issues returns 409 warning when closing parent with incomplete children","status":"passed","title":"returns 409 warning when closing parent with incomplete children","duration":5.324207999999999,"failureMessages":[],"meta":{}},{"ancestorTitles":["Associations Regression Tests","Status cascade warning for parent issues"],"fullName":"Associations Regression Tests Status cascade warning for parent issues allows closing parent with confirm_orphan_children flag","status":"passed","title":"allows closing parent with confirm_orphan_children flag","duration":6.538833000000068,"failureMessages":[],"meta":{}},{"ancestorTitles":["Associations Regression Tests","Status cascade warning for parent issues"],"fullName":"Associations Regression Tests Status cascade warning for parent issues closes parent without warning if all children are done","status":"passed","title":"closes parent without warning if all children are done","duration":6.796041999999943,"failureMessages":[],"meta":{}}],"startTime":1773281479497,"endTime":1773281479590.7961,"status":"passed","message":"","name":"/Users/stefanocaruso/Desktop/Gauntlet/ShipShape/api/src/routes/associations-regression.test.ts"},{"assertionResults":[{"ancestorTitles":["Auth API","POST /api/auth/login"],"fullName":"Auth API POST /api/auth/login should reject login without email","status":"passed","title":"should reject login without email","duration":41.67133299999978,"failureMessages":[],"meta":{}},{"ancestorTitles":["Auth API","POST /api/auth/login"],"fullName":"Auth API POST /api/auth/login should reject login without password","status":"passed","title":"should reject login without password","duration":7.024375000000418,"failureMessages":[],"meta":{}},{"ancestorTitles":["Auth API","POST /api/auth/login"],"fullName":"Auth API POST /api/auth/login should reject login with non-existent email","status":"passed","title":"should reject login with non-existent email","duration":11.49304200000006,"failureMessages":[],"meta":{}},{"ancestorTitles":["Auth API","POST /api/auth/login"],"fullName":"Auth API POST /api/auth/login should reject login with wrong password","status":"passed","title":"should reject login with wrong password","duration":85.09220899999991,"failureMessages":[],"meta":{}},{"ancestorTitles":["Auth API","POST /api/auth/login"],"fullName":"Auth API POST /api/auth/login should accept valid credentials and set session cookie","status":"passed","title":"should accept valid credentials and set session cookie","duration":99.96416700000009,"failureMessages":[],"meta":{}},{"ancestorTitles":["Auth API","POST /api/auth/login"],"fullName":"Auth API POST /api/auth/login should handle case-insensitive email lookup","status":"passed","title":"should handle case-insensitive email lookup","duration":83.82387500000004,"failureMessages":[],"meta":{}},{"ancestorTitles":["Auth API","POST /api/auth/login"],"fullName":"Auth API POST /api/auth/login should reject PIV-only user attempting password login","status":"passed","title":"should reject PIV-only user attempting password login","duration":39.966125000000375,"failureMessages":[],"meta":{}},{"ancestorTitles":["Auth API","POST /api/auth/logout"],"fullName":"Auth API POST /api/auth/logout should reject logout without session","status":"passed","title":"should reject logout without session","duration":32.55766700000004,"failureMessages":[],"meta":{}},{"ancestorTitles":["Auth API","POST /api/auth/logout"],"fullName":"Auth API POST /api/auth/logout should successfully logout with valid session","status":"passed","title":"should successfully logout with valid session","duration":154.85991599999988,"failureMessages":[],"meta":{}},{"ancestorTitles":["Auth API","GET /api/auth/me"],"fullName":"Auth API GET /api/auth/me should reject request without session","status":"passed","title":"should reject request without session","duration":1.5225829999999405,"failureMessages":[],"meta":{}},{"ancestorTitles":["Auth API","GET /api/auth/me"],"fullName":"Auth API GET /api/auth/me should return user info for valid session","status":"passed","title":"should return user info for valid session","duration":8.8471669999999,"failureMessages":[],"meta":{}},{"ancestorTitles":["Auth API","GET /api/auth/me"],"fullName":"Auth API GET /api/auth/me should reject expired session","status":"passed","title":"should reject expired session","duration":9.07391699999971,"failureMessages":[],"meta":{}},{"ancestorTitles":["Auth API","POST /api/auth/extend-session"],"fullName":"Auth API POST /api/auth/extend-session should extend session expiry","status":"passed","title":"should extend session expiry","duration":153.53633299999956,"failureMessages":[],"meta":{}},{"ancestorTitles":["Auth API","GET /api/auth/session"],"fullName":"Auth API GET /api/auth/session should return session info","status":"passed","title":"should return session info","duration":144.64370899999994,"failureMessages":[],"meta":{}},{"ancestorTitles":["Auth API","Session Security"],"fullName":"Auth API Session Security should generate unique session IDs for each login","status":"passed","title":"should generate unique session IDs for each login","duration":344.36820799999987,"failureMessages":[],"meta":{}},{"ancestorTitles":["Auth API","Session Security"],"fullName":"Auth API Session Security should invalidate old session on re-login (session fixation prevention)","status":"passed","title":"should invalidate old session on re-login (session fixation prevention)","duration":270.6759170000005,"failureMessages":[],"meta":{}}],"startTime":1773281474939,"endTime":1773281476613.676,"status":"passed","message":"","name":"/Users/stefanocaruso/Desktop/Gauntlet/ShipShape/api/src/routes/auth.test.ts"},{"assertionResults":[{"ancestorTitles":["Backlinks API","GET /api/documents/:id/backlinks"],"fullName":"Backlinks API GET /api/documents/:id/backlinks should return documents that link to the target document","status":"passed","title":"should return documents that link to the target document","duration":11.886083000000042,"failureMessages":[],"meta":{}},{"ancestorTitles":["Backlinks API","GET /api/documents/:id/backlinks"],"fullName":"Backlinks API GET /api/documents/:id/backlinks should return empty array for document with no backlinks","status":"passed","title":"should return empty array for document with no backlinks","duration":6.71225000000004,"failureMessages":[],"meta":{}},{"ancestorTitles":["Backlinks API","GET /api/documents/:id/backlinks"],"fullName":"Backlinks API GET /api/documents/:id/backlinks should require authentication","status":"passed","title":"should require authentication","duration":4.007291000000009,"failureMessages":[],"meta":{}},{"ancestorTitles":["Backlinks API","GET /api/documents/:id/backlinks"],"fullName":"Backlinks API GET /api/documents/:id/backlinks should respect workspace scope","status":"passed","title":"should respect workspace scope","duration":7.684416999999996,"failureMessages":[],"meta":{}},{"ancestorTitles":["Backlinks API","GET /api/documents/:id/backlinks"],"fullName":"Backlinks API GET /api/documents/:id/backlinks should return 404 for non-existent document","status":"passed","title":"should return 404 for non-existent document","duration":4.4817919999999845,"failureMessages":[],"meta":{}},{"ancestorTitles":["Backlinks API","GET /api/documents/:id/backlinks"],"fullName":"Backlinks API GET /api/documents/:id/backlinks should include display_id for issue documents with ticket numbers","status":"passed","title":"should include display_id for issue documents with ticket numbers","duration":6.785708,"failureMessages":[],"meta":{}},{"ancestorTitles":["Backlinks API","GET /api/documents/:id/backlinks"],"fullName":"Backlinks API GET /api/documents/:id/backlinks should order backlinks by created_at DESC","status":"passed","title":"should order backlinks by created_at DESC","duration":5.456416999999988,"failureMessages":[],"meta":{}},{"ancestorTitles":["Backlinks API","POST /api/documents/:id/links"],"fullName":"Backlinks API POST /api/documents/:id/links should create links to target documents","status":"passed","title":"should create links to target documents","duration":11.083874999999978,"failureMessages":[],"meta":{}},{"ancestorTitles":["Backlinks API","POST /api/documents/:id/links"],"fullName":"Backlinks API POST /api/documents/:id/links should replace existing links","status":"passed","title":"should replace existing links","duration":6.686125000000004,"failureMessages":[],"meta":{}},{"ancestorTitles":["Backlinks API","POST /api/documents/:id/links"],"fullName":"Backlinks API POST /api/documents/:id/links should clear all links when target_ids is empty","status":"passed","title":"should clear all links when target_ids is empty","duration":5.171958000000018,"failureMessages":[],"meta":{}},{"ancestorTitles":["Backlinks API","POST /api/documents/:id/links"],"fullName":"Backlinks API POST /api/documents/:id/links should require authentication","status":"passed","title":"should require authentication","duration":3.6440000000000055,"failureMessages":[],"meta":{}},{"ancestorTitles":["Backlinks API","POST /api/documents/:id/links"],"fullName":"Backlinks API POST /api/documents/:id/links should validate input schema","status":"passed","title":"should validate input schema","duration":3.317165999999986,"failureMessages":[],"meta":{}},{"ancestorTitles":["Backlinks API","POST /api/documents/:id/links"],"fullName":"Backlinks API POST /api/documents/:id/links should reject invalid UUID in target_ids","status":"passed","title":"should reject invalid UUID in target_ids","duration":3.3902080000000296,"failureMessages":[],"meta":{}},{"ancestorTitles":["Backlinks API","POST /api/documents/:id/links"],"fullName":"Backlinks API POST /api/documents/:id/links should return 404 for non-existent source document","status":"passed","title":"should return 404 for non-existent source document","duration":3.747458999999992,"failureMessages":[],"meta":{}},{"ancestorTitles":["Backlinks API","POST /api/documents/:id/links"],"fullName":"Backlinks API POST /api/documents/:id/links should return 400 when target document does not exist","status":"passed","title":"should return 400 when target document does not exist","duration":4.0518749999999955,"failureMessages":[],"meta":{}},{"ancestorTitles":["Backlinks API","POST /api/documents/:id/links"],"fullName":"Backlinks API POST /api/documents/:id/links should respect workspace scope for source document","status":"passed","title":"should respect workspace scope for source document","duration":5.366917000000001,"failureMessages":[],"meta":{}},{"ancestorTitles":["Backlinks API","POST /api/documents/:id/links"],"fullName":"Backlinks API POST /api/documents/:id/links should respect workspace scope for target documents","status":"passed","title":"should respect workspace scope for target documents","duration":5.132750000000044,"failureMessages":[],"meta":{}}],"startTime":1773281481155,"endTime":1773281481254.1328,"status":"passed","message":"","name":"/Users/stefanocaruso/Desktop/Gauntlet/ShipShape/api/src/routes/backlinks.test.ts"},{"assertionResults":[{"ancestorTitles":["Circular Reference Protection","Self-reference prevention"],"fullName":"Circular Reference Protection Self-reference prevention should reject setting parent_id to own id","status":"passed","title":"should reject setting parent_id to own id","duration":2.3395000000000152,"failureMessages":[],"meta":{}},{"ancestorTitles":["Circular Reference Protection","Circular chain prevention (trigger)"],"fullName":"Circular Reference Protection Circular chain prevention (trigger) should allow valid parent chain A -> B -> C","status":"passed","title":"should allow valid parent chain A -> B -> C","duration":6.291415999999998,"failureMessages":[],"meta":{}},{"ancestorTitles":["Circular Reference Protection","Circular chain prevention (trigger)"],"fullName":"Circular Reference Protection Circular chain prevention (trigger) should reject circular reference A -> B -> C -> A","status":"passed","title":"should reject circular reference A -> B -> C -> A","duration":0.6862500000000011,"failureMessages":[],"meta":{}},{"ancestorTitles":["Circular Reference Protection","Circular chain prevention (trigger)"],"fullName":"Circular Reference Protection Circular chain prevention (trigger) should reject two-node cycle A -> B -> A","status":"passed","title":"should reject two-node cycle A -> B -> A","duration":5.489082999999994,"failureMessages":[],"meta":{}},{"ancestorTitles":["Circular Reference Protection","Deep nesting allowed"],"fullName":"Circular Reference Protection Deep nesting allowed should allow nesting up to 100 levels","status":"passed","title":"should allow nesting up to 100 levels","duration":10.388958000000002,"failureMessages":[],"meta":{}}],"startTime":1773281486074,"endTime":1773281486099.389,"status":"passed","message":"","name":"/Users/stefanocaruso/Desktop/Gauntlet/ShipShape/api/src/routes/circular-reference.test.ts"},{"assertionResults":[{"ancestorTitles":["Document Visibility","Basic visibility filtering"],"fullName":"Document Visibility Basic visibility filtering returns workspace docs to all workspace members","status":"passed","title":"returns workspace docs to all workspace members","duration":8.177208000000007,"failureMessages":[],"meta":{}},{"ancestorTitles":["Document Visibility","Basic visibility filtering"],"fullName":"Document Visibility Basic visibility filtering returns private docs only to creator","status":"passed","title":"returns private docs only to creator","duration":6.547125000000051,"failureMessages":[],"meta":{}},{"ancestorTitles":["Document Visibility","Basic visibility filtering"],"fullName":"Document Visibility Basic visibility filtering returns private docs to workspace admins","status":"passed","title":"returns private docs to workspace admins","duration":4.634249999999952,"failureMessages":[],"meta":{}},{"ancestorTitles":["Document Visibility","Basic visibility filtering"],"fullName":"Document Visibility Basic visibility filtering excludes other users private docs from list","status":"passed","title":"excludes other users private docs from list","duration":4.308124999999961,"failureMessages":[],"meta":{}},{"ancestorTitles":["Document Visibility","Single document access"],"fullName":"Document Visibility Single document access allows creator to access their private doc","status":"passed","title":"allows creator to access their private doc","duration":4.671792000000039,"failureMessages":[],"meta":{}},{"ancestorTitles":["Document Visibility","Single document access"],"fullName":"Document Visibility Single document access blocks non-creator from accessing private doc","status":"passed","title":"blocks non-creator from accessing private doc","duration":5.6941249999999854,"failureMessages":[],"meta":{}},{"ancestorTitles":["Document Visibility","Single document access"],"fullName":"Document Visibility Single document access allows admin to access any private doc","status":"passed","title":"allows admin to access any private doc","duration":3.8820420000000126,"failureMessages":[],"meta":{}},{"ancestorTitles":["Document Visibility","Single document access"],"fullName":"Document Visibility Single document access returns 404 for private doc accessed by non-creator","status":"passed","title":"returns 404 for private doc accessed by non-creator","duration":3.540457999999944,"failureMessages":[],"meta":{}},{"ancestorTitles":["Document Visibility","Creating documents"],"fullName":"Document Visibility Creating documents creates document with workspace visibility by default","status":"passed","title":"creates document with workspace visibility by default","duration":8.825459000000023,"failureMessages":[],"meta":{}},{"ancestorTitles":["Document Visibility","Creating documents"],"fullName":"Document Visibility Creating documents allows creating document with private visibility","status":"passed","title":"allows creating document with private visibility","duration":4.032625000000053,"failureMessages":[],"meta":{}},{"ancestorTitles":["Document Visibility","Creating documents"],"fullName":"Document Visibility Creating documents inherits visibility from parent document","status":"passed","title":"inherits visibility from parent document","duration":5.620707999999979,"failureMessages":[],"meta":{}},{"ancestorTitles":["Document Visibility","Updating visibility"],"fullName":"Document Visibility Updating visibility allows creator to change visibility to private","status":"passed","title":"allows creator to change visibility to private","duration":10.974458000000027,"failureMessages":[],"meta":{}},{"ancestorTitles":["Document Visibility","Updating visibility"],"fullName":"Document Visibility Updating visibility allows creator to change visibility to workspace","status":"passed","title":"allows creator to change visibility to workspace","duration":5.6006660000000466,"failureMessages":[],"meta":{}},{"ancestorTitles":["Document Visibility","Updating visibility"],"fullName":"Document Visibility Updating visibility cascades visibility change to child documents","status":"passed","title":"cascades visibility change to child documents","duration":7.888916999999992,"failureMessages":[],"meta":{}},{"ancestorTitles":["Document Visibility","Updating visibility"],"fullName":"Document Visibility Updating visibility prevents non-creator from changing visibility","status":"passed","title":"prevents non-creator from changing visibility","duration":3.93587500000001,"failureMessages":[],"meta":{}},{"ancestorTitles":["Document Visibility","Updating visibility"],"fullName":"Document Visibility Updating visibility allows admin to change any document visibility","status":"passed","title":"allows admin to change any document visibility","duration":26.105000000000018,"failureMessages":[],"meta":{}},{"ancestorTitles":["Document Visibility","Moving documents"],"fullName":"Document Visibility Moving documents updates visibility when moving private doc to workspace parent","status":"passed","title":"updates visibility when moving private doc to workspace parent","duration":5.9644590000000335,"failureMessages":[],"meta":{}},{"ancestorTitles":["Document Visibility","Moving documents"],"fullName":"Document Visibility Moving documents preserves visibility when moving workspace doc to workspace parent","status":"passed","title":"preserves visibility when moving workspace doc to workspace parent","duration":5.820708999999965,"failureMessages":[],"meta":{}},{"ancestorTitles":["Document Visibility","Search"],"fullName":"Document Visibility Search includes private docs in search for creator","status":"passed","title":"includes private docs in search for creator","duration":5.7791670000000295,"failureMessages":[],"meta":{}},{"ancestorTitles":["Document Visibility","Search"],"fullName":"Document Visibility Search excludes private docs from search for non-creator","status":"passed","title":"excludes private docs from search for non-creator","duration":6.102000000000089,"failureMessages":[],"meta":{}},{"ancestorTitles":["Document Visibility","Search"],"fullName":"Document Visibility Search includes private docs in search for admin","status":"passed","title":"includes private docs in search for admin","duration":5.321374999999989,"failureMessages":[],"meta":{}}],"startTime":1773281480036,"endTime":1773281480180.3213,"status":"passed","message":"","name":"/Users/stefanocaruso/Desktop/Gauntlet/ShipShape/api/src/routes/documents-visibility.test.ts"},{"assertionResults":[{"ancestorTitles":["Documents API - PATCH with Issue Fields","PATCH /api/documents/:id with top-level issue fields"],"fullName":"Documents API - PATCH with Issue Fields PATCH /api/documents/:id with top-level issue fields should accept state at top level and store in properties","status":"passed","title":"should accept state at top level and store in properties","duration":15.828291000000036,"failureMessages":[],"meta":{}},{"ancestorTitles":["Documents API - PATCH with Issue Fields","PATCH /api/documents/:id with top-level issue fields"],"fullName":"Documents API - PATCH with Issue Fields PATCH /api/documents/:id with top-level issue fields should accept priority at top level and store in properties","status":"passed","title":"should accept priority at top level and store in properties","duration":6.648374999999987,"failureMessages":[],"meta":{}},{"ancestorTitles":["Documents API - PATCH with Issue Fields","PATCH /api/documents/:id with top-level issue fields"],"fullName":"Documents API - PATCH with Issue Fields PATCH /api/documents/:id with top-level issue fields should accept estimate at top level and store in properties","status":"passed","title":"should accept estimate at top level and store in properties","duration":4.530958999999996,"failureMessages":[],"meta":{}},{"ancestorTitles":["Documents API - PATCH with Issue Fields","PATCH /api/documents/:id with top-level issue fields"],"fullName":"Documents API - PATCH with Issue Fields PATCH /api/documents/:id with top-level issue fields should accept assignee_id at top level and store in properties","status":"passed","title":"should accept assignee_id at top level and store in properties","duration":5.199084000000028,"failureMessages":[],"meta":{}},{"ancestorTitles":["Documents API - PATCH with Issue Fields","PATCH /api/documents/:id with top-level issue fields"],"fullName":"Documents API - PATCH with Issue Fields PATCH /api/documents/:id with top-level issue fields should accept null estimate to clear hours","status":"passed","title":"should accept null estimate to clear hours","duration":8.147832999999991,"failureMessages":[],"meta":{}},{"ancestorTitles":["Documents API - PATCH with Issue Fields","PATCH /api/documents/:id with top-level issue fields"],"fullName":"Documents API - PATCH with Issue Fields PATCH /api/documents/:id with top-level issue fields should accept belongs_to for sprint association","status":"passed","title":"should accept belongs_to for sprint association","duration":5.111499999999978,"failureMessages":[],"meta":{}},{"ancestorTitles":["Documents API - PATCH with Issue Fields","PATCH /api/documents/:id with top-level issue fields"],"fullName":"Documents API - PATCH with Issue Fields PATCH /api/documents/:id with top-level issue fields should accept multiple top-level fields in one request","status":"passed","title":"should accept multiple top-level fields in one request","duration":6.038958999999977,"failureMessages":[],"meta":{}},{"ancestorTitles":["Documents API - Weekly Doc Resubmission"],"fullName":"Documents API - Weekly Doc Resubmission moves plan_approval back to changed_since_approved after weekly plan edit","status":"passed","title":"moves plan_approval back to changed_since_approved after weekly plan edit","duration":6.683292000000051,"failureMessages":[],"meta":{}},{"ancestorTitles":["Documents API - Weekly Doc Resubmission"],"fullName":"Documents API - Weekly Doc Resubmission moves review_approval back to changed_since_approved after weekly retro edit","status":"passed","title":"moves review_approval back to changed_since_approved after weekly retro edit","duration":6.281624999999963,"failureMessages":[],"meta":{}},{"ancestorTitles":["Documents API - Delete","DELETE /api/documents/:id"],"fullName":"Documents API - Delete DELETE /api/documents/:id should delete a document and return 204","status":"passed","title":"should delete a document and return 204","duration":3.351415999999972,"failureMessages":[],"meta":{}},{"ancestorTitles":["Documents API - Delete","DELETE /api/documents/:id"],"fullName":"Documents API - Delete DELETE /api/documents/:id should return 404 when deleting non-existent document","status":"passed","title":"should return 404 when deleting non-existent document","duration":2.590334000000041,"failureMessages":[],"meta":{}},{"ancestorTitles":["Documents API - Delete","DELETE /api/documents/:id"],"fullName":"Documents API - Delete DELETE /api/documents/:id should return 403 when not authenticated (CSRF check runs first)","status":"passed","title":"should return 403 when not authenticated (CSRF check runs first)","duration":2.357584000000031,"failureMessages":[],"meta":{}},{"ancestorTitles":["Documents API - Delete","DELETE /api/documents/:id"],"fullName":"Documents API - Delete DELETE /api/documents/:id should return 404 when trying to delete document from another workspace","status":"passed","title":"should return 404 when trying to delete document from another workspace","duration":4.720124999999939,"failureMessages":[],"meta":{}},{"ancestorTitles":["Documents API - Delete","DELETE /api/documents/:id"],"fullName":"Documents API - Delete DELETE /api/documents/:id should allow deleting a document with children (cascade)","status":"passed","title":"should allow deleting a document with children (cascade)","duration":4.989500000000021,"failureMessages":[],"meta":{}},{"ancestorTitles":["Documents API - Delete","DELETE /api/documents/:id"],"fullName":"Documents API - Delete DELETE /api/documents/:id should return 403 when session is expired (CSRF check runs first)","status":"passed","title":"should return 403 when session is expired (CSRF check runs first)","duration":2.217624999999998,"failureMessages":[],"meta":{}},{"ancestorTitles":["Documents API - Conversion","POST /api/documents/:id/convert"],"fullName":"Documents API - Conversion POST /api/documents/:id/convert should convert issue to project and copy program associations","status":"passed","title":"should convert issue to project and copy program associations","duration":5.192625000000021,"failureMessages":[],"meta":{}},{"ancestorTitles":["Documents API - Conversion","POST /api/documents/:id/convert"],"fullName":"Documents API - Conversion POST /api/documents/:id/convert should convert project to issue and copy program associations","status":"passed","title":"should convert project to issue and copy program associations","duration":4.814249999999902,"failureMessages":[],"meta":{}},{"ancestorTitles":["Documents API - Conversion","POST /api/documents/:id/undo-conversion"],"fullName":"Documents API - Conversion POST /api/documents/:id/undo-conversion should undo conversion and restore original associations","status":"passed","title":"should undo conversion and restore original associations","duration":7.675374999999917,"failureMessages":[],"meta":{}},{"ancestorTitles":["Documents API - Conversion","POST /api/documents/:id/undo-conversion"],"fullName":"Documents API - Conversion POST /api/documents/:id/undo-conversion should have no orphaned associations after conversion/undo cycle","status":"passed","title":"should have no orphaned associations after conversion/undo cycle","duration":9.938416999999959,"failureMessages":[],"meta":{}}],"startTime":1773281478325,"endTime":1773281478453.9385,"status":"passed","message":"","name":"/Users/stefanocaruso/Desktop/Gauntlet/ShipShape/api/src/routes/documents.test.ts"},{"assertionResults":[{"ancestorTitles":["Files API"],"fullName":"Files API POST /api/files/upload returns 403 without valid session (CSRF blocks first)","status":"passed","title":"POST /api/files/upload returns 403 without valid session (CSRF blocks first)","duration":6.341916999999967,"failureMessages":[],"meta":{}},{"ancestorTitles":["Files API"],"fullName":"Files API POST /api/files/upload creates file record and returns upload URL","status":"passed","title":"POST /api/files/upload creates file record and returns upload URL","duration":7.069541999999956,"failureMessages":[],"meta":{}},{"ancestorTitles":["Files API"],"fullName":"Files API POST /api/files/upload rejects blocked file types","status":"passed","title":"POST /api/files/upload rejects blocked file types","duration":2.973707999999988,"failureMessages":[],"meta":{}},{"ancestorTitles":["Files API"],"fullName":"Files API POST /api/files/:id/confirm updates file status and returns CDN URL","status":"passed","title":"POST /api/files/:id/confirm updates file status and returns CDN URL","duration":6.7221250000000055,"failureMessages":[],"meta":{}},{"ancestorTitles":["Files API"],"fullName":"Files API POST /api/files/:id/confirm returns 404 for non-existent file","status":"passed","title":"POST /api/files/:id/confirm returns 404 for non-existent file","duration":3.2997080000000096,"failureMessages":[],"meta":{}},{"ancestorTitles":["Files API"],"fullName":"Files API GET /api/files/:id returns file metadata","status":"passed","title":"GET /api/files/:id returns file metadata","duration":10.196500000000015,"failureMessages":[],"meta":{}},{"ancestorTitles":["Files API"],"fullName":"Files API DELETE /api/files/:id deletes file record","status":"passed","title":"DELETE /api/files/:id deletes file record","duration":7.213000000000022,"failureMessages":[],"meta":{}}],"startTime":1773281483719,"endTime":1773281483762.213,"status":"passed","message":"","name":"/Users/stefanocaruso/Desktop/Gauntlet/ShipShape/api/src/routes/files.test.ts"},{"assertionResults":[{"ancestorTitles":["Health endpoint"],"fullName":"Health endpoint returns ok status","status":"passed","title":"returns ok status","duration":10.574999999999989,"failureMessages":[],"meta":{}}],"startTime":1773281485901,"endTime":1773281485911.575,"status":"passed","message":"","name":"/Users/stefanocaruso/Desktop/Gauntlet/ShipShape/api/src/routes/health.test.ts"},{"assertionResults":[{"ancestorTitles":["Issues History API","POST /api/issues/:id/history"],"fullName":"Issues History API POST /api/issues/:id/history creates history entry with valid data","status":"passed","title":"creates history entry with valid data","duration":12.989708000000007,"failureMessages":[],"meta":{}},{"ancestorTitles":["Issues History API","POST /api/issues/:id/history"],"fullName":"Issues History API POST /api/issues/:id/history creates history entry without automated_by","status":"passed","title":"creates history entry without automated_by","duration":2.362374999999986,"failureMessages":[],"meta":{}},{"ancestorTitles":["Issues History API","POST /api/issues/:id/history"],"fullName":"Issues History API POST /api/issues/:id/history returns 400 for missing field","status":"passed","title":"returns 400 for missing field","duration":1.468999999999994,"failureMessages":[],"meta":{}},{"ancestorTitles":["Issues History API","POST /api/issues/:id/history"],"fullName":"Issues History API POST /api/issues/:id/history returns 400 for empty field","status":"passed","title":"returns 400 for empty field","duration":1.4317920000000015,"failureMessages":[],"meta":{}},{"ancestorTitles":["Issues History API","POST /api/issues/:id/history"],"fullName":"Issues History API POST /api/issues/:id/history returns 400 for field too long","status":"passed","title":"returns 400 for field too long","duration":2.388791999999995,"failureMessages":[],"meta":{}},{"ancestorTitles":["Issues History API","POST /api/issues/:id/history"],"fullName":"Issues History API POST /api/issues/:id/history returns 404 for non-existent issue","status":"passed","title":"returns 404 for non-existent issue","duration":1.3988329999999962,"failureMessages":[],"meta":{}},{"ancestorTitles":["Issues History API","POST /api/issues/:id/history"],"fullName":"Issues History API POST /api/issues/:id/history accepts null values","status":"passed","title":"accepts null values","duration":1.1882090000000005,"failureMessages":[],"meta":{}},{"ancestorTitles":["Issues History API","GET /api/issues/:id/history"],"fullName":"Issues History API GET /api/issues/:id/history returns history entries with automated_by","status":"passed","title":"returns history entries with automated_by","duration":2.4286249999999825,"failureMessages":[],"meta":{}},{"ancestorTitles":["Issues History API","GET /api/issues/:id/history"],"fullName":"Issues History API GET /api/issues/:id/history returns 404 for non-existent issue","status":"passed","title":"returns 404 for non-existent issue","duration":3.890999999999991,"failureMessages":[],"meta":{}},{"ancestorTitles":["Issues History API","PATCH /api/issues/:id with claude_metadata"],"fullName":"Issues History API PATCH /api/issues/:id with claude_metadata accepts claude_metadata with telemetry","status":"passed","title":"accepts claude_metadata with telemetry","duration":1.6507089999999778,"failureMessages":[],"meta":{}},{"ancestorTitles":["Issues History API","PATCH /api/issues/:id with claude_metadata"],"fullName":"Issues History API PATCH /api/issues/:id with claude_metadata rejects claude_metadata with invalid confidence","status":"passed","title":"rejects claude_metadata with invalid confidence","duration":1.062708999999984,"failureMessages":[],"meta":{}},{"ancestorTitles":["Issues History API","PATCH /api/issues/:id with claude_metadata"],"fullName":"Issues History API PATCH /api/issues/:id with claude_metadata rejects claude_metadata with wrong updated_by","status":"passed","title":"rejects claude_metadata with wrong updated_by","duration":0.6708340000000135,"failureMessages":[],"meta":{}}],"startTime":1773281484637,"endTime":1773281484670.671,"status":"passed","message":"","name":"/Users/stefanocaruso/Desktop/Gauntlet/ShipShape/api/src/routes/issues-history.test.ts"},{"assertionResults":[{"ancestorTitles":["Issues API","GET /api/issues"],"fullName":"Issues API GET /api/issues should return list of issues","status":"passed","title":"should return list of issues","duration":7.5334589999999935,"failureMessages":[],"meta":{}},{"ancestorTitles":["Issues API","GET /api/issues"],"fullName":"Issues API GET /api/issues should filter issues by sprint_id","status":"passed","title":"should filter issues by sprint_id","duration":5.8910000000000196,"failureMessages":[],"meta":{}},{"ancestorTitles":["Issues API","GET /api/issues"],"fullName":"Issues API GET /api/issues should reject unauthenticated request","status":"passed","title":"should reject unauthenticated request","duration":1.5937910000000102,"failureMessages":[],"meta":{}},{"ancestorTitles":["Issues API","GET /api/issues/:id"],"fullName":"Issues API GET /api/issues/:id should return issue by id","status":"passed","title":"should return issue by id","duration":4.556874999999991,"failureMessages":[],"meta":{}},{"ancestorTitles":["Issues API","GET /api/issues/:id"],"fullName":"Issues API GET /api/issues/:id should return 404 for non-existent issue","status":"passed","title":"should return 404 for non-existent issue","duration":3.5607499999999845,"failureMessages":[],"meta":{}},{"ancestorTitles":["Issues API","GET /api/issues/by-ticket/:number"],"fullName":"Issues API GET /api/issues/by-ticket/:number should find issue by ticket number","status":"passed","title":"should find issue by ticket number","duration":2.9132079999999974,"failureMessages":[],"meta":{}},{"ancestorTitles":["Issues API","GET /api/issues/by-ticket/:number"],"fullName":"Issues API GET /api/issues/by-ticket/:number should return 404 for non-existent ticket number","status":"passed","title":"should return 404 for non-existent ticket number","duration":2.6402499999999804,"failureMessages":[],"meta":{}},{"ancestorTitles":["Issues API","POST /api/issues"],"fullName":"Issues API POST /api/issues should create a new issue","status":"passed","title":"should create a new issue","duration":14.855457999999999,"failureMessages":[],"meta":{}},{"ancestorTitles":["Issues API","POST /api/issues"],"fullName":"Issues API POST /api/issues should create issue with optional fields","status":"passed","title":"should create issue with optional fields","duration":4.88433299999997,"failureMessages":[],"meta":{}},{"ancestorTitles":["Issues API","POST /api/issues"],"fullName":"Issues API POST /api/issues should create issue without belongs_to (valid)","status":"passed","title":"should create issue without belongs_to (valid)","duration":4.639542000000006,"failureMessages":[],"meta":{}},{"ancestorTitles":["Issues API","PATCH /api/issues/:id"],"fullName":"Issues API PATCH /api/issues/:id should update issue title","status":"passed","title":"should update issue title","duration":4.762541000000056,"failureMessages":[],"meta":{}},{"ancestorTitles":["Issues API","PATCH /api/issues/:id"],"fullName":"Issues API PATCH /api/issues/:id should update issue state","status":"passed","title":"should update issue state","duration":4.416624999999954,"failureMessages":[],"meta":{}},{"ancestorTitles":["Issues API","PATCH /api/issues/:id"],"fullName":"Issues API PATCH /api/issues/:id should update issue belongs_to","status":"passed","title":"should update issue belongs_to","duration":4.847958999999946,"failureMessages":[],"meta":{}},{"ancestorTitles":["Issues API","PATCH /api/issues/:id"],"fullName":"Issues API PATCH /api/issues/:id should return 404 for non-existent issue","status":"passed","title":"should return 404 for non-existent issue","duration":2.432083000000034,"failureMessages":[],"meta":{}},{"ancestorTitles":["Issues API","DELETE /api/issues/:id"],"fullName":"Issues API DELETE /api/issues/:id should delete an issue","status":"passed","title":"should delete an issue","duration":5.789457999999968,"failureMessages":[],"meta":{}},{"ancestorTitles":["Issues API","GET /api/issues/:id/children"],"fullName":"Issues API GET /api/issues/:id/children should return child issues","status":"passed","title":"should return child issues","duration":3.158292000000074,"failureMessages":[],"meta":{}},{"ancestorTitles":["Issues API","POST /api/issues/bulk"],"fullName":"Issues API POST /api/issues/bulk should update multiple issues at once","status":"passed","title":"should update multiple issues at once","duration":12.11970800000006,"failureMessages":[],"meta":{}},{"ancestorTitles":["Issues API","POST /api/issues/bulk"],"fullName":"Issues API POST /api/issues/bulk should bulk archive issues","status":"passed","title":"should bulk archive issues","duration":3.536207999999988,"failureMessages":[],"meta":{}},{"ancestorTitles":["Issues API","State Transitions"],"fullName":"Issues API State Transitions should transition from backlog to in_progress","status":"passed","title":"should transition from backlog to in_progress","duration":4.3825409999999465,"failureMessages":[],"meta":{}},{"ancestorTitles":["Issues API","State Transitions"],"fullName":"Issues API State Transitions should transition from in_progress to in_review","status":"passed","title":"should transition from in_progress to in_review","duration":3.973333000000025,"failureMessages":[],"meta":{}},{"ancestorTitles":["Issues API","State Transitions"],"fullName":"Issues API State Transitions should transition from in_review to done","status":"passed","title":"should transition from in_review to done","duration":5.153541000000018,"failureMessages":[],"meta":{}}],"startTime":1773281478941,"endTime":1773281479054.1536,"status":"passed","message":"","name":"/Users/stefanocaruso/Desktop/Gauntlet/ShipShape/api/src/routes/issues.test.ts"},{"assertionResults":[{"ancestorTitles":["Iterations API","POST /api/weeks/:id/iterations"],"fullName":"Iterations API POST /api/weeks/:id/iterations creates iteration with valid data","status":"passed","title":"creates iteration with valid data","duration":12.792209000000014,"failureMessages":[],"meta":{}},{"ancestorTitles":["Iterations API","POST /api/weeks/:id/iterations"],"fullName":"Iterations API POST /api/weeks/:id/iterations returns 400 for invalid status","status":"passed","title":"returns 400 for invalid status","duration":2.480084000000005,"failureMessages":[],"meta":{}},{"ancestorTitles":["Iterations API","POST /api/weeks/:id/iterations"],"fullName":"Iterations API POST /api/weeks/:id/iterations returns 400 for missing story_title","status":"passed","title":"returns 400 for missing story_title","duration":1.370834000000002,"failureMessages":[],"meta":{}},{"ancestorTitles":["Iterations API","POST /api/weeks/:id/iterations"],"fullName":"Iterations API POST /api/weeks/:id/iterations returns 404 for non-existent sprint","status":"passed","title":"returns 404 for non-existent sprint","duration":1.5726250000000164,"failureMessages":[],"meta":{}},{"ancestorTitles":["Iterations API","GET /api/weeks/:id/iterations"],"fullName":"Iterations API GET /api/weeks/:id/iterations returns iterations for sprint","status":"passed","title":"returns iterations for sprint","duration":3.0447499999999934,"failureMessages":[],"meta":{}},{"ancestorTitles":["Iterations API","GET /api/weeks/:id/iterations"],"fullName":"Iterations API GET /api/weeks/:id/iterations returns 404 for non-existent sprint","status":"passed","title":"returns 404 for non-existent sprint","duration":1.0790839999999946,"failureMessages":[],"meta":{}},{"ancestorTitles":["Iterations API","GET /api/weeks/:id/iterations"],"fullName":"Iterations API GET /api/weeks/:id/iterations filters by status","status":"passed","title":"filters by status","duration":1.2462090000000217,"failureMessages":[],"meta":{}}],"startTime":1773281485225,"endTime":1773281485248.246,"status":"passed","message":"","name":"/Users/stefanocaruso/Desktop/Gauntlet/ShipShape/api/src/routes/iterations.test.ts"},{"assertionResults":[{"ancestorTitles":["Project Retros API","GET /api/projects/:id/retro"],"fullName":"Project Retros API GET /api/projects/:id/retro returns pre-filled draft with is_draft: true for project without retro","status":"passed","title":"returns pre-filled draft with is_draft: true for project without retro","duration":7.731334000000004,"failureMessages":[],"meta":{}},{"ancestorTitles":["Project Retros API","GET /api/projects/:id/retro"],"fullName":"Project Retros API GET /api/projects/:id/retro pre-fill includes monetary_impact_expected from project properties","status":"passed","title":"pre-fill includes monetary_impact_expected from project properties","duration":5.230208000000005,"failureMessages":[],"meta":{}},{"ancestorTitles":["Project Retros API","GET /api/projects/:id/retro"],"fullName":"Project Retros API GET /api/projects/:id/retro pre-fill includes sprints list associated with project","status":"passed","title":"pre-fill includes sprints list associated with project","duration":6.398540999999966,"failureMessages":[],"meta":{}},{"ancestorTitles":["Project Retros API","GET /api/projects/:id/retro"],"fullName":"Project Retros API GET /api/projects/:id/retro pre-fill includes issues categorized (completed/active/cancelled)","status":"passed","title":"pre-fill includes issues categorized (completed/active/cancelled)","duration":7.366165999999964,"failureMessages":[],"meta":{}},{"ancestorTitles":["Project Retros API","GET /api/projects/:id/retro"],"fullName":"Project Retros API GET /api/projects/:id/retro returns 404 for non-existent project","status":"passed","title":"returns 404 for non-existent project","duration":4.5340419999999995,"failureMessages":[],"meta":{}},{"ancestorTitles":["Project Retros API","POST /api/projects/:id/retro"],"fullName":"Project Retros API POST /api/projects/:id/retro updates project properties (plan_validated, monetary_impact_actual, etc)","status":"passed","title":"updates project properties (plan_validated, monetary_impact_actual, etc)","duration":9.115166999999985,"failureMessages":[],"meta":{}},{"ancestorTitles":["Project Retros API","POST /api/projects/:id/retro"],"fullName":"Project Retros API POST /api/projects/:id/retro returns 403 without auth (CSRF check first)","status":"passed","title":"returns 403 without auth (CSRF check first)","duration":5.204583000000014,"failureMessages":[],"meta":{}},{"ancestorTitles":["Project Retros API","POST /api/projects/:id/retro"],"fullName":"Project Retros API POST /api/projects/:id/retro returns 404 for non-existent project","status":"passed","title":"returns 404 for non-existent project","duration":4.152375000000006,"failureMessages":[],"meta":{}},{"ancestorTitles":["Project Retros API","PATCH /api/projects/:id/retro"],"fullName":"Project Retros API PATCH /api/projects/:id/retro updates existing retro properties","status":"passed","title":"updates existing retro properties","duration":8.359582999999986,"failureMessages":[],"meta":{}},{"ancestorTitles":["Project Retros API","PATCH /api/projects/:id/retro"],"fullName":"Project Retros API PATCH /api/projects/:id/retro returns 404 for user not in workspace (non-member)","status":"passed","title":"returns 404 for user not in workspace (non-member)","duration":6.76520899999997,"failureMessages":[],"meta":{}},{"ancestorTitles":["Project Retros API","PATCH /api/projects/:id/retro"],"fullName":"Project Retros API PATCH /api/projects/:id/retro returns 404 for non-existent project","status":"passed","title":"returns 404 for non-existent project","duration":8.150291999999979,"failureMessages":[],"meta":{}}],"startTime":1773281482725,"endTime":1773281482798.1504,"status":"passed","message":"","name":"/Users/stefanocaruso/Desktop/Gauntlet/ShipShape/api/src/routes/project-retros.test.ts"},{"assertionResults":[{"ancestorTitles":["Projects API","GET /api/projects"],"fullName":"Projects API GET /api/projects returns array with ice_score computed field","status":"passed","title":"returns array with ice_score computed field","duration":9.565958999999992,"failureMessages":[],"meta":{}},{"ancestorTitles":["Projects API","GET /api/projects"],"fullName":"Projects API GET /api/projects returns projects sorted by ice_score descending by default","status":"passed","title":"returns projects sorted by ice_score descending by default","duration":1.9182910000000106,"failureMessages":[],"meta":{}},{"ancestorTitles":["Projects API","GET /api/projects"],"fullName":"Projects API GET /api/projects sorts by ice_score ascending when dir=asc","status":"passed","title":"sorts by ice_score ascending when dir=asc","duration":1.4355840000000057,"failureMessages":[],"meta":{}},{"ancestorTitles":["Projects API","GET /api/projects"],"fullName":"Projects API GET /api/projects returns 400 for invalid sort field","status":"passed","title":"returns 400 for invalid sort field","duration":1.363917000000015,"failureMessages":[],"meta":{}},{"ancestorTitles":["Projects API","POST /api/projects"],"fullName":"Projects API POST /api/projects creates project without owner_id (optional)","status":"passed","title":"creates project without owner_id (optional)","duration":4.908792000000005,"failureMessages":[],"meta":{}},{"ancestorTitles":["Projects API","POST /api/projects"],"fullName":"Projects API POST /api/projects creates project with valid data including optional owner_id","status":"passed","title":"creates project with valid data including optional owner_id","duration":1.6234169999999608,"failureMessages":[],"meta":{}},{"ancestorTitles":["Projects API","POST /api/projects"],"fullName":"Projects API POST /api/projects uses null ICE values when not provided","status":"passed","title":"uses null ICE values when not provided","duration":1.5461250000000177,"failureMessages":[],"meta":{}},{"ancestorTitles":["Projects API","POST /api/projects"],"fullName":"Projects API POST /api/projects validates ICE scores are within 1-5 range","status":"passed","title":"validates ICE scores are within 1-5 range","duration":1.5074170000000322,"failureMessages":[],"meta":{}},{"ancestorTitles":["Projects API","GET /api/projects/:id"],"fullName":"Projects API GET /api/projects/:id returns project with ice_score computed","status":"passed","title":"returns project with ice_score computed","duration":2.651374999999973,"failureMessages":[],"meta":{}},{"ancestorTitles":["Projects API","GET /api/projects/:id"],"fullName":"Projects API GET /api/projects/:id returns 404 for non-existent project","status":"passed","title":"returns 404 for non-existent project","duration":0.9867499999999723,"failureMessages":[],"meta":{}},{"ancestorTitles":["Projects API","PATCH /api/projects/:id"],"fullName":"Projects API PATCH /api/projects/:id updates ICE properties","status":"passed","title":"updates ICE properties","duration":1.0900000000000318,"failureMessages":[],"meta":{}},{"ancestorTitles":["Projects API","PATCH /api/projects
[...]
n":0.9402090000000101,"failureMessages":[],"meta":{}},{"ancestorTitles":["API Content Preservation","Document Type Content Preservation"],"fullName":"API Content Preservation Document Type Content Preservation should preserve content for program document type","status":"passed","title":"should preserve content for program document type","duration":1.2412920000000156,"failureMessages":[],"meta":{}},{"ancestorTitles":["API Content Preservation","Content Update Scenarios"],"fullName":"API Content Preservation Content Update Scenarios should preserve content after PATCH /content update","status":"passed","title":"should preserve content after PATCH /content update","duration":1.7359160000000031,"failureMessages":[],"meta":{}},{"ancestorTitles":["API Content Preservation","Content Update Scenarios"],"fullName":"API Content Preservation Content Update Scenarios should handle Yjs state being persisted and reloaded","status":"passed","title":"should handle Yjs state being persisted and reloaded","duration":2.9869999999999948,"failureMessages":[],"meta":{}},{"ancestorTitles":["API Content Preservation","Edge Cases and Error Handling"],"fullName":"API Content Preservation Edge Cases and Error Handling should handle NULL content gracefully","status":"passed","title":"should handle NULL content gracefully","duration":1.1733750000000214,"failureMessages":[],"meta":{}},{"ancestorTitles":["API Content Preservation","Edge Cases and Error Handling"],"fullName":"API Content Preservation Edge Cases and Error Handling should handle empty content array gracefully","status":"passed","title":"should handle empty content array gracefully","duration":1.2561669999999765,"failureMessages":[],"meta":{}},{"ancestorTitles":["API Content Preservation","Edge Cases and Error Handling"],"fullName":"API Content Preservation Edge Cases and Error Handling should handle malformed content structure","status":"passed","title":"should handle malformed content structure","duration":1.1428750000000036,"failureMessages":[],"meta":{}},{"ancestorTitles":["API Content Preservation","Edge Cases and Error Handling"],"fullName":"API Content Preservation Edge Cases and Error Handling should handle content stored as JSON string","status":"passed","title":"should handle content stored as JSON string","duration":1.1483340000000055,"failureMessages":[],"meta":{}},{"ancestorTitles":["API Content Preservation","loadContentFromYjsState utility"],"fullName":"API Content Preservation loadContentFromYjsState utility should convert Yjs state buffer to TipTap JSON","status":"passed","title":"should convert Yjs state buffer to TipTap JSON","duration":0.43591699999998923,"failureMessages":[],"meta":{}},{"ancestorTitles":["API Content Preservation","Content invalidation and reload"],"fullName":"API Content Preservation Content invalidation and reload should correctly reload content after yjs_state is cleared","status":"passed","title":"should correctly reload content after yjs_state is cleared","duration":1.9327089999999885,"failureMessages":[],"meta":{}},{"ancestorTitles":["API Content Preservation","Content invalidation and reload"],"fullName":"API Content Preservation Content invalidation and reload should handle concurrent content updates gracefully","status":"passed","title":"should handle concurrent content updates gracefully","duration":2.8780000000000143,"failureMessages":[],"meta":{}}],"startTime":1773281484836,"endTime":1773281484870.878,"status":"passed","message":"","name":"/Users/stefanocaruso/Desktop/Gauntlet/ShipShape/api/src/collaboration/__tests__/api-content-preservation.test.ts"},{"assertionResults":[{"ancestorTitles":["Collaboration Server","Document ID Parsing"],"fullName":"Collaboration Server Document ID Parsing should extract UUID from doc:uuid format","status":"passed","title":"should extract UUID from doc:uuid format","duration":1.1040409999999952,"failureMessages":[],"meta":{}},{"ancestorTitles":["Collaboration Server","Document ID Parsing"],"fullName":"Collaboration Server Document ID Parsing should handle plain UUID format","status":"passed","title":"should handle plain UUID format","duration":0.6279589999999757,"failureMessages":[],"meta":{}},{"ancestorTitles":["Collaboration Server","Yjs Document State"],"fullName":"Collaboration Server Yjs Document State should create and persist Yjs state to database","status":"passed","title":"should create and persist Yjs state to database","duration":3.773583000000002,"failureMessages":[],"meta":{}},{"ancestorTitles":["Collaboration Server","Yjs Document State"],"fullName":"Collaboration Server Yjs Document State should merge concurrent Yjs updates correctly","status":"passed","title":"should merge concurrent Yjs updates correctly","duration":1.188083000000006,"failureMessages":[],"meta":{}},{"ancestorTitles":["Collaboration Server","Yjs JSON Conversion"],"fullName":"Collaboration Server Yjs JSON Conversion should convert TipTap JSON to Yjs and back","status":"passed","title":"should convert TipTap JSON to Yjs and back","duration":0.5345839999999953,"failureMessages":[],"meta":{}},{"ancestorTitles":["Collaboration Server","Yjs JSON Conversion"],"fullName":"Collaboration Server Yjs JSON Conversion should handle empty document conversion","status":"passed","title":"should handle empty document conversion","duration":0.09212500000001,"failureMessages":[],"meta":{}},{"ancestorTitles":["Collaboration Server","Yjs JSON Conversion"],"fullName":"Collaboration Server Yjs JSON Conversion should handle nested list structures","status":"passed","title":"should handle nested list structures","duration":0.25412500000001614,"failureMessages":[],"meta":{}},{"ancestorTitles":["Collaboration Server","Session Validation"],"fullName":"Collaboration Server Session Validation should validate session for WebSocket connection","status":"passed","title":"should validate session for WebSocket connection","duration":1.6169170000000008,"failureMessages":[],"meta":{}},{"ancestorTitles":["Collaboration Server","Session Validation"],"fullName":"Collaboration Server Session Validation should reject expired sessions","status":"passed","title":"should reject expired sessions","duration":1.44074999999998,"failureMessages":[],"meta":{}},{"ancestorTitles":["Collaboration Server","Session Validation"],"fullName":"Collaboration Server Session Validation should reject sessions past absolute timeout","status":"passed","title":"should reject sessions past absolute timeout","duration":1.2735000000000127,"failureMessages":[],"meta":{}},{"ancestorTitles":["Collaboration Server","Document Access Control"],"fullName":"Collaboration Server Document Access Control should allow workspace member to access workspace document","status":"passed","title":"should allow workspace member to access workspace document","duration":0.3492920000000197,"failureMessages":[],"meta":{}},{"ancestorTitles":["Collaboration Server","Document Access Control"],"fullName":"Collaboration Server Document Access Control should allow creator to access private document","status":"passed","title":"should allow creator to access private document","duration":1.806207999999998,"failureMessages":[],"meta":{}},{"ancestorTitles":["Collaboration Server","Document Access Control"],"fullName":"Collaboration Server Document Access Control should block non-creator from accessing private document","status":"passed","title":"should block non-creator from accessing private document","duration":1.2803749999999923,"failureMessages":[],"meta":{}},{"ancestorTitles":["Collaboration Server","Rate Limiting"],"fullName":"Collaboration Server Rate Limiting should have reasonable connection rate limit (30 per minute)","status":"passed","title":"should have reasonable connection rate limit (30 per minute)","duration":0.04545899999999392,"failureMessages":[],"meta":{}},{"ancestorTitles":["Collaboration Server","Rate Limiting"],"fullName":"Collaboration Server Rate Limiting should have reasonable message rate limit (50 per second)","status":"passed","title":"should have reasonable message rate limit (50 per second)","duration":0.033125000000012506,"failureMessages":[],"meta":{}},{"ancestorTitles":["Collaboration Server","Rate Limiting"],"fullName":"Collaboration Server Rate Limiting should use sliding window for rate limiting","status":"passed","title":"should use sliding window for rate limiting","duration":0.11025000000000773,"failureMessages":[],"meta":{}},{"ancestorTitles":["Collaboration Server","Document Persistence"],"fullName":"Collaboration Server Document Persistence should persist document state to database","status":"passed","title":"should persist document state to database","duration":0.8421659999999918,"failureMessages":[],"meta":{}},{"ancestorTitles":["Collaboration Server","Document Persistence"],"fullName":"Collaboration Server Document Persistence should load persisted Yjs state correctly","status":"passed","title":"should load persisted Yjs state correctly","duration":1.0925829999999905,"failureMessages":[],"meta":{}},{"ancestorTitles":["Collaboration Server","Document Persistence"],"fullName":"Collaboration Server Document Persistence should fallback to JSON content when no Yjs state exists","status":"passed","title":"should fallback to JSON content when no Yjs state exists","duration":1.2053750000000036,"failureMessages":[],"meta":{}},{"ancestorTitles":["Collaboration Server","Visibility Change Handling"],"fullName":"Collaboration Server Visibility Change Handling should allow visibility to be changed from workspace to private","status":"passed","title":"should allow visibility to be changed from workspace to private","duration":1.3827499999999873,"failureMessages":[],"meta":{}},{"ancestorTitles":["Collaboration Server","Visibility Change Handling"],"fullName":"Collaboration Server Visibility Change Handling should allow visibility to be changed from private to workspace","status":"passed","title":"should allow visibility to be changed from private to workspace","duration":1.4529579999999953,"failureMessages":[],"meta":{}},{"ancestorTitles":["Collaboration Server","Document Conversion Handling"],"fullName":"Collaboration Server Document Conversion Handling should support issue to project conversion","status":"passed","title":"should support issue to project conversion","duration":1.5264170000000092,"failureMessages":[],"meta":{}},{"ancestorTitles":["Collaboration Server","Document Conversion Handling"],"fullName":"Collaboration Server Document Conversion Handling should support project to issue conversion","status":"passed","title":"should support project to issue conversion","duration":1.4039999999999964,"failureMessages":[],"meta":{}},{"ancestorTitles":["Collaboration Server","Error Handling"],"fullName":"Collaboration Server Error Handling should handle invalid document ID gracefully","status":"passed","title":"should handle invalid document ID gracefully","duration":0.2797089999999969,"failureMessages":[],"meta":{}},{"ancestorTitles":["Collaboration Server","Error Handling"],"fullName":"Collaboration Server Error Handling should handle malformed UUID gracefully","status":"passed","title":"should handle malformed UUID gracefully","duration":0.8413749999999993,"failureMessages":[],"meta":{}},{"ancestorTitles":["Collaboration Server","Error Handling"],"fullName":"Collaboration Server Error Handling should handle null yjs_state during document load","status":"passed","title":"should handle null yjs_state during document load","duration":6.740166999999985,"failureMessages":[],"meta":{}},{"ancestorTitles":["Collaboration Server","Awareness Protocol"],"fullName":"Collaboration Server Awareness Protocol should track client IDs correctly","status":"passed","title":"should track client IDs correctly","duration":0.0989579999999819,"failureMessages":[],"meta":{}},{"ancestorTitles":["Collaboration Server","Awareness Protocol"],"fullName":"Collaboration Server Awareness Protocol should have unique client IDs for different docs","status":"passed","title":"should have unique client IDs for different docs","duration":0.37504100000001017,"failureMessages":[],"meta":{}},{"ancestorTitles":["Collaboration Server","Sync Protocol"],"fullName":"Collaboration Server Sync Protocol should generate sync messages","status":"passed","title":"should generate sync messages","duration":0.3032079999999837,"failureMessages":[],"meta":{}},{"ancestorTitles":["Collaboration Server","Sync Protocol"],"fullName":"Collaboration Server Sync Protocol should apply sync updates between docs","status":"passed","title":"should apply sync updates between docs","duration":0.39141599999999244,"failureMessages":[],"meta":{}}],"startTime":1773281484084,"endTime":1773281484118.3914,"status":"passed","message":"","name":"/Users/stefanocaruso/Desktop/Gauntlet/ShipShape/api/src/collaboration/__tests__/collaboration.test.ts"},{"assertionResults":[{"ancestorTitles":["business-days","isBusinessDay"],"fullName":"business-days isBusinessDay returns true for a regular weekday","status":"passed","title":"returns true for a regular weekday","duration":0.651457999999991,"failureMessages":[],"meta":{}},{"ancestorTitles":["business-days","isBusinessDay"],"fullName":"business-days isBusinessDay returns false for Saturday","status":"passed","title":"returns false for Saturday","duration":0.07279199999999264,"failureMessages":[],"meta":{}},{"ancestorTitles":["business-days","isBusinessDay"],"fullName":"business-days isBusinessDay returns false for Sunday","status":"passed","title":"returns false for Sunday","duration":0.12366699999998332,"failureMessages":[],"meta":{}},{"ancestorTitles":["business-days","isBusinessDay"],"fullName":"business-days isBusinessDay returns false for federal holidays","status":"passed","title":"returns false for federal holidays","duration":0.28366700000000833,"failureMessages":[],"meta":{}},{"ancestorTitles":["business-days","isBusinessDay"],"fullName":"business-days isBusinessDay returns false for observed holidays (July 4 2026 observed on Friday)","status":"passed","title":"returns false for observed holidays (July 4 2026 observed on Friday)","duration":0.07333299999999099,"failureMessages":[],"meta":{}},{"ancestorTitles":["business-days","isBusinessDay"],"fullName":"business-days isBusinessDay returns true for the day after a holiday","status":"passed","title":"returns true for the day after a holiday","duration":0.10137499999999022,"failureMessages":[],"meta":{}},{"ancestorTitles":["business-days","getNextBusinessDay"],"fullName":"business-days getNextBusinessDay returns Monday for Friday","status":"passed","title":"returns Monday for Friday","duration":0.09129100000001245,"failureMessages":[],"meta":{}},{"ancestorTitles":["business-days","getNextBusinessDay"],"fullName":"business-days getNextBusinessDay returns Monday for Saturday","status":"passed","title":"returns Monday for Saturday","duration":0.09495800000001964,"failureMessages":[],"meta":{}},{"ancestorTitles":["business-days","getNextBusinessDay"],"fullName":"business-days getNextBusinessDay returns Monday for Sunday","status":"passed","title":"returns Monday for Sunday","duration":0.1649590000000103,"failureMessages":[],"meta":{}},{"ancestorTitles":["business-days","getNextBusinessDay"],"fullName":"business-days getNextBusinessDay skips federal holidays","status":"passed","title":"skips federal holidays","duration":0.057165999999995165,"failureMessages":[],"meta":{}},{"ancestorTitles":["business-days","getNextBusinessDay"],"fullName":"business-days getNextBusinessDay skips weekends and holidays combined","status":"passed","title":"skips weekends and holidays combined","duration":0.03420900000000415,"failureMessages":[],"meta":{}},{"ancestorTitles":["business-days","addBusinessDays"],"fullName":"business-days addBusinessDays returns same date when adding 0 days","status":"passed","title":"returns same date when adding 0 days","duration":0.0433749999999975,"failureMessages":[],"meta":{}},{"ancestorTitles":["business-days","addBusinessDays"],"fullName":"business-days addBusinessDays adds 1 business day correctly","status":"passed","title":"adds 1 business day correctly","duration":0.033165999999994256,"failureMessages":[],"meta":{}},{"ancestorTitles":["business-days","addBusinessDays"],"fullName":"business-days addBusinessDays skips weekends when adding days","status":"passed","title":"skips weekends when adding days","duration":0.028041999999999234,"failureMessages":[],"meta":{}},{"ancestorTitles":["business-days","addBusinessDays"],"fullName":"business-days addBusinessDays handles multiple business days across weekends","status":"passed","title":"handles multiple business days across weekends","duration":0.07574999999999932,"failureMessages":[],"meta":{}},{"ancestorTitles":["business-days","addBusinessDays"],"fullName":"business-days addBusinessDays correctly skips holiday weeks","status":"passed","title":"correctly skips holiday weeks","duration":0.029166000000003578,"failureMessages":[],"meta":{}},{"ancestorTitles":["business-days","addBusinessDays"],"fullName":"business-days addBusinessDays handles negative days (subtracting)","status":"passed","title":"handles negative days (subtracting)","duration":0.0246670000000222,"failureMessages":[],"meta":{}},{"ancestorTitles":["business-days","addBusinessDays"],"fullName":"business-days addBusinessDays handles negative days across weekends","status":"passed","title":"handles negative days across weekends","duration":0.025666000000001077,"failureMessages":[],"meta":{}},{"ancestorTitles":["business-days","businessDaysBetween"],"fullName":"business-days businessDaysBetween returns 0 for same date","status":"passed","title":"returns 0 for same date","duration":0.0605419999999981,"failureMessages":[],"meta":{}},{"ancestorTitles":["business-days","businessDaysBetween"],"fullName":"business-days businessDaysBetween counts 1 business day correctly","status":"passed","title":"counts 1 business day correctly","duration":0.02687500000001819,"failureMessages":[],"meta":{}},{"ancestorTitles":["business-days","businessDaysBetween"],"fullName":"business-days businessDaysBetween excludes weekends from count","status":"passed","title":"excludes weekends from count","duration":0.0337910000000079,"failureMessages":[],"meta":{}},{"ancestorTitles":["business-days","businessDaysBetween"],"fullName":"business-days businessDaysBetween calculates correctly across holidays","status":"passed","title":"calculates correctly across holidays","duration":0.02750000000000341,"failureMessages":[],"meta":{}},{"ancestorTitles":["business-days","businessDaysBetween"],"fullName":"business-days businessDaysBetween handles negative ranges (end before start)","status":"passed","title":"handles negative ranges (end before start)","duration":0.038624999999996135,"failureMessages":[],"meta":{}},{"ancestorTitles":["business-days","businessDaysBetween"],"fullName":"business-days businessDaysBetween counts full week correctly","status":"passed","title":"counts full week correctly","duration":0.03054199999999696,"failureMessages":[],"meta":{}},{"ancestorTitles":["business-days","getFederalHolidays"],"fullName":"business-days getFederalHolidays returns 2025 holidays","status":"passed","title":"returns 2025 holidays","duration":0.49304100000000517,"failureMessages":[],"meta":{}},{"ancestorTitles":["business-days","getFederalHolidays"],"fullName":"business-days getFederalHolidays returns 2026 holidays","status":"passed","title":"returns 2026 holidays","duration":0.07337499999999864,"failureMessages":[],"meta":{}},{"ancestorTitles":["business-days","getFederalHolidays"],"fullName":"business-days getFederalHolidays returns empty array for unsupported years","status":"passed","title":"returns empty array for unsupported years","duration":0.2382910000000038,"failureMessages":[],"meta":{}}],"startTime":1773281483917,"endTime":1773281483920.2383,"status":"passed","message":"","name":"/Users/stefanocaruso/Desktop/Gauntlet/ShipShape/api/src/utils/__tests__/business-days.test.ts"}]}